[0.054s] Invoking command in '/home/user/ros2_ws/build/custom_interface': CMAKE_PREFIX_PATH=${CMAKE_PREFIX_PATH}:/home/simulations/ros2_sims_ws/install/rclrs_tests:/home/simulations/ros2_sims_ws/install/examples_rclrs_minimal_client_service:/home/simulations/ros2_sims_ws/install/sensor_msgs_py:/home/simulations/ros2_sims_ws/install/examples_rclrs_minimal_pub_sub:/home/simulations/ros2_sims_ws/install/examples_rclrs_message_demo:/home/simulations/ros2_sims_ws/install/rclrs:/home/simulations/ros2_sims_ws/install/rosidl_runtime_rs:/home/user/ros2_ws/install/project_path_planning:/home/user/ros2_ws/install/project_mapping:/home/user/ros2_ws/install/project_localization:/opt/ros/humble _=/usr/bin/env /usr/bin/cmake --build /home/user/ros2_ws/build/custom_interface -- -j8 -l8
[0.832s] [  3%] [34m[1mGenerating Rust code for ROS interfaces[0m
[0.833s] [ 12%] Built target custom_interface__rosidl_generator_c
[0.833s] [ 15%] Built target custom_interface__cpp
[0.833s] [ 15%] Built target ament_cmake_python_copy_custom_interface
[0.833s] [ 25%] Built target custom_interface__rosidl_typesupport_fastrtps_c
[0.833s] [ 34%] Built target custom_interface__rosidl_typesupport_introspection_c
[0.833s] [ 43%] Built target custom_interface__rosidl_typesupport_introspection_cpp
[0.833s] [ 53%] Built target custom_interface__rosidl_typesupport_c
[0.833s] [ 62%] Built target custom_interface__rosidl_typesupport_cpp
[0.834s] [ 71%] Built target custom_interface__rosidl_typesupport_fastrtps_cpp
[1.036s] [ 71%] Built target custom_interface__rs
[1.081s] [ 71%] Built target custom_interface
[1.146s] running egg_info
[1.147s] writing custom_interface.egg-info/PKG-INFO
[1.148s] writing dependency_links to custom_interface.egg-info/dependency_links.txt
[1.148s] writing top-level names to custom_interface.egg-info/top_level.txt
[1.151s] reading manifest file 'custom_interface.egg-info/SOURCES.txt'
[1.152s] writing manifest file 'custom_interface.egg-info/SOURCES.txt'
[1.154s] [ 75%] Built target custom_interface__py
[1.188s] [ 75%] Built target ament_cmake_python_build_custom_interface_egg
[1.232s] [ 81%] Built target custom_interface__rosidl_generator_py
[1.281s] [ 87%] Built target custom_interface__rosidl_typesupport_introspection_c__pyext
[1.283s] [ 93%] Built target custom_interface__rosidl_typesupport_c__pyext
[1.330s] [100%] Built target custom_interface__rosidl_typesupport_fastrtps_c__pyext
[1.512s] Invoked command in '/home/user/ros2_ws/build/custom_interface' returned '0': CMAKE_PREFIX_PATH=${CMAKE_PREFIX_PATH}:/home/simulations/ros2_sims_ws/install/rclrs_tests:/home/simulations/ros2_sims_ws/install/examples_rclrs_minimal_client_service:/home/simulations/ros2_sims_ws/install/sensor_msgs_py:/home/simulations/ros2_sims_ws/install/examples_rclrs_minimal_pub_sub:/home/simulations/ros2_sims_ws/install/examples_rclrs_message_demo:/home/simulations/ros2_sims_ws/install/rclrs:/home/simulations/ros2_sims_ws/install/rosidl_runtime_rs:/home/user/ros2_ws/install/project_path_planning:/home/user/ros2_ws/install/project_mapping:/home/user/ros2_ws/install/project_localization:/opt/ros/humble _=/usr/bin/env /usr/bin/cmake --build /home/user/ros2_ws/build/custom_interface -- -j8 -l8
[1.863s] Invoking command in '/home/user/ros2_ws/build/custom_interface': CMAKE_PREFIX_PATH=${CMAKE_PREFIX_PATH}:/home/simulations/ros2_sims_ws/install/rclrs_tests:/home/simulations/ros2_sims_ws/install/examples_rclrs_minimal_client_service:/home/simulations/ros2_sims_ws/install/sensor_msgs_py:/home/simulations/ros2_sims_ws/install/examples_rclrs_minimal_pub_sub:/home/simulations/ros2_sims_ws/install/examples_rclrs_message_demo:/home/simulations/ros2_sims_ws/install/rclrs:/home/simulations/ros2_sims_ws/install/rosidl_runtime_rs:/home/user/ros2_ws/install/project_path_planning:/home/user/ros2_ws/install/project_mapping:/home/user/ros2_ws/install/project_localization:/opt/ros/humble _=/usr/bin/env /usr/bin/cmake --install /home/user/ros2_ws/build/custom_interface
[1.877s] -- Install configuration: ""
[1.877s] -- Up-to-date: /home/user/ros2_ws/install/custom_interface/share/ament_index/resource_index/rosidl_interfaces/custom_interface
[1.877s] -- Up-to-date: /home/user/ros2_ws/install/custom_interface/include/custom_interface/custom_interface
[1.877s] -- Up-to-date: /home/user/ros2_ws/install/custom_interface/include/custom_interface/custom_interface/srv
[1.878s] -- Up-to-date: /home/user/ros2_ws/install/custom_interface/include/custom_interface/custom_interface/srv/detail
[1.878s] -- Up-to-date: /home/user/ros2_ws/install/custom_interface/include/custom_interface/custom_interface/srv/detail/my_service_message__struct.h
[1.878s] -- Up-to-date: /home/user/ros2_ws/install/custom_interface/include/custom_interface/custom_interface/srv/detail/my_service_message__functions.c
[1.878s] -- Up-to-date: /home/user/ros2_ws/install/custom_interface/include/custom_interface/custom_interface/srv/detail/my_service_message__functions.h
[1.878s] -- Up-to-date: /home/user/ros2_ws/install/custom_interface/include/custom_interface/custom_interface/srv/detail/my_service_message__type_support.h
[1.878s] -- Up-to-date: /home/user/ros2_ws/install/custom_interface/include/custom_interface/custom_interface/srv/my_service_message.h
[1.879s] -- Up-to-date: /home/user/ros2_ws/install/custom_interface/include/custom_interface/custom_interface/msg
[1.879s] -- Up-to-date: /home/user/ros2_ws/install/custom_interface/include/custom_interface/custom_interface/msg/rosidl_generator_c__visibility_control.h
[1.879s] -- Up-to-date: /home/user/ros2_ws/install/custom_interface/share/custom_interface/environment/library_path.sh
[1.879s] -- Up-to-date: /home/user/ros2_ws/install/custom_interface/share/custom_interface/environment/library_path.dsv
[1.880s] -- Up-to-date: /home/user/ros2_ws/install/custom_interface/lib/libcustom_interface__rosidl_generator_c.so
[1.880s] -- Up-to-date: /home/user/ros2_ws/install/custom_interface/include/custom_interface/custom_interface
[1.880s] -- Up-to-date: /home/user/ros2_ws/install/custom_interface/include/custom_interface/custom_interface/srv
[1.880s] -- Up-to-date: /home/user/ros2_ws/install/custom_interface/include/custom_interface/custom_interface/srv/detail
[1.880s] -- Up-to-date: /home/user/ros2_ws/install/custom_interface/include/custom_interface/custom_interface/srv/detail/my_service_message__rosidl_typesupport_fastrtps_c.h
[1.881s] -- Up-to-date: /home/user/ros2_ws/install/custom_interface/include/custom_interface/custom_interface/msg
[1.881s] -- Up-to-date: /home/user/ros2_ws/install/custom_interface/include/custom_interface/custom_interface/msg/rosidl_typesupport_fastrtps_c__visibility_control.h
[1.881s] -- Up-to-date: /home/user/ros2_ws/install/custom_interface/lib/libcustom_interface__rosidl_typesupport_fastrtps_c.so
[1.881s] -- Up-to-date: /home/user/ros2_ws/install/custom_interface/include/custom_interface/custom_interface
[1.881s] -- Up-to-date: /home/user/ros2_ws/install/custom_interface/include/custom_interface/custom_interface/srv
[1.881s] -- Up-to-date: /home/user/ros2_ws/install/custom_interface/include/custom_interface/custom_interface/srv/detail
[1.881s] -- Up-to-date: /home/user/ros2_ws/install/custom_interface/include/custom_interface/custom_interface/srv/detail/my_service_message__traits.hpp
[1.882s] -- Up-to-date: /home/user/ros2_ws/install/custom_interface/include/custom_interface/custom_interface/srv/detail/my_service_message__builder.hpp
[1.882s] -- Up-to-date: /home/user/ros2_ws/install/custom_interface/include/custom_interface/custom_interface/srv/detail/my_service_message__struct.hpp
[1.882s] -- Up-to-date: /home/user/ros2_ws/install/custom_interface/include/custom_interface/custom_interface/srv/my_service_message.hpp
[1.882s] -- Up-to-date: /home/user/ros2_ws/install/custom_interface/include/custom_interface/custom_interface
[1.882s] -- Up-to-date: /home/user/ros2_ws/install/custom_interface/include/custom_interface/custom_interface/srv
[1.882s] -- Up-to-date: /home/user/ros2_ws/install/custom_interface/include/custom_interface/custom_interface/srv/detail
[1.882s] -- Up-to-date: /home/user/ros2_ws/install/custom_interface/include/custom_interface/custom_interface/srv/detail/my_service_message__rosidl_typesupport_fastrtps_cpp.hpp
[1.883s] -- Up-to-date: /home/user/ros2_ws/install/custom_interface/include/custom_interface/custom_interface/srv/detail/dds_fastrtps
[1.883s] -- Up-to-date: /home/user/ros2_ws/install/custom_interface/include/custom_interface/custom_interface/msg
[1.883s] -- Up-to-date: /home/user/ros2_ws/install/custom_interface/include/custom_interface/custom_interface/msg/rosidl_typesupport_fastrtps_cpp__visibility_control.h
[1.883s] -- Up-to-date: /home/user/ros2_ws/install/custom_interface/lib/libcustom_interface__rosidl_typesupport_fastrtps_cpp.so
[1.884s] -- Up-to-date: /home/user/ros2_ws/install/custom_interface/include/custom_interface/custom_interface
[1.884s] -- Up-to-date: /home/user/ros2_ws/install/custom_interface/include/custom_interface/custom_interface/srv
[1.884s] -- Up-to-date: /home/user/ros2_ws/install/custom_interface/include/custom_interface/custom_interface/srv/detail
[1.884s] -- Up-to-date: /home/user/ros2_ws/install/custom_interface/include/custom_interface/custom_interface/srv/detail/my_service_message__rosidl_typesupport_introspection_c.h
[1.885s] -- Up-to-date: /home/user/ros2_ws/install/custom_interface/include/custom_interface/custom_interface/srv/detail/my_service_message__type_support.c
[1.885s] -- Up-to-date: /home/user/ros2_ws/install/custom_interface/include/custom_interface/custom_interface/msg
[1.885s] -- Up-to-date: /home/user/ros2_ws/install/custom_interface/include/custom_interface/custom_interface/msg/rosidl_typesupport_introspection_c__visibility_control.h
[1.885s] -- Up-to-date: /home/user/ros2_ws/install/custom_interface/lib/libcustom_interface__rosidl_typesupport_introspection_c.so
[1.886s] -- Up-to-date: /home/user/ros2_ws/install/custom_interface/lib/libcustom_interface__rosidl_typesupport_c.so
[1.886s] -- Up-to-date: /home/user/ros2_ws/install/custom_interface/include/custom_interface/custom_interface
[1.886s] -- Up-to-date: /home/user/ros2_ws/install/custom_interface/include/custom_interface/custom_interface/srv
[1.886s] -- Up-to-date: /home/user/ros2_ws/install/custom_interface/include/custom_interface/custom_interface/srv/detail
[1.886s] -- Up-to-date: /home/user/ros2_ws/install/custom_interface/include/custom_interface/custom_interface/srv/detail/my_service_message__type_support.cpp
[1.887s] -- Up-to-date: /home/user/ros2_ws/install/custom_interface/include/custom_interface/custom_interface/srv/detail/my_service_message__rosidl_typesupport_introspection_cpp.hpp
[1.887s] -- Up-to-date: /home/user/ros2_ws/install/custom_interface/lib/libcustom_interface__rosidl_typesupport_introspection_cpp.so
[1.887s] -- Up-to-date: /home/user/ros2_ws/install/custom_interface/lib/libcustom_interface__rosidl_typesupport_cpp.so
[1.887s] -- Up-to-date: /home/user/ros2_ws/install/custom_interface/share/ament_index/resource_index/rust_packages/custom_interface
[1.887s] -- Up-to-date: /home/user/ros2_ws/install/custom_interface/share/custom_interface/rust
[1.887s] -- Installing: /home/user/ros2_ws/install/custom_interface/share/custom_interface/rust/Cargo.toml
[1.888s] -- Up-to-date: /home/user/ros2_ws/install/custom_interface/share/custom_interface/rust/src
[1.888s] -- Installing: /home/user/ros2_ws/install/custom_interface/share/custom_interface/rust/src/srv.rs
[1.888s] -- Installing: /home/user/ros2_ws/install/custom_interface/share/custom_interface/rust/src/lib.rs
[1.888s] -- Installing: /home/user/ros2_ws/install/custom_interface/share/custom_interface/rust/build.rs
[1.888s] -- Up-to-date: /home/user/ros2_ws/install/custom_interface/share/custom_interface/rust
[1.888s] -- Up-to-date: /home/user/ros2_ws/install/custom_interface/share/custom_interface/rust/Cargo.toml
[1.888s] -- Up-to-date: /home/user/ros2_ws/install/custom_interface/share/custom_interface/rust/src
[1.888s] -- Up-to-date: /home/user/ros2_ws/install/custom_interface/share/custom_interface/rust/src/srv.rs
[1.889s] -- Up-to-date: /home/user/ros2_ws/install/custom_interface/share/custom_interface/rust/src/lib.rs
[1.889s] -- Up-to-date: /home/user/ros2_ws/install/custom_interface/share/custom_interface/rust/build.rs
[1.889s] -- Up-to-date: /home/user/ros2_ws/install/custom_interface/share/custom_interface/rust
[1.889s] -- Up-to-date: /home/user/ros2_ws/install/custom_interface/share/custom_interface/rust/Cargo.toml
[1.889s] -- Up-to-date: /home/user/ros2_ws/install/custom_interface/share/custom_interface/rust/src
[1.889s] -- Up-to-date: /home/user/ros2_ws/install/custom_interface/share/custom_interface/rust/src/srv.rs
[1.889s] -- Up-to-date: /home/user/ros2_ws/install/custom_interface/share/custom_interface/rust/src/lib.rs
[1.890s] -- Up-to-date: /home/user/ros2_ws/install/custom_interface/share/custom_interface/rust/build.rs
[1.890s] -- Up-to-date: /home/user/ros2_ws/install/custom_interface/share/custom_interface/environment/pythonpath.sh
[1.890s] -- Up-to-date: /home/user/ros2_ws/install/custom_interface/share/custom_interface/environment/pythonpath.dsv
[1.890s] -- Up-to-date: /home/user/ros2_ws/install/custom_interface/local/lib/python3.10/dist-packages/custom_interface-0.0.0-py3.10.egg-info
[1.890s] -- Installing: /home/user/ros2_ws/install/custom_interface/local/lib/python3.10/dist-packages/custom_interface-0.0.0-py3.10.egg-info/PKG-INFO
[1.890s] -- Installing: /home/user/ros2_ws/install/custom_interface/local/lib/python3.10/dist-packages/custom_interface-0.0.0-py3.10.egg-info/top_level.txt
[1.890s] -- Installing: /home/user/ros2_ws/install/custom_interface/local/lib/python3.10/dist-packages/custom_interface-0.0.0-py3.10.egg-info/SOURCES.txt
[1.890s] -- Installing: /home/user/ros2_ws/install/custom_interface/local/lib/python3.10/dist-packages/custom_interface-0.0.0-py3.10.egg-info/dependency_links.txt
[1.891s] -- Up-to-date: /home/user/ros2_ws/install/custom_interface/local/lib/python3.10/dist-packages/custom_interface
[1.891s] -- Up-to-date: /home/user/ros2_ws/install/custom_interface/local/lib/python3.10/dist-packages/custom_interface/_custom_interface_s.ep.rosidl_typesupport_c.c
[1.891s] -- Up-to-date: /home/user/ros2_ws/install/custom_interface/local/lib/python3.10/dist-packages/custom_interface/libcustom_interface__rosidl_generator_py.so
[1.891s] -- Up-to-date: /home/user/ros2_ws/install/custom_interface/local/lib/python3.10/dist-packages/custom_interface/_custom_interface_s.ep.rosidl_typesupport_introspection_c.c
[1.891s] -- Up-to-date: /home/user/ros2_ws/install/custom_interface/local/lib/python3.10/dist-packages/custom_interface/srv
[1.891s] -- Up-to-date: /home/user/ros2_ws/install/custom_interface/local/lib/python3.10/dist-packages/custom_interface/srv/_my_service_message_s.c
[1.891s] -- Up-to-date: /home/user/ros2_ws/install/custom_interface/local/lib/python3.10/dist-packages/custom_interface/srv/__init__.py
[1.892s] -- Up-to-date: /home/user/ros2_ws/install/custom_interface/local/lib/python3.10/dist-packages/custom_interface/srv/_my_service_message.py
[1.892s] -- Up-to-date: /home/user/ros2_ws/install/custom_interface/local/lib/python3.10/dist-packages/custom_interface/__init__.py
[1.892s] -- Up-to-date: /home/user/ros2_ws/install/custom_interface/local/lib/python3.10/dist-packages/custom_interface/custom_interface_s__rosidl_typesupport_c.cpython-310-x86_64-linux-gnu.so
[1.928s] -- Up-to-date: /home/user/ros2_ws/install/custom_interface/local/lib/python3.10/dist-packages/custom_interface/_custom_interface_s.ep.rosidl_typesupport_fastrtps_c.c
[1.928s] -- Up-to-date: /home/user/ros2_ws/install/custom_interface/local/lib/python3.10/dist-packages/custom_interface/custom_interface_s__rosidl_typesupport_fastrtps_c.cpython-310-x86_64-linux-gnu.so
[1.928s] -- Up-to-date: /home/user/ros2_ws/install/custom_interface/local/lib/python3.10/dist-packages/custom_interface/custom_interface_s__rosidl_typesupport_introspection_c.cpython-310-x86_64-linux-gnu.so
[2.039s] Listing '/home/user/ros2_ws/install/custom_interface/local/lib/python3.10/dist-packages/custom_interface'...
[2.039s] Listing '/home/user/ros2_ws/install/custom_interface/local/lib/python3.10/dist-packages/custom_interface/srv'...
[2.046s] -- Up-to-date: /home/user/ros2_ws/install/custom_interface/local/lib/python3.10/dist-packages/custom_interface/custom_interface_s__rosidl_typesupport_fastrtps_c.cpython-310-x86_64-linux-gnu.so
[2.046s] -- Up-to-date: /home/user/ros2_ws/install/custom_interface/local/lib/python3.10/dist-packages/custom_interface/custom_interface_s__rosidl_typesupport_introspection_c.cpython-310-x86_64-linux-gnu.so
[2.047s] -- Up-to-date: /home/user/ros2_ws/install/custom_interface/local/lib/python3.10/dist-packages/custom_interface/custom_interface_s__rosidl_typesupport_c.cpython-310-x86_64-linux-gnu.so
[2.047s] -- Up-to-date: /home/user/ros2_ws/install/custom_interface/lib/libcustom_interface__rosidl_generator_py.so
[2.047s] -- Up-to-date: /home/user/ros2_ws/install/custom_interface/share/custom_interface/srv/MyServiceMessage.idl
[2.048s] -- Up-to-date: /home/user/ros2_ws/install/custom_interface/share/custom_interface/srv/MyServiceMessage.srv
[2.048s] -- Up-to-date: /home/user/ros2_ws/install/custom_interface/share/custom_interface/srv/MyServiceMessage_Request.msg
[2.048s] -- Up-to-date: /home/user/ros2_ws/install/custom_interface/share/custom_interface/srv/MyServiceMessage_Response.msg
[2.048s] -- Up-to-date: /home/user/ros2_ws/install/custom_interface/share/ament_index/resource_index/package_run_dependencies/custom_interface
[2.049s] -- Up-to-date: /home/user/ros2_ws/install/custom_interface/share/ament_index/resource_index/parent_prefix_path/custom_interface
[2.049s] -- Up-to-date: /home/user/ros2_ws/install/custom_interface/share/custom_interface/environment/ament_prefix_path.sh
[2.049s] -- Up-to-date: /home/user/ros2_ws/install/custom_interface/share/custom_interface/environment/ament_prefix_path.dsv
[2.049s] -- Up-to-date: /home/user/ros2_ws/install/custom_interface/share/custom_interface/environment/path.sh
[2.049s] -- Up-to-date: /home/user/ros2_ws/install/custom_interface/share/custom_interface/environment/path.dsv
[2.049s] -- Up-to-date: /home/user/ros2_ws/install/custom_interface/share/custom_interface/local_setup.bash
[2.050s] -- Up-to-date: /home/user/ros2_ws/install/custom_interface/share/custom_interface/local_setup.sh
[2.050s] -- Up-to-date: /home/user/ros2_ws/install/custom_interface/share/custom_interface/local_setup.zsh
[2.050s] -- Up-to-date: /home/user/ros2_ws/install/custom_interface/share/custom_interface/local_setup.dsv
[2.050s] -- Installing: /home/user/ros2_ws/install/custom_interface/share/custom_interface/package.dsv
[2.050s] -- Up-to-date: /home/user/ros2_ws/install/custom_interface/share/ament_index/resource_index/packages/custom_interface
[2.051s] -- Up-to-date: /home/user/ros2_ws/install/custom_interface/share/custom_interface/cmake/export_custom_interface__rosidl_generator_cExport.cmake
[2.051s] -- Up-to-date: /home/user/ros2_ws/install/custom_interface/share/custom_interface/cmake/export_custom_interface__rosidl_generator_cExport-noconfig.cmake
[2.051s] -- Up-to-date: /home/user/ros2_ws/install/custom_interface/share/custom_interface/cmake/export_custom_interface__rosidl_typesupport_fastrtps_cExport.cmake
[2.051s] -- Up-to-date: /home/user/ros2_ws/install/custom_interface/share/custom_interface/cmake/export_custom_interface__rosidl_typesupport_fastrtps_cExport-noconfig.cmake
[2.052s] -- Up-to-date: /home/user/ros2_ws/install/custom_interface/share/custom_interface/cmake/export_custom_interface__rosidl_generator_cppExport.cmake
[2.053s] -- Up-to-date: /home/user/ros2_ws/install/custom_interface/share/custom_interface/cmake/export_custom_interface__rosidl_typesupport_fastrtps_cppExport.cmake
[2.053s] -- Up-to-date: /home/user/ros2_ws/install/custom_interface/share/custom_interface/cmake/export_custom_interface__rosidl_typesupport_fastrtps_cppExport-noconfig.cmake
[2.054s] -- Up-to-date: /home/user/ros2_ws/install/custom_interface/share/custom_interface/cmake/custom_interface__rosidl_typesupport_introspection_cExport.cmake
[2.054s] -- Up-to-date: /home/user/ros2_ws/install/custom_interface/share/custom_interface/cmake/custom_interface__rosidl_typesupport_introspection_cExport-noconfig.cmake
[2.055s] -- Up-to-date: /home/user/ros2_ws/install/custom_interface/share/custom_interface/cmake/custom_interface__rosidl_typesupport_cExport.cmake
[2.055s] -- Up-to-date: /home/user/ros2_ws/install/custom_interface/share/custom_interface/cmake/custom_interface__rosidl_typesupport_cExport-noconfig.cmake
[2.056s] -- Up-to-date: /home/user/ros2_ws/install/custom_interface/share/custom_interface/cmake/custom_interface__rosidl_typesupport_introspection_cppExport.cmake
[2.056s] -- Up-to-date: /home/user/ros2_ws/install/custom_interface/share/custom_interface/cmake/custom_interface__rosidl_typesupport_introspection_cppExport-noconfig.cmake
[2.056s] -- Up-to-date: /home/user/ros2_ws/install/custom_interface/share/custom_interface/cmake/custom_interface__rosidl_typesupport_cppExport.cmake
[2.057s] -- Up-to-date: /home/user/ros2_ws/install/custom_interface/share/custom_interface/cmake/custom_interface__rosidl_typesupport_cppExport-noconfig.cmake
[2.057s] -- Up-to-date: /home/user/ros2_ws/install/custom_interface/share/custom_interface/cmake/export_custom_interface__rosidl_generator_pyExport.cmake
[2.057s] -- Up-to-date: /home/user/ros2_ws/install/custom_interface/share/custom_interface/cmake/export_custom_interface__rosidl_generator_pyExport-noconfig.cmake
[2.058s] -- Up-to-date: /home/user/ros2_ws/install/custom_interface/share/custom_interface/cmake/rosidl_cmake-extras.cmake
[2.058s] -- Up-to-date: /home/user/ros2_ws/install/custom_interface/share/custom_interface/cmake/ament_cmake_export_include_directories-extras.cmake
[2.058s] -- Up-to-date: /home/user/ros2_ws/install/custom_interface/share/custom_interface/cmake/ament_cmake_export_libraries-extras.cmake
[2.058s] -- Up-to-date: /home/user/ros2_ws/install/custom_interface/share/custom_interface/cmake/ament_cmake_export_targets-extras.cmake
[2.058s] -- Up-to-date: /home/user/ros2_ws/install/custom_interface/share/custom_interface/cmake/rosidl_cmake_export_typesupport_targets-extras.cmake
[2.058s] -- Up-to-date: /home/user/ros2_ws/install/custom_interface/share/custom_interface/cmake/ament_cmake_export_dependencies-extras.cmake
[2.058s] -- Up-to-date: /home/user/ros2_ws/install/custom_interface/share/custom_interface/cmake/rosidl_cmake_export_typesupport_libraries-extras.cmake
[2.059s] -- Up-to-date: /home/user/ros2_ws/install/custom_interface/share/custom_interface/cmake/custom_interfaceConfig.cmake
[2.059s] -- Up-to-date: /home/user/ros2_ws/install/custom_interface/share/custom_interface/cmake/custom_interfaceConfig-version.cmake
[2.059s] -- Up-to-date: /home/user/ros2_ws/install/custom_interface/share/custom_interface/package.xml
[2.063s] Invoked command in '/home/user/ros2_ws/build/custom_interface' returned '0': CMAKE_PREFIX_PATH=${CMAKE_PREFIX_PATH}:/home/simulations/ros2_sims_ws/install/rclrs_tests:/home/simulations/ros2_sims_ws/install/examples_rclrs_minimal_client_service:/home/simulations/ros2_sims_ws/install/sensor_msgs_py:/home/simulations/ros2_sims_ws/install/examples_rclrs_minimal_pub_sub:/home/simulations/ros2_sims_ws/install/examples_rclrs_message_demo:/home/simulations/ros2_sims_ws/install/rclrs:/home/simulations/ros2_sims_ws/install/rosidl_runtime_rs:/home/user/ros2_ws/install/project_path_planning:/home/user/ros2_ws/install/project_mapping:/home/user/ros2_ws/install/project_localization:/opt/ros/humble _=/usr/bin/env /usr/bin/cmake --install /home/user/ros2_ws/build/custom_interface
