[4.492s] Invoking command in '/home/user/ros2_ws/src/project_path_planning': PYTHONPATH=/home/user/ros2_ws/build/project_path_planning/prefix_override:/home/user/ros2_ws/install/project_path_planning/lib/python3.10/site-packages:${PYTHONPATH} _=/usr/bin/env /usr/bin/python3 setup.py egg_info --egg-base ../../build/project_path_planning build --build-base /home/user/ros2_ws/build/project_path_planning/build install --record /home/user/ros2_ws/build/project_path_planning/install.log --single-version-externally-managed
[5.684s] running egg_info
[5.685s] creating ../../build/project_path_planning/project_path_planning.egg-info
[5.686s] writing ../../build/project_path_planning/project_path_planning.egg-info/PKG-INFO
[5.686s] writing dependency_links to ../../build/project_path_planning/project_path_planning.egg-info/dependency_links.txt
[5.686s] writing entry points to ../../build/project_path_planning/project_path_planning.egg-info/entry_points.txt
[5.687s] writing requirements to ../../build/project_path_planning/project_path_planning.egg-info/requires.txt
[5.687s] writing top-level names to ../../build/project_path_planning/project_path_planning.egg-info/top_level.txt
[5.687s] writing manifest file '../../build/project_path_planning/project_path_planning.egg-info/SOURCES.txt'
[5.690s] reading manifest file '../../build/project_path_planning/project_path_planning.egg-info/SOURCES.txt'
[5.691s] writing manifest file '../../build/project_path_planning/project_path_planning.egg-info/SOURCES.txt'
[5.692s] running build
[5.692s] running build_py
[5.692s] creating /home/user/ros2_ws/build/project_path_planning/build
[5.692s] creating /home/user/ros2_ws/build/project_path_planning/build/lib
[5.693s] creating /home/user/ros2_ws/build/project_path_planning/build/lib/project_path_planning
[5.693s] copying project_path_planning/__init__.py -> /home/user/ros2_ws/build/project_path_planning/build/lib/project_path_planning
[5.693s] copying project_path_planning/go_to_pose.py -> /home/user/ros2_ws/build/project_path_planning/build/lib/project_path_planning
[5.694s] running install
[5.694s] /usr/lib/python3/dist-packages/setuptools/command/install.py:34: SetuptoolsDeprecationWarning: setup.py install is deprecated. Use build and pip and other standards-based tools.
[5.694s]   warnings.warn(
[5.694s] running install_lib
[5.695s] creating /home/user/ros2_ws/install/project_path_planning/lib/python3.10/site-packages/project_path_planning
[5.696s] copying /home/user/ros2_ws/build/project_path_planning/build/lib/project_path_planning/__init__.py -> /home/user/ros2_ws/install/project_path_planning/lib/python3.10/site-packages/project_path_planning
[5.696s] copying /home/user/ros2_ws/build/project_path_planning/build/lib/project_path_planning/go_to_pose.py -> /home/user/ros2_ws/install/project_path_planning/lib/python3.10/site-packages/project_path_planning
[5.697s] byte-compiling /home/user/ros2_ws/install/project_path_planning/lib/python3.10/site-packages/project_path_planning/__init__.py to __init__.cpython-310.pyc
[5.697s] byte-compiling /home/user/ros2_ws/install/project_path_planning/lib/python3.10/site-packages/project_path_planning/go_to_pose.py to go_to_pose.cpython-310.pyc
[5.699s] running install_data
[5.699s] creating /home/user/ros2_ws/install/project_path_planning/share/ament_index
[5.700s] creating /home/user/ros2_ws/install/project_path_planning/share/ament_index/resource_index
[5.700s] creating /home/user/ros2_ws/install/project_path_planning/share/ament_index/resource_index/packages
[5.700s] copying resource/project_path_planning -> /home/user/ros2_ws/install/project_path_planning/share/ament_index/resource_index/packages
[5.701s] copying package.xml -> /home/user/ros2_ws/install/project_path_planning/share/project_path_planning
[5.701s] creating /home/user/ros2_ws/install/project_path_planning/share/project_path_planning/launch
[5.701s] copying launch/pathplanner.launch.py -> /home/user/ros2_ws/install/project_path_planning/share/project_path_planning/launch
[5.701s] creating /home/user/ros2_ws/install/project_path_planning/share/project_path_planning/config
[5.701s] copying config/controller.yaml -> /home/user/ros2_ws/install/project_path_planning/share/project_path_planning/config
[5.702s] copying config/recovery.yaml -> /home/user/ros2_ws/install/project_path_planning/share/project_path_planning/config
[5.702s] copying config/planner_server.yaml -> /home/user/ros2_ws/install/project_path_planning/share/project_path_planning/config
[5.703s] copying config/spots.yaml -> /home/user/ros2_ws/install/project_path_planning/share/project_path_planning/config
[5.704s] copying config/bt_navigator.yaml -> /home/user/ros2_ws/install/project_path_planning/share/project_path_planning/config
[5.704s] copying config/behavior.xml -> /home/user/ros2_ws/install/project_path_planning/share/project_path_planning/config
[5.706s] running install_egg_info
[5.712s] Copying ../../build/project_path_planning/project_path_planning.egg-info to /home/user/ros2_ws/install/project_path_planning/lib/python3.10/site-packages/project_path_planning-0.0.0-py3.10.egg-info
[5.777s] running install_scripts
[5.823s] Installing go_to_pose script to /home/user/ros2_ws/install/project_path_planning/lib/project_path_planning
[5.875s] writing list of installed files to '/home/user/ros2_ws/build/project_path_planning/install.log'
[5.977s] Invoked command in '/home/user/ros2_ws/src/project_path_planning' returned '0': PYTHONPATH=/home/user/ros2_ws/build/project_path_planning/prefix_override:/home/user/ros2_ws/install/project_path_planning/lib/python3.10/site-packages:${PYTHONPATH} _=/usr/bin/env /usr/bin/python3 setup.py egg_info --egg-base ../../build/project_path_planning build --build-base /home/user/ros2_ws/build/project_path_planning/build install --record /home/user/ros2_ws/build/project_path_planning/install.log --single-version-externally-managed
