[2.401s] Invoking command in '/home/user/ros2_ws/src/project_path_planning': PYTHONPATH=/home/user/ros2_ws/build/project_path_planning/prefix_override:/home/user/ros2_ws/install/project_path_planning/lib/python3.10/site-packages:${PYTHONPATH} _=/usr/bin/env /usr/bin/python3 setup.py egg_info --egg-base ../../build/project_path_planning build --build-base /home/user/ros2_ws/build/project_path_planning/build install --record /home/user/ros2_ws/build/project_path_planning/install.log --single-version-externally-managed
[3.195s] running egg_info
[3.196s] writing ../../build/project_path_planning/project_path_planning.egg-info/PKG-INFO
[3.197s] writing dependency_links to ../../build/project_path_planning/project_path_planning.egg-info/dependency_links.txt
[3.197s] writing entry points to ../../build/project_path_planning/project_path_planning.egg-info/entry_points.txt
[3.197s] writing requirements to ../../build/project_path_planning/project_path_planning.egg-info/requires.txt
[3.197s] writing top-level names to ../../build/project_path_planning/project_path_planning.egg-info/top_level.txt
[3.201s] reading manifest file '../../build/project_path_planning/project_path_planning.egg-info/SOURCES.txt'
[3.203s] writing manifest file '../../build/project_path_planning/project_path_planning.egg-info/SOURCES.txt'
[3.203s] running build
[3.204s] running build_py
[3.204s] running install
[3.204s] /usr/lib/python3/dist-packages/setuptools/command/install.py:34: SetuptoolsDeprecationWarning: setup.py install is deprecated. Use build and pip and other standards-based tools.
[3.204s]   warnings.warn(
[3.205s] running install_lib
[3.207s] running install_data
[3.209s] running install_egg_info
[3.212s] removing '/home/user/ros2_ws/install/project_path_planning/lib/python3.10/site-packages/project_path_planning-0.0.0-py3.10.egg-info' (and everything under it)
[3.212s] Copying ../../build/project_path_planning/project_path_planning.egg-info to /home/user/ros2_ws/install/project_path_planning/lib/python3.10/site-packages/project_path_planning-0.0.0-py3.10.egg-info
[3.214s] running install_scripts
[3.252s] Installing go_to_pose script to /home/user/ros2_ws/install/project_path_planning/lib/project_path_planning
[3.252s] writing list of installed files to '/home/user/ros2_ws/build/project_path_planning/install.log'
[3.303s] Invoked command in '/home/user/ros2_ws/src/project_path_planning' returned '0': PYTHONPATH=/home/user/ros2_ws/build/project_path_planning/prefix_override:/home/user/ros2_ws/install/project_path_planning/lib/python3.10/site-packages:${PYTHONPATH} _=/usr/bin/env /usr/bin/python3 setup.py egg_info --egg-base ../../build/project_path_planning build --build-base /home/user/ros2_ws/build/project_path_planning/build install --record /home/user/ros2_ws/build/project_path_planning/install.log --single-version-externally-managed
