[0.122s] Invoking command in '/home/user/ros2_ws/build/custom_interface': CMAKE_PREFIX_PATH=${CMAKE_PREFIX_PATH}:/home/simulations/ros2_sims_ws/install/rclrs_tests:/home/simulations/ros2_sims_ws/install/examples_rclrs_minimal_client_service:/home/simulations/ros2_sims_ws/install/sensor_msgs_py:/home/simulations/ros2_sims_ws/install/examples_rclrs_minimal_pub_sub:/home/simulations/ros2_sims_ws/install/examples_rclrs_message_demo:/home/simulations/ros2_sims_ws/install/rclrs:/home/simulations/ros2_sims_ws/install/rosidl_runtime_rs:/home/user/ros2_ws/install/project_path_planning:/home/user/ros2_ws/install/project_mapping:/home/user/ros2_ws/install/project_localization:/opt/ros/humble _=/usr/bin/env /usr/bin/cmake /home/user/ros2_ws/src/custom_interface -DCMAKE_INSTALL_PREFIX=/home/user/ros2_ws/install/custom_interface
[1.081s] -- The C compiler identification is GNU 11.3.0
[1.319s] -- The CXX compiler identification is GNU 11.3.0
[1.403s] -- Detecting C compiler ABI info
[1.777s] -- Detecting C compiler ABI info - done
[1.791s] -- Check for working C compiler: /usr/bin/cc - skipped
[1.792s] -- Detecting C compile features
[1.793s] -- Detecting C compile features - done
[1.802s] -- Detecting CXX compiler ABI info
[2.193s] -- Detecting CXX compiler ABI info - done
[2.210s] -- Check for working CXX compiler: /usr/bin/c++ - skipped
[2.211s] -- Detecting CXX compile features
[2.212s] -- Detecting CXX compile features - done
[2.306s] -- Found ament_cmake: 1.3.4 (/opt/ros/humble/share/ament_cmake/cmake)
[3.678s] -- Found Python3: /usr/bin/python3.10 (found version "3.10.6") found components: Interpreter 
[4.585s] -- Found rclcpp: 16.0.4 (/opt/ros/humble/share/rclcpp/cmake)
[5.384s] -- Found rosidl_generator_c: 3.1.4 (/opt/ros/humble/share/rosidl_generator_c/cmake)
[5.478s] -- Found rosidl_adapter: 3.1.4 (/opt/ros/humble/share/rosidl_adapter/cmake)
[5.598s] -- Found rosidl_generator_cpp: 3.1.4 (/opt/ros/humble/share/rosidl_generator_cpp/cmake)
[5.997s] -- Using all available rosidl_typesupport_c: rosidl_typesupport_fastrtps_c;rosidl_typesupport_introspection_c
[6.202s] -- Using all available rosidl_typesupport_cpp: rosidl_typesupport_fastrtps_cpp;rosidl_typesupport_introspection_cpp
[6.683s] -- Found rmw_implementation_cmake: 6.1.1 (/opt/ros/humble/share/rmw_implementation_cmake/cmake)
[6.708s] -- Found rmw_fastrtps_cpp: 6.2.2 (/opt/ros/humble/share/rmw_fastrtps_cpp/cmake)
[7.307s] -- Found OpenSSL: /usr/lib/x86_64-linux-gnu/libcrypto.so (found version "3.0.2")  
[7.423s] -- Found FastRTPS: /opt/ros/humble/include  
[7.631s] -- Using RMW implementation 'rmw_fastrtps_cpp' as default
[7.744s] -- Looking for pthread.h
[8.019s] -- Looking for pthread.h - found
[8.020s] -- Performing Test CMAKE_HAVE_LIBC_PTHREAD
[8.237s] -- Performing Test CMAKE_HAVE_LIBC_PTHREAD - Success
[8.277s] -- Found Threads: TRUE  
[8.824s] -- Found rosidl_default_generators: 1.2.0 (/home/simulations/ros2_sims_ws/install/rosidl_default_generators/share/rosidl_default_generators/cmake)
[8.912s] -- Found ament_lint_auto: 0.12.6 (/opt/ros/humble/share/ament_lint_auto/cmake)
[9.941s] -- Found ament_cmake_ros: 0.10.0 (/opt/ros/humble/share/ament_cmake_ros/cmake)
[11.002s] -- Using all available rosidl_typesupport_c: rosidl_typesupport_fastrtps_c;rosidl_typesupport_introspection_c
[11.406s] -- Using all available rosidl_typesupport_cpp: rosidl_typesupport_fastrtps_cpp;rosidl_typesupport_introspection_cpp
[11.639s] -- Found PythonInterp: /usr/bin/python3 (found suitable version "3.10.6", minimum required is "3.6") 
[11.687s] -- Found python_cmake_module: 0.10.0 (/opt/ros/humble/share/python_cmake_module/cmake)
[11.800s] -- Found PythonLibs: /usr/lib/x86_64-linux-gnu/libpython3.10.so (found suitable version "3.10.6", minimum required is "3.5") 
[11.800s] -- Using PYTHON_EXECUTABLE: /usr/bin/python3
[11.800s] -- Using PYTHON_INCLUDE_DIRS: /usr/include/python3.10
[11.801s] -- Using PYTHON_LIBRARIES: /usr/lib/x86_64-linux-gnu/libpython3.10.so
[11.883s] -- Found PythonExtra: .so  
[12.021s] -- Added test 'lint_cmake' to check CMake code style
[12.027s] -- Added test 'xmllint' to check XML markup files
[12.049s] -- Configuring done
[12.123s] -- Generating done
[12.127s] -- Build files have been written to: /home/user/ros2_ws/build/custom_interface
[12.180s] Invoked command in '/home/user/ros2_ws/build/custom_interface' returned '0': CMAKE_PREFIX_PATH=${CMAKE_PREFIX_PATH}:/home/simulations/ros2_sims_ws/install/rclrs_tests:/home/simulations/ros2_sims_ws/install/examples_rclrs_minimal_client_service:/home/simulations/ros2_sims_ws/install/sensor_msgs_py:/home/simulations/ros2_sims_ws/install/examples_rclrs_minimal_pub_sub:/home/simulations/ros2_sims_ws/install/examples_rclrs_message_demo:/home/simulations/ros2_sims_ws/install/rclrs:/home/simulations/ros2_sims_ws/install/rosidl_runtime_rs:/home/user/ros2_ws/install/project_path_planning:/home/user/ros2_ws/install/project_mapping:/home/user/ros2_ws/install/project_localization:/opt/ros/humble _=/usr/bin/env /usr/bin/cmake /home/user/ros2_ws/src/custom_interface -DCMAKE_INSTALL_PREFIX=/home/user/ros2_ws/install/custom_interface
[12.184s] Invoking command in '/home/user/ros2_ws/build/custom_interface': CMAKE_PREFIX_PATH=${CMAKE_PREFIX_PATH}:/home/simulations/ros2_sims_ws/install/rclrs_tests:/home/simulations/ros2_sims_ws/install/examples_rclrs_minimal_client_service:/home/simulations/ros2_sims_ws/install/sensor_msgs_py:/home/simulations/ros2_sims_ws/install/examples_rclrs_minimal_pub_sub:/home/simulations/ros2_sims_ws/install/examples_rclrs_message_demo:/home/simulations/ros2_sims_ws/install/rclrs:/home/simulations/ros2_sims_ws/install/rosidl_runtime_rs:/home/user/ros2_ws/install/project_path_planning:/home/user/ros2_ws/install/project_mapping:/home/user/ros2_ws/install/project_localization:/opt/ros/humble _=/usr/bin/env /usr/bin/cmake --build /home/user/ros2_ws/build/custom_interface -- -j8 -l8
[12.331s] [  3%] [34m[1mGenerating Rust code for ROS interfaces[0m
[13.191s] [  3%] Built target custom_interface__rs
[13.297s] [  3%] Built target ament_cmake_python_copy_custom_interface
[13.379s] [  6%] [34m[1mGenerating C++ code for ROS interfaces[0m
[14.297s] [  6%] Built target custom_interface__cpp
[15.077s] running egg_info
[15.078s] creating custom_interface.egg-info
[15.078s] writing custom_interface.egg-info/PKG-INFO
[15.079s] writing dependency_links to custom_interface.egg-info/dependency_links.txt
[15.079s] writing top-level names to custom_interface.egg-info/top_level.txt
[15.080s] writing manifest file 'custom_interface.egg-info/SOURCES.txt'
[15.083s] reading manifest file 'custom_interface.egg-info/SOURCES.txt'
[15.084s] writing manifest file 'custom_interface.egg-info/SOURCES.txt'
[15.133s] [  6%] Built target ament_cmake_python_build_custom_interface_egg
[15.192s] [  9%] [34m[1mGenerating C++ type support dispatch for ROS interfaces[0m
[15.895s] [ 12%] [32mBuilding CXX object CMakeFiles/custom_interface__rosidl_typesupport_cpp.dir/rosidl_typesupport_cpp/custom_interface/srv/my_service_message__type_support.cpp.o[0m
[16.696s] [ 15%] [32m[1mLinking CXX shared library libcustom_interface__rosidl_typesupport_cpp.so[0m
[16.811s] [ 15%] Built target custom_interface__rosidl_typesupport_cpp
[16.834s] [ 18%] [34m[1mGenerating C++ introspection for ROS interfaces[0m
[17.643s] [ 21%] [32mBuilding CXX object CMakeFiles/custom_interface__rosidl_typesupport_introspection_cpp.dir/rosidl_typesupport_introspection_cpp/custom_interface/srv/detail/my_service_message__type_support.cpp.o[0m
[18.683s] [ 25%] [32m[1mLinking CXX shared library libcustom_interface__rosidl_typesupport_introspection_cpp.so[0m
[18.835s] [ 25%] Built target custom_interface__rosidl_typesupport_introspection_cpp
[18.892s] [ 28%] [34m[1mGenerating C++ type support for eProsima Fast-RTPS[0m
[19.676s] [ 31%] [32mBuilding CXX object CMakeFiles/custom_interface__rosidl_typesupport_fastrtps_cpp.dir/rosidl_typesupport_fastrtps_cpp/custom_interface/srv/detail/dds_fastrtps/my_service_message__type_support.cpp.o[0m
[20.637s] [ 34%] [32m[1mLinking CXX shared library libcustom_interface__rosidl_typesupport_fastrtps_cpp.so[0m
[20.810s] [ 34%] Built target custom_interface__rosidl_typesupport_fastrtps_cpp
[20.834s] [ 37%] [34m[1mGenerating C code for ROS interfaces[0m
[21.816s] [ 40%] [32mBuilding C object CMakeFiles/custom_interface__rosidl_generator_c.dir/rosidl_generator_c/custom_interface/srv/detail/my_service_message__functions.c.o[0m
[22.003s] [ 43%] [32m[1mLinking C shared library libcustom_interface__rosidl_generator_c.so[0m
[22.115s] [ 43%] Built target custom_interface__rosidl_generator_c
[22.138s] [ 46%] [34m[1mGenerating C type support for eProsima Fast-RTPS[0m
[23.009s] [ 50%] [32mBuilding CXX object CMakeFiles/custom_interface__rosidl_typesupport_fastrtps_c.dir/rosidl_typesupport_fastrtps_c/custom_interface/srv/detail/my_service_message__type_support_c.cpp.o[0m
[23.907s] [ 53%] [32m[1mLinking CXX shared library libcustom_interface__rosidl_typesupport_fastrtps_c.so[0m
[24.098s] [ 53%] Built target custom_interface__rosidl_typesupport_fastrtps_c
[24.121s] [ 56%] [34m[1mGenerating C type support dispatch for ROS interfaces[0m
[24.827s] [ 59%] [32mBuilding CXX object CMakeFiles/custom_interface__rosidl_typesupport_c.dir/rosidl_typesupport_c/custom_interface/srv/my_service_message__type_support.cpp.o[0m
[24.931s] [ 62%] [32m[1mLinking CXX shared library libcustom_interface__rosidl_typesupport_c.so[0m
[25.077s] [ 62%] Built target custom_interface__rosidl_typesupport_c
[25.098s] [ 65%] [34m[1mGenerating C introspection for ROS interfaces[0m
[25.889s] [ 68%] [32mBuilding C object CMakeFiles/custom_interface__rosidl_typesupport_introspection_c.dir/rosidl_typesupport_introspection_c/custom_interface/srv/detail/my_service_message__type_support.c.o[0m
[25.997s] [ 71%] [32m[1mLinking C shared library libcustom_interface__rosidl_typesupport_introspection_c.so[0m
[26.095s] [ 71%] Built target custom_interface__rosidl_typesupport_introspection_c
[26.176s] [ 71%] Built target custom_interface
[26.230s] [ 75%] [34m[1mGenerating Python code for ROS interfaces[0m
[27.405s] [ 75%] Built target custom_interface__py
[27.487s] [ 78%] [32mBuilding C object CMakeFiles/custom_interface__rosidl_generator_py.dir/rosidl_generator_py/custom_interface/srv/_my_service_message_s.c.o[0m
[27.926s] [ 81%] [32m[1mLinking C shared library rosidl_generator_py/custom_interface/libcustom_interface__rosidl_generator_py.so[0m
[28.038s] [ 81%] Built target custom_interface__rosidl_generator_py
[28.135s] [ 84%] [32mBuilding C object CMakeFiles/custom_interface__rosidl_typesupport_fastrtps_c__pyext.dir/rosidl_generator_py/custom_interface/_custom_interface_s.ep.rosidl_typesupport_fastrtps_c.c.o[0m
[28.476s] [ 87%] [32m[1mLinking C shared library rosidl_generator_py/custom_interface/custom_interface_s__rosidl_typesupport_fastrtps_c.cpython-310-x86_64-linux-gnu.so[0m
[28.586s] [ 87%] Built target custom_interface__rosidl_typesupport_fastrtps_c__pyext
[28.680s] [ 90%] [32mBuilding C object CMakeFiles/custom_interface__rosidl_typesupport_c__pyext.dir/rosidl_generator_py/custom_interface/_custom_interface_s.ep.rosidl_typesupport_c.c.o[0m
[28.913s] [ 93%] [32m[1mLinking C shared library rosidl_generator_py/custom_interface/custom_interface_s__rosidl_typesupport_c.cpython-310-x86_64-linux-gnu.so[0m
[29.021s] [ 93%] Built target custom_interface__rosidl_typesupport_c__pyext
[29.107s] [ 96%] [32mBuilding C object CMakeFiles/custom_interface__rosidl_typesupport_introspection_c__pyext.dir/rosidl_generator_py/custom_interface/_custom_interface_s.ep.rosidl_typesupport_introspection_c.c.o[0m
[29.342s] [100%] [32m[1mLinking C shared library rosidl_generator_py/custom_interface/custom_interface_s__rosidl_typesupport_introspection_c.cpython-310-x86_64-linux-gnu.so[0m
[29.476s] [100%] Built target custom_interface__rosidl_typesupport_introspection_c__pyext
[29.495s] Invoked command in '/home/user/ros2_ws/build/custom_interface' returned '0': CMAKE_PREFIX_PATH=${CMAKE_PREFIX_PATH}:/home/simulations/ros2_sims_ws/install/rclrs_tests:/home/simulations/ros2_sims_ws/install/examples_rclrs_minimal_client_service:/home/simulations/ros2_sims_ws/install/sensor_msgs_py:/home/simulations/ros2_sims_ws/install/examples_rclrs_minimal_pub_sub:/home/simulations/ros2_sims_ws/install/examples_rclrs_message_demo:/home/simulations/ros2_sims_ws/install/rclrs:/home/simulations/ros2_sims_ws/install/rosidl_runtime_rs:/home/user/ros2_ws/install/project_path_planning:/home/user/ros2_ws/install/project_mapping:/home/user/ros2_ws/install/project_localization:/opt/ros/humble _=/usr/bin/env /usr/bin/cmake --build /home/user/ros2_ws/build/custom_interface -- -j8 -l8
[29.890s] Invoking command in '/home/user/ros2_ws/build/custom_interface': CMAKE_PREFIX_PATH=${CMAKE_PREFIX_PATH}:/home/simulations/ros2_sims_ws/install/rclrs_tests:/home/simulations/ros2_sims_ws/install/examples_rclrs_minimal_client_service:/home/simulations/ros2_sims_ws/install/sensor_msgs_py:/home/simulations/ros2_sims_ws/install/examples_rclrs_minimal_pub_sub:/home/simulations/ros2_sims_ws/install/examples_rclrs_message_demo:/home/simulations/ros2_sims_ws/install/rclrs:/home/simulations/ros2_sims_ws/install/rosidl_runtime_rs:/home/user/ros2_ws/install/project_path_planning:/home/user/ros2_ws/install/project_mapping:/home/user/ros2_ws/install/project_localization:/opt/ros/humble _=/usr/bin/env /usr/bin/cmake --install /home/user/ros2_ws/build/custom_interface
[29.908s] -- Install configuration: ""
[29.908s] -- Installing: /home/user/ros2_ws/install/custom_interface/share/ament_index/resource_index/rosidl_interfaces/custom_interface
[29.908s] -- Installing: /home/user/ros2_ws/install/custom_interface/include/custom_interface/custom_interface
[29.909s] -- Installing: /home/user/ros2_ws/install/custom_interface/include/custom_interface/custom_interface/srv
[29.909s] -- Installing: /home/user/ros2_ws/install/custom_interface/include/custom_interface/custom_interface/srv/detail
[29.909s] -- Installing: /home/user/ros2_ws/install/custom_interface/include/custom_interface/custom_interface/srv/detail/my_service_message__struct.h
[29.909s] -- Installing: /home/user/ros2_ws/install/custom_interface/include/custom_interface/custom_interface/srv/detail/my_service_message__functions.c
[29.909s] -- Installing: /home/user/ros2_ws/install/custom_interface/include/custom_interface/custom_interface/srv/detail/my_service_message__functions.h
[29.909s] -- Installing: /home/user/ros2_ws/install/custom_interface/include/custom_interface/custom_interface/srv/detail/my_service_message__type_support.h
[29.910s] -- Installing: /home/user/ros2_ws/install/custom_interface/include/custom_interface/custom_interface/srv/my_service_message.h
[29.910s] -- Installing: /home/user/ros2_ws/install/custom_interface/include/custom_interface/custom_interface/msg
[29.911s] -- Installing: /home/user/ros2_ws/install/custom_interface/include/custom_interface/custom_interface/msg/rosidl_generator_c__visibility_control.h
[29.911s] -- Installing: /home/user/ros2_ws/install/custom_interface/share/custom_interface/environment/library_path.sh
[29.911s] -- Installing: /home/user/ros2_ws/install/custom_interface/share/custom_interface/environment/library_path.dsv
[29.911s] -- Installing: /home/user/ros2_ws/install/custom_interface/lib/libcustom_interface__rosidl_generator_c.so
[29.912s] -- Set runtime path of "/home/user/ros2_ws/install/custom_interface/lib/libcustom_interface__rosidl_generator_c.so" to ""
[29.912s] -- Up-to-date: /home/user/ros2_ws/install/custom_interface/include/custom_interface/custom_interface
[29.912s] -- Up-to-date: /home/user/ros2_ws/install/custom_interface/include/custom_interface/custom_interface/srv
[29.912s] -- Up-to-date: /home/user/ros2_ws/install/custom_interface/include/custom_interface/custom_interface/srv/detail
[29.913s] -- Installing: /home/user/ros2_ws/install/custom_interface/include/custom_interface/custom_interface/srv/detail/my_service_message__rosidl_typesupport_fastrtps_c.h
[29.913s] -- Up-to-date: /home/user/ros2_ws/install/custom_interface/include/custom_interface/custom_interface/msg
[29.913s] -- Installing: /home/user/ros2_ws/install/custom_interface/include/custom_interface/custom_interface/msg/rosidl_typesupport_fastrtps_c__visibility_control.h
[29.913s] -- Installing: /home/user/ros2_ws/install/custom_interface/lib/libcustom_interface__rosidl_typesupport_fastrtps_c.so
[29.913s] -- Set runtime path of "/home/user/ros2_ws/install/custom_interface/lib/libcustom_interface__rosidl_typesupport_fastrtps_c.so" to ""
[29.914s] -- Up-to-date: /home/user/ros2_ws/install/custom_interface/include/custom_interface/custom_interface
[29.914s] -- Up-to-date: /home/user/ros2_ws/install/custom_interface/include/custom_interface/custom_interface/srv
[29.914s] -- Up-to-date: /home/user/ros2_ws/install/custom_interface/include/custom_interface/custom_interface/srv/detail
[29.914s] -- Installing: /home/user/ros2_ws/install/custom_interface/include/custom_interface/custom_interface/srv/detail/my_service_message__traits.hpp
[29.914s] -- Installing: /home/user/ros2_ws/install/custom_interface/include/custom_interface/custom_interface/srv/detail/my_service_message__builder.hpp
[29.914s] -- Installing: /home/user/ros2_ws/install/custom_interface/include/custom_interface/custom_interface/srv/detail/my_service_message__struct.hpp
[29.915s] -- Installing: /home/user/ros2_ws/install/custom_interface/include/custom_interface/custom_interface/srv/my_service_message.hpp
[29.915s] -- Up-to-date: /home/user/ros2_ws/install/custom_interface/include/custom_interface/custom_interface
[29.915s] -- Up-to-date: /home/user/ros2_ws/install/custom_interface/include/custom_interface/custom_interface/srv
[29.915s] -- Up-to-date: /home/user/ros2_ws/install/custom_interface/include/custom_interface/custom_interface/srv/detail
[29.916s] -- Installing: /home/user/ros2_ws/install/custom_interface/include/custom_interface/custom_interface/srv/detail/my_service_message__rosidl_typesupport_fastrtps_cpp.hpp
[29.916s] -- Installing: /home/user/ros2_ws/install/custom_interface/include/custom_interface/custom_interface/srv/detail/dds_fastrtps
[29.916s] -- Up-to-date: /home/user/ros2_ws/install/custom_interface/include/custom_interface/custom_interface/msg
[29.916s] -- Installing: /home/user/ros2_ws/install/custom_interface/include/custom_interface/custom_interface/msg/rosidl_typesupport_fastrtps_cpp__visibility_control.h
[29.917s] -- Installing: /home/user/ros2_ws/install/custom_interface/lib/libcustom_interface__rosidl_typesupport_fastrtps_cpp.so
[29.917s] -- Set runtime path of "/home/user/ros2_ws/install/custom_interface/lib/libcustom_interface__rosidl_typesupport_fastrtps_cpp.so" to ""
[29.917s] -- Up-to-date: /home/user/ros2_ws/install/custom_interface/include/custom_interface/custom_interface
[29.917s] -- Up-to-date: /home/user/ros2_ws/install/custom_interface/include/custom_interface/custom_interface/srv
[29.917s] -- Up-to-date: /home/user/ros2_ws/install/custom_interface/include/custom_interface/custom_interface/srv/detail
[29.918s] -- Installing: /home/user/ros2_ws/install/custom_interface/include/custom_interface/custom_interface/srv/detail/my_service_message__rosidl_typesupport_introspection_c.h
[29.918s] -- Installing: /home/user/ros2_ws/install/custom_interface/include/custom_interface/custom_interface/srv/detail/my_service_message__type_support.c
[29.918s] -- Up-to-date: /home/user/ros2_ws/install/custom_interface/include/custom_interface/custom_interface/msg
[29.918s] -- Installing: /home/user/ros2_ws/install/custom_interface/include/custom_interface/custom_interface/msg/rosidl_typesupport_introspection_c__visibility_control.h
[29.918s] -- Installing: /home/user/ros2_ws/install/custom_interface/lib/libcustom_interface__rosidl_typesupport_introspection_c.so
[29.918s] -- Set runtime path of "/home/user/ros2_ws/install/custom_interface/lib/libcustom_interface__rosidl_typesupport_introspection_c.so" to ""
[29.919s] -- Installing: /home/user/ros2_ws/install/custom_interface/lib/libcustom_interface__rosidl_typesupport_c.so
[29.919s] -- Set runtime path of "/home/user/ros2_ws/install/custom_interface/lib/libcustom_interface__rosidl_typesupport_c.so" to ""
[29.919s] -- Up-to-date: /home/user/ros2_ws/install/custom_interface/include/custom_interface/custom_interface
[29.919s] -- Up-to-date: /home/user/ros2_ws/install/custom_interface/include/custom_interface/custom_interface/srv
[29.920s] -- Up-to-date: /home/user/ros2_ws/install/custom_interface/include/custom_interface/custom_interface/srv/detail
[29.920s] -- Installing: /home/user/ros2_ws/install/custom_interface/include/custom_interface/custom_interface/srv/detail/my_service_message__type_support.cpp
[29.920s] -- Installing: /home/user/ros2_ws/install/custom_interface/include/custom_interface/custom_interface/srv/detail/my_service_message__rosidl_typesupport_introspection_cpp.hpp
[29.920s] -- Installing: /home/user/ros2_ws/install/custom_interface/lib/libcustom_interface__rosidl_typesupport_introspection_cpp.so
[29.921s] -- Set runtime path of "/home/user/ros2_ws/install/custom_interface/lib/libcustom_interface__rosidl_typesupport_introspection_cpp.so" to ""
[29.921s] -- Installing: /home/user/ros2_ws/install/custom_interface/lib/libcustom_interface__rosidl_typesupport_cpp.so
[29.922s] -- Set runtime path of "/home/user/ros2_ws/install/custom_interface/lib/libcustom_interface__rosidl_typesupport_cpp.so" to ""
[29.922s] -- Installing: /home/user/ros2_ws/install/custom_interface/share/ament_index/resource_index/rust_packages/custom_interface
[29.922s] -- Installing: /home/user/ros2_ws/install/custom_interface/share/custom_interface/rust
[29.922s] -- Installing: /home/user/ros2_ws/install/custom_interface/share/custom_interface/rust/Cargo.toml
[29.922s] -- Installing: /home/user/ros2_ws/install/custom_interface/share/custom_interface/rust/src
[29.923s] -- Installing: /home/user/ros2_ws/install/custom_interface/share/custom_interface/rust/src/srv.rs
[29.923s] -- Installing: /home/user/ros2_ws/install/custom_interface/share/custom_interface/rust/src/lib.rs
[29.924s] -- Installing: /home/user/ros2_ws/install/custom_interface/share/custom_interface/rust/build.rs
[29.924s] -- Up-to-date: /home/user/ros2_ws/install/custom_interface/share/custom_interface/rust
[29.924s] -- Up-to-date: /home/user/ros2_ws/install/custom_interface/share/custom_interface/rust/Cargo.toml
[29.924s] -- Up-to-date: /home/user/ros2_ws/install/custom_interface/share/custom_interface/rust/src
[29.924s] -- Up-to-date: /home/user/ros2_ws/install/custom_interface/share/custom_interface/rust/src/srv.rs
[29.925s] -- Up-to-date: /home/user/ros2_ws/install/custom_interface/share/custom_interface/rust/src/lib.rs
[29.925s] -- Up-to-date: /home/user/ros2_ws/install/custom_interface/share/custom_interface/rust/build.rs
[29.925s] -- Up-to-date: /home/user/ros2_ws/install/custom_interface/share/custom_interface/rust
[29.925s] -- Up-to-date: /home/user/ros2_ws/install/custom_interface/share/custom_interface/rust/Cargo.toml
[29.925s] -- Up-to-date: /home/user/ros2_ws/install/custom_interface/share/custom_interface/rust/src
[29.925s] -- Up-to-date: /home/user/ros2_ws/install/custom_interface/share/custom_interface/rust/src/srv.rs
[29.926s] -- Up-to-date: /home/user/ros2_ws/install/custom_interface/share/custom_interface/rust/src/lib.rs
[29.926s] -- Up-to-date: /home/user/ros2_ws/install/custom_interface/share/custom_interface/rust/build.rs
[29.926s] -- Installing: /home/user/ros2_ws/install/custom_interface/share/custom_interface/environment/pythonpath.sh
[29.926s] -- Installing: /home/user/ros2_ws/install/custom_interface/share/custom_interface/environment/pythonpath.dsv
[29.926s] -- Installing: /home/user/ros2_ws/install/custom_interface/local/lib/python3.10/dist-packages/custom_interface-0.0.0-py3.10.egg-info
[29.927s] -- Installing: /home/user/ros2_ws/install/custom_interface/local/lib/python3.10/dist-packages/custom_interface-0.0.0-py3.10.egg-info/PKG-INFO
[29.927s] -- Installing: /home/user/ros2_ws/install/custom_interface/local/lib/python3.10/dist-packages/custom_interface-0.0.0-py3.10.egg-info/top_level.txt
[29.927s] -- Installing: /home/user/ros2_ws/install/custom_interface/local/lib/python3.10/dist-packages/custom_interface-0.0.0-py3.10.egg-info/SOURCES.txt
[29.927s] -- Installing: /home/user/ros2_ws/install/custom_interface/local/lib/python3.10/dist-packages/custom_interface-0.0.0-py3.10.egg-info/dependency_links.txt
[29.927s] -- Installing: /home/user/ros2_ws/install/custom_interface/local/lib/python3.10/dist-packages/custom_interface
[29.928s] -- Installing: /home/user/ros2_ws/install/custom_interface/local/lib/python3.10/dist-packages/custom_interface/_custom_interface_s.ep.rosidl_typesupport_c.c
[29.928s] -- Installing: /home/user/ros2_ws/install/custom_interface/local/lib/python3.10/dist-packages/custom_interface/libcustom_interface__rosidl_generator_py.so
[29.928s] -- Installing: /home/user/ros2_ws/install/custom_interface/local/lib/python3.10/dist-packages/custom_interface/_custom_interface_s.ep.rosidl_typesupport_introspection_c.c
[29.928s] -- Installing: /home/user/ros2_ws/install/custom_interface/local/lib/python3.10/dist-packages/custom_interface/srv
[29.928s] -- Installing: /home/user/ros2_ws/install/custom_interface/local/lib/python3.10/dist-packages/custom_interface/srv/_my_service_message_s.c
[29.928s] -- Installing: /home/user/ros2_ws/install/custom_interface/local/lib/python3.10/dist-packages/custom_interface/srv/__init__.py
[29.929s] -- Installing: /home/user/ros2_ws/install/custom_interface/local/lib/python3.10/dist-packages/custom_interface/srv/_my_service_message.py
[29.929s] -- Installing: /home/user/ros2_ws/install/custom_interface/local/lib/python3.10/dist-packages/custom_interface/__init__.py
[29.929s] -- Installing: /home/user/ros2_ws/install/custom_interface/local/lib/python3.10/dist-packages/custom_interface/custom_interface_s__rosidl_typesupport_c.cpython-310-x86_64-linux-gnu.so
[29.929s] -- Installing: /home/user/ros2_ws/install/custom_interface/local/lib/python3.10/dist-packages/custom_interface/_custom_interface_s.ep.rosidl_typesupport_fastrtps_c.c
[29.929s] -- Installing: /home/user/ros2_ws/install/custom_interface/local/lib/python3.10/dist-packages/custom_interface/custom_interface_s__rosidl_typesupport_fastrtps_c.cpython-310-x86_64-linux-gnu.so
[29.929s] -- Installing: /home/user/ros2_ws/install/custom_interface/local/lib/python3.10/dist-packages/custom_interface/custom_interface_s__rosidl_typesupport_introspection_c.cpython-310-x86_64-linux-gnu.so
[30.088s] Listing '/home/user/ros2_ws/install/custom_interface/local/lib/python3.10/dist-packages/custom_interface'...
[30.088s] Compiling '/home/user/ros2_ws/install/custom_interface/local/lib/python3.10/dist-packages/custom_interface/__init__.py'...
[30.088s] Listing '/home/user/ros2_ws/install/custom_interface/local/lib/python3.10/dist-packages/custom_interface/srv'...
[30.088s] Compiling '/home/user/ros2_ws/install/custom_interface/local/lib/python3.10/dist-packages/custom_interface/srv/__init__.py'...
[30.088s] Compiling '/home/user/ros2_ws/install/custom_interface/local/lib/python3.10/dist-packages/custom_interface/srv/_my_service_message.py'...
[30.095s] -- Installing: /home/user/ros2_ws/install/custom_interface/local/lib/python3.10/dist-packages/custom_interface/custom_interface_s__rosidl_typesupport_fastrtps_c.cpython-310-x86_64-linux-gnu.so
[30.095s] -- Set runtime path of "/home/user/ros2_ws/install/custom_interface/local/lib/python3.10/dist-packages/custom_interface/custom_interface_s__rosidl_typesupport_fastrtps_c.cpython-310-x86_64-linux-gnu.so" to ""
[30.096s] -- Installing: /home/user/ros2_ws/install/custom_interface/local/lib/python3.10/dist-packages/custom_interface/custom_interface_s__rosidl_typesupport_introspection_c.cpython-310-x86_64-linux-gnu.so
[30.096s] -- Set runtime path of "/home/user/ros2_ws/install/custom_interface/local/lib/python3.10/dist-packages/custom_interface/custom_interface_s__rosidl_typesupport_introspection_c.cpython-310-x86_64-linux-gnu.so" to ""
[30.097s] -- Installing: /home/user/ros2_ws/install/custom_interface/local/lib/python3.10/dist-packages/custom_interface/custom_interface_s__rosidl_typesupport_c.cpython-310-x86_64-linux-gnu.so
[30.097s] -- Set runtime path of "/home/user/ros2_ws/install/custom_interface/local/lib/python3.10/dist-packages/custom_interface/custom_interface_s__rosidl_typesupport_c.cpython-310-x86_64-linux-gnu.so" to ""
[30.098s] -- Installing: /home/user/ros2_ws/install/custom_interface/lib/libcustom_interface__rosidl_generator_py.so
[30.098s] -- Set runtime path of "/home/user/ros2_ws/install/custom_interface/lib/libcustom_interface__rosidl_generator_py.so" to ""
[30.098s] -- Installing: /home/user/ros2_ws/install/custom_interface/share/custom_interface/srv/MyServiceMessage.idl
[30.098s] -- Installing: /home/user/ros2_ws/install/custom_interface/share/custom_interface/srv/MyServiceMessage.srv
[30.098s] -- Installing: /home/user/ros2_ws/install/custom_interface/share/custom_interface/srv/MyServiceMessage_Request.msg
[30.099s] -- Installing: /home/user/ros2_ws/install/custom_interface/share/custom_interface/srv/MyServiceMessage_Response.msg
[30.099s] -- Installing: /home/user/ros2_ws/install/custom_interface/share/ament_index/resource_index/package_run_dependencies/custom_interface
[30.103s] -- Installing: /home/user/ros2_ws/install/custom_interface/share/ament_index/resource_index/parent_prefix_path/custom_interface
[30.103s] -- Installing: /home/user/ros2_ws/install/custom_interface/share/custom_interface/environment/ament_prefix_path.sh
[30.103s] -- Installing: /home/user/ros2_ws/install/custom_interface/share/custom_interface/environment/ament_prefix_path.dsv
[30.103s] -- Installing: /home/user/ros2_ws/install/custom_interface/share/custom_interface/environment/path.sh
[30.104s] -- Installing: /home/user/ros2_ws/install/custom_interface/share/custom_interface/environment/path.dsv
[30.104s] -- Installing: /home/user/ros2_ws/install/custom_interface/share/custom_interface/local_setup.bash
[30.104s] -- Installing: /home/user/ros2_ws/install/custom_interface/share/custom_interface/local_setup.sh
[30.106s] -- Installing: /home/user/ros2_ws/install/custom_interface/share/custom_interface/local_setup.zsh
[30.106s] -- Installing: /home/user/ros2_ws/install/custom_interface/share/custom_interface/local_setup.dsv
[30.106s] -- Installing: /home/user/ros2_ws/install/custom_interface/share/custom_interface/package.dsv
[30.106s] -- Installing: /home/user/ros2_ws/install/custom_interface/share/ament_index/resource_index/packages/custom_interface
[30.107s] -- Installing: /home/user/ros2_ws/install/custom_interface/share/custom_interface/cmake/export_custom_interface__rosidl_generator_cExport.cmake
[30.107s] -- Installing: /home/user/ros2_ws/install/custom_interface/share/custom_interface/cmake/export_custom_interface__rosidl_generator_cExport-noconfig.cmake
[30.107s] -- Installing: /home/user/ros2_ws/install/custom_interface/share/custom_interface/cmake/export_custom_interface__rosidl_typesupport_fastrtps_cExport.cmake
[30.108s] -- Installing: /home/user/ros2_ws/install/custom_interface/share/custom_interface/cmake/export_custom_interface__rosidl_typesupport_fastrtps_cExport-noconfig.cmake
[30.108s] -- Installing: /home/user/ros2_ws/install/custom_interface/share/custom_interface/cmake/export_custom_interface__rosidl_generator_cppExport.cmake
[30.108s] -- Installing: /home/user/ros2_ws/install/custom_interface/share/custom_interface/cmake/export_custom_interface__rosidl_typesupport_fastrtps_cppExport.cmake
[30.108s] -- Installing: /home/user/ros2_ws/install/custom_interface/share/custom_interface/cmake/export_custom_interface__rosidl_typesupport_fastrtps_cppExport-noconfig.cmake
[30.109s] -- Installing: /home/user/ros2_ws/install/custom_interface/share/custom_interface/cmake/custom_interface__rosidl_typesupport_introspection_cExport.cmake
[30.109s] -- Installing: /home/user/ros2_ws/install/custom_interface/share/custom_interface/cmake/custom_interface__rosidl_typesupport_introspection_cExport-noconfig.cmake
[30.109s] -- Installing: /home/user/ros2_ws/install/custom_interface/share/custom_interface/cmake/custom_interface__rosidl_typesupport_cExport.cmake
[30.110s] -- Installing: /home/user/ros2_ws/install/custom_interface/share/custom_interface/cmake/custom_interface__rosidl_typesupport_cExport-noconfig.cmake
[30.110s] -- Installing: /home/user/ros2_ws/install/custom_interface/share/custom_interface/cmake/custom_interface__rosidl_typesupport_introspection_cppExport.cmake
[30.110s] -- Installing: /home/user/ros2_ws/install/custom_interface/share/custom_interface/cmake/custom_interface__rosidl_typesupport_introspection_cppExport-noconfig.cmake
[30.110s] -- Installing: /home/user/ros2_ws/install/custom_interface/share/custom_interface/cmake/custom_interface__rosidl_typesupport_cppExport.cmake
[30.111s] -- Installing: /home/user/ros2_ws/install/custom_interface/share/custom_interface/cmake/custom_interface__rosidl_typesupport_cppExport-noconfig.cmake
[30.111s] -- Installing: /home/user/ros2_ws/install/custom_interface/share/custom_interface/cmake/export_custom_interface__rosidl_generator_pyExport.cmake
[30.111s] -- Installing: /home/user/ros2_ws/install/custom_interface/share/custom_interface/cmake/export_custom_interface__rosidl_generator_pyExport-noconfig.cmake
[30.111s] -- Installing: /home/user/ros2_ws/install/custom_interface/share/custom_interface/cmake/rosidl_cmake-extras.cmake
[30.111s] -- Installing: /home/user/ros2_ws/install/custom_interface/share/custom_interface/cmake/ament_cmake_export_include_directories-extras.cmake
[30.112s] -- Installing: /home/user/ros2_ws/install/custom_interface/share/custom_interface/cmake/ament_cmake_export_libraries-extras.cmake
[30.112s] -- Installing: /home/user/ros2_ws/install/custom_interface/share/custom_interface/cmake/ament_cmake_export_targets-extras.cmake
[30.112s] -- Installing: /home/user/ros2_ws/install/custom_interface/share/custom_interface/cmake/rosidl_cmake_export_typesupport_targets-extras.cmake
[30.112s] -- Installing: /home/user/ros2_ws/install/custom_interface/share/custom_interface/cmake/ament_cmake_export_dependencies-extras.cmake
[30.112s] -- Installing: /home/user/ros2_ws/install/custom_interface/share/custom_interface/cmake/rosidl_cmake_export_typesupport_libraries-extras.cmake
[30.112s] -- Installing: /home/user/ros2_ws/install/custom_interface/share/custom_interface/cmake/custom_interfaceConfig.cmake
[30.112s] -- Installing: /home/user/ros2_ws/install/custom_interface/share/custom_interface/cmake/custom_interfaceConfig-version.cmake
[30.113s] -- Installing: /home/user/ros2_ws/install/custom_interface/share/custom_interface/package.xml
[30.120s] Invoked command in '/home/user/ros2_ws/build/custom_interface' returned '0': CMAKE_PREFIX_PATH=${CMAKE_PREFIX_PATH}:/home/simulations/ros2_sims_ws/install/rclrs_tests:/home/simulations/ros2_sims_ws/install/examples_rclrs_minimal_client_service:/home/simulations/ros2_sims_ws/install/sensor_msgs_py:/home/simulations/ros2_sims_ws/install/examples_rclrs_minimal_pub_sub:/home/simulations/ros2_sims_ws/install/examples_rclrs_message_demo:/home/simulations/ros2_sims_ws/install/rclrs:/home/simulations/ros2_sims_ws/install/rosidl_runtime_rs:/home/user/ros2_ws/install/project_path_planning:/home/user/ros2_ws/install/project_mapping:/home/user/ros2_ws/install/project_localization:/opt/ros/humble _=/usr/bin/env /usr/bin/cmake --install /home/user/ros2_ws/build/custom_interface
