[0.074s] Invoking command in '/home/user/ros2_ws/build/custom_interface': CMAKE_PREFIX_PATH=${CMAKE_PREFIX_PATH}:/home/simulations/ros2_sims_ws/install/rclrs_tests:/home/simulations/ros2_sims_ws/install/examples_rclrs_minimal_client_service:/home/simulations/ros2_sims_ws/install/sensor_msgs_py:/home/simulations/ros2_sims_ws/install/examples_rclrs_minimal_pub_sub:/home/simulations/ros2_sims_ws/install/examples_rclrs_message_demo:/home/simulations/ros2_sims_ws/install/rclrs:/home/simulations/ros2_sims_ws/install/rosidl_runtime_rs:/home/user/ros2_ws/install/project_path_planning:/home/user/ros2_ws/install/project_mapping:/home/user/ros2_ws/install/project_localization:/opt/ros/humble _=/usr/bin/env /usr/bin/cmake --build /home/user/ros2_ws/build/custom_interface -- -j8 -l8
[1.708s] [  3%] [34m[1mGenerating Rust code for ROS interfaces[0m
[1.712s] [  6%] Built target custom_interface__cpp
[1.729s] [  6%] Built target ament_cmake_python_copy_custom_interface
[1.829s] [ 15%] Built target custom_interface__rosidl_generator_c
[1.840s] [ 25%] Built target custom_interface__rosidl_typesupport_introspection_cpp
[1.894s] [ 34%] Built target custom_interface__rosidl_typesupport_fastrtps_cpp
[1.931s] [ 43%] Built target custom_interface__rosidl_typesupport_cpp
[2.002s] [ 53%] Built target custom_interface__rosidl_typesupport_introspection_c
[2.004s] [ 62%] Built target custom_interface__rosidl_typesupport_c
[2.021s] [ 71%] Built target custom_interface__rosidl_typesupport_fastrtps_c
[2.494s] running egg_info
[2.494s] writing custom_interface.egg-info/PKG-INFO
[2.494s] writing dependency_links to custom_interface.egg-info/dependency_links.txt
[2.495s] writing top-level names to custom_interface.egg-info/top_level.txt
[2.500s] reading manifest file 'custom_interface.egg-info/SOURCES.txt'
[2.501s] writing manifest file 'custom_interface.egg-info/SOURCES.txt'
[2.533s] [ 71%] Built target custom_interface__rs
[2.549s] [ 71%] Built target ament_cmake_python_build_custom_interface_egg
[2.617s] [ 71%] Built target custom_interface
[2.660s] [ 75%] Built target custom_interface__py
[2.747s] [ 81%] Built target custom_interface__rosidl_generator_py
[2.804s] [ 87%] Built target custom_interface__rosidl_typesupport_introspection_c__pyext
[2.816s] [ 93%] Built target custom_interface__rosidl_typesupport_fastrtps_c__pyext
[2.823s] [100%] Built target custom_interface__rosidl_typesupport_c__pyext
[2.840s] Invoked command in '/home/user/ros2_ws/build/custom_interface' returned '0': CMAKE_PREFIX_PATH=${CMAKE_PREFIX_PATH}:/home/simulations/ros2_sims_ws/install/rclrs_tests:/home/simulations/ros2_sims_ws/install/examples_rclrs_minimal_client_service:/home/simulations/ros2_sims_ws/install/sensor_msgs_py:/home/simulations/ros2_sims_ws/install/examples_rclrs_minimal_pub_sub:/home/simulations/ros2_sims_ws/install/examples_rclrs_message_demo:/home/simulations/ros2_sims_ws/install/rclrs:/home/simulations/ros2_sims_ws/install/rosidl_runtime_rs:/home/user/ros2_ws/install/project_path_planning:/home/user/ros2_ws/install/project_mapping:/home/user/ros2_ws/install/project_localization:/opt/ros/humble _=/usr/bin/env /usr/bin/cmake --build /home/user/ros2_ws/build/custom_interface -- -j8 -l8
[3.053s] Invoking command in '/home/user/ros2_ws/build/custom_interface': CMAKE_PREFIX_PATH=${CMAKE_PREFIX_PATH}:/home/simulations/ros2_sims_ws/install/rclrs_tests:/home/simulations/ros2_sims_ws/install/examples_rclrs_minimal_client_service:/home/simulations/ros2_sims_ws/install/sensor_msgs_py:/home/simulations/ros2_sims_ws/install/examples_rclrs_minimal_pub_sub:/home/simulations/ros2_sims_ws/install/examples_rclrs_message_demo:/home/simulations/ros2_sims_ws/install/rclrs:/home/simulations/ros2_sims_ws/install/rosidl_runtime_rs:/home/user/ros2_ws/install/project_path_planning:/home/user/ros2_ws/install/project_mapping:/home/user/ros2_ws/install/project_localization:/opt/ros/humble _=/usr/bin/env /usr/bin/cmake --install /home/user/ros2_ws/build/custom_interface
[3.066s] -- Install configuration: ""
[3.067s] -- Up-to-date: /home/user/ros2_ws/install/custom_interface/share/ament_index/resource_index/rosidl_interfaces/custom_interface
[3.067s] -- Up-to-date: /home/user/ros2_ws/install/custom_interface/include/custom_interface/custom_interface
[3.068s] -- Up-to-date: /home/user/ros2_ws/install/custom_interface/include/custom_interface/custom_interface/srv
[3.068s] -- Up-to-date: /home/user/ros2_ws/install/custom_interface/include/custom_interface/custom_interface/srv/detail
[3.068s] -- Up-to-date: /home/user/ros2_ws/install/custom_interface/include/custom_interface/custom_interface/srv/detail/my_service_message__struct.h
[3.068s] -- Up-to-date: /home/user/ros2_ws/install/custom_interface/include/custom_interface/custom_interface/srv/detail/my_service_message__functions.c
[3.068s] -- Up-to-date: /home/user/ros2_ws/install/custom_interface/include/custom_interface/custom_interface/srv/detail/my_service_message__functions.h
[3.068s] -- Up-to-date: /home/user/ros2_ws/install/custom_interface/include/custom_interface/custom_interface/srv/detail/my_service_message__type_support.h
[3.069s] -- Up-to-date: /home/user/ros2_ws/install/custom_interface/include/custom_interface/custom_interface/srv/my_service_message.h
[3.069s] -- Up-to-date: /home/user/ros2_ws/install/custom_interface/include/custom_interface/custom_interface/msg
[3.069s] -- Up-to-date: /home/user/ros2_ws/install/custom_interface/include/custom_interface/custom_interface/msg/rosidl_generator_c__visibility_control.h
[3.069s] -- Up-to-date: /home/user/ros2_ws/install/custom_interface/share/custom_interface/environment/library_path.sh
[3.069s] -- Up-to-date: /home/user/ros2_ws/install/custom_interface/share/custom_interface/environment/library_path.dsv
[3.069s] -- Up-to-date: /home/user/ros2_ws/install/custom_interface/lib/libcustom_interface__rosidl_generator_c.so
[3.070s] -- Up-to-date: /home/user/ros2_ws/install/custom_interface/include/custom_interface/custom_interface
[3.070s] -- Up-to-date: /home/user/ros2_ws/install/custom_interface/include/custom_interface/custom_interface/srv
[3.070s] -- Up-to-date: /home/user/ros2_ws/install/custom_interface/include/custom_interface/custom_interface/srv/detail
[3.070s] -- Up-to-date: /home/user/ros2_ws/install/custom_interface/include/custom_interface/custom_interface/srv/detail/my_service_message__rosidl_typesupport_fastrtps_c.h
[3.070s] -- Up-to-date: /home/user/ros2_ws/install/custom_interface/include/custom_interface/custom_interface/msg
[3.071s] -- Up-to-date: /home/user/ros2_ws/install/custom_interface/include/custom_interface/custom_interface/msg/rosidl_typesupport_fastrtps_c__visibility_control.h
[3.071s] -- Up-to-date: /home/user/ros2_ws/install/custom_interface/lib/libcustom_interface__rosidl_typesupport_fastrtps_c.so
[3.071s] -- Up-to-date: /home/user/ros2_ws/install/custom_interface/include/custom_interface/custom_interface
[3.071s] -- Up-to-date: /home/user/ros2_ws/install/custom_interface/include/custom_interface/custom_interface/srv
[3.071s] -- Up-to-date: /home/user/ros2_ws/install/custom_interface/include/custom_interface/custom_interface/srv/detail
[3.071s] -- Up-to-date: /home/user/ros2_ws/install/custom_interface/include/custom_interface/custom_interface/srv/detail/my_service_message__traits.hpp
[3.071s] -- Up-to-date: /home/user/ros2_ws/install/custom_interface/include/custom_interface/custom_interface/srv/detail/my_service_message__builder.hpp
[3.072s] -- Up-to-date: /home/user/ros2_ws/install/custom_interface/include/custom_interface/custom_interface/srv/detail/my_service_message__struct.hpp
[3.072s] -- Up-to-date: /home/user/ros2_ws/install/custom_interface/include/custom_interface/custom_interface/srv/my_service_message.hpp
[3.072s] -- Up-to-date: /home/user/ros2_ws/install/custom_interface/include/custom_interface/custom_interface
[3.072s] -- Up-to-date: /home/user/ros2_ws/install/custom_interface/include/custom_interface/custom_interface/srv
[3.072s] -- Up-to-date: /home/user/ros2_ws/install/custom_interface/include/custom_interface/custom_interface/srv/detail
[3.073s] -- Up-to-date: /home/user/ros2_ws/install/custom_interface/include/custom_interface/custom_interface/srv/detail/my_service_message__rosidl_typesupport_fastrtps_cpp.hpp
[3.073s] -- Up-to-date: /home/user/ros2_ws/install/custom_interface/include/custom_interface/custom_interface/srv/detail/dds_fastrtps
[3.073s] -- Up-to-date: /home/user/ros2_ws/install/custom_interface/include/custom_interface/custom_interface/msg
[3.073s] -- Up-to-date: /home/user/ros2_ws/install/custom_interface/include/custom_interface/custom_interface/msg/rosidl_typesupport_fastrtps_cpp__visibility_control.h
[3.073s] -- Up-to-date: /home/user/ros2_ws/install/custom_interface/lib/libcustom_interface__rosidl_typesupport_fastrtps_cpp.so
[3.073s] -- Up-to-date: /home/user/ros2_ws/install/custom_interface/include/custom_interface/custom_interface
[3.074s] -- Up-to-date: /home/user/ros2_ws/install/custom_interface/include/custom_interface/custom_interface/srv
[3.074s] -- Up-to-date: /home/user/ros2_ws/install/custom_interface/include/custom_interface/custom_interface/srv/detail
[3.074s] -- Up-to-date: /home/user/ros2_ws/install/custom_interface/include/custom_interface/custom_interface/srv/detail/my_service_message__rosidl_typesupport_introspection_c.h
[3.074s] -- Up-to-date: /home/user/ros2_ws/install/custom_interface/include/custom_interface/custom_interface/srv/detail/my_service_message__type_support.c
[3.075s] -- Up-to-date: /home/user/ros2_ws/install/custom_interface/include/custom_interface/custom_interface/msg
[3.075s] -- Up-to-date: /home/user/ros2_ws/install/custom_interface/include/custom_interface/custom_interface/msg/rosidl_typesupport_introspection_c__visibility_control.h
[3.075s] -- Up-to-date: /home/user/ros2_ws/install/custom_interface/lib/libcustom_interface__rosidl_typesupport_introspection_c.so
[3.075s] -- Up-to-date: /home/user/ros2_ws/install/custom_interface/lib/libcustom_interface__rosidl_typesupport_c.so
[3.075s] -- Up-to-date: /home/user/ros2_ws/install/custom_interface/include/custom_interface/custom_interface
[3.075s] -- Up-to-date: /home/user/ros2_ws/install/custom_interface/include/custom_interface/custom_interface/srv
[3.076s] -- Up-to-date: /home/user/ros2_ws/install/custom_interface/include/custom_interface/custom_interface/srv/detail
[3.076s] -- Up-to-date: /home/user/ros2_ws/install/custom_interface/include/custom_interface/custom_interface/srv/detail/my_service_message__type_support.cpp
[3.076s] -- Up-to-date: /home/user/ros2_ws/install/custom_interface/include/custom_interface/custom_interface/srv/detail/my_service_message__rosidl_typesupport_introspection_cpp.hpp
[3.076s] -- Up-to-date: /home/user/ros2_ws/install/custom_interface/lib/libcustom_interface__rosidl_typesupport_introspection_cpp.so
[3.076s] -- Up-to-date: /home/user/ros2_ws/install/custom_interface/lib/libcustom_interface__rosidl_typesupport_cpp.so
[3.076s] -- Up-to-date: /home/user/ros2_ws/install/custom_interface/share/ament_index/resource_index/rust_packages/custom_interface
[3.076s] -- Up-to-date: /home/user/ros2_ws/install/custom_interface/share/custom_interface/rust
[3.077s] -- Installing: /home/user/ros2_ws/install/custom_interface/share/custom_interface/rust/Cargo.toml
[3.077s] -- Up-to-date: /home/user/ros2_ws/install/custom_interface/share/custom_interface/rust/src
[3.077s] -- Installing: /home/user/ros2_ws/install/custom_interface/share/custom_interface/rust/src/srv.rs
[3.077s] -- Installing: /home/user/ros2_ws/install/custom_interface/share/custom_interface/rust/src/lib.rs
[3.077s] -- Installing: /home/user/ros2_ws/install/custom_interface/share/custom_interface/rust/build.rs
[3.077s] -- Up-to-date: /home/user/ros2_ws/install/custom_interface/share/custom_interface/rust
[3.077s] -- Up-to-date: /home/user/ros2_ws/install/custom_interface/share/custom_interface/rust/Cargo.toml
[3.077s] -- Up-to-date: /home/user/ros2_ws/install/custom_interface/share/custom_interface/rust/src
[3.077s] -- Up-to-date: /home/user/ros2_ws/install/custom_interface/share/custom_interface/rust/src/srv.rs
[3.077s] -- Up-to-date: /home/user/ros2_ws/install/custom_interface/share/custom_interface/rust/src/lib.rs
[3.078s] -- Up-to-date: /home/user/ros2_ws/install/custom_interface/share/custom_interface/rust/build.rs
[3.078s] -- Up-to-date: /home/user/ros2_ws/install/custom_interface/share/custom_interface/rust
[3.078s] -- Up-to-date: /home/user/ros2_ws/install/custom_interface/share/custom_interface/rust/Cargo.toml
[3.078s] -- Up-to-date: /home/user/ros2_ws/install/custom_interface/share/custom_interface/rust/src
[3.078s] -- Up-to-date: /home/user/ros2_ws/install/custom_interface/share/custom_interface/rust/src/srv.rs
[3.078s] -- Up-to-date: /home/user/ros2_ws/install/custom_interface/share/custom_interface/rust/src/lib.rs
[3.078s] -- Up-to-date: /home/user/ros2_ws/install/custom_interface/share/custom_interface/rust/build.rs
[3.078s] -- Up-to-date: /home/user/ros2_ws/install/custom_interface/share/custom_interface/environment/pythonpath.sh
[3.078s] -- Up-to-date: /home/user/ros2_ws/install/custom_interface/share/custom_interface/environment/pythonpath.dsv
[3.078s] -- Up-to-date: /home/user/ros2_ws/install/custom_interface/local/lib/python3.10/dist-packages/custom_interface-0.0.0-py3.10.egg-info
[3.078s] -- Installing: /home/user/ros2_ws/install/custom_interface/local/lib/python3.10/dist-packages/custom_interface-0.0.0-py3.10.egg-info/PKG-INFO
[3.078s] -- Installing: /home/user/ros2_ws/install/custom_interface/local/lib/python3.10/dist-packages/custom_interface-0.0.0-py3.10.egg-info/top_level.txt
[3.079s] -- Installing: /home/user/ros2_ws/install/custom_interface/local/lib/python3.10/dist-packages/custom_interface-0.0.0-py3.10.egg-info/SOURCES.txt
[3.079s] -- Installing: /home/user/ros2_ws/install/custom_interface/local/lib/python3.10/dist-packages/custom_interface-0.0.0-py3.10.egg-info/dependency_links.txt
[3.079s] -- Up-to-date: /home/user/ros2_ws/install/custom_interface/local/lib/python3.10/dist-packages/custom_interface
[3.079s] -- Up-to-date: /home/user/ros2_ws/install/custom_interface/local/lib/python3.10/dist-packages/custom_interface/_custom_interface_s.ep.rosidl_typesupport_c.c
[3.079s] -- Up-to-date: /home/user/ros2_ws/install/custom_interface/local/lib/python3.10/dist-packages/custom_interface/libcustom_interface__rosidl_generator_py.so
[3.079s] -- Up-to-date: /home/user/ros2_ws/install/custom_interface/local/lib/python3.10/dist-packages/custom_interface/_custom_interface_s.ep.rosidl_typesupport_introspection_c.c
[3.079s] -- Up-to-date: /home/user/ros2_ws/install/custom_interface/local/lib/python3.10/dist-packages/custom_interface/srv
[3.079s] -- Up-to-date: /home/user/ros2_ws/install/custom_interface/local/lib/python3.10/dist-packages/custom_interface/srv/_my_service_message_s.c
[3.079s] -- Up-to-date: /home/user/ros2_ws/install/custom_interface/local/lib/python3.10/dist-packages/custom_interface/srv/__init__.py
[3.079s] -- Up-to-date: /home/user/ros2_ws/install/custom_interface/local/lib/python3.10/dist-packages/custom_interface/srv/_my_service_message.py
[3.079s] -- Up-to-date: /home/user/ros2_ws/install/custom_interface/local/lib/python3.10/dist-packages/custom_interface/__init__.py
[3.080s] -- Up-to-date: /home/user/ros2_ws/install/custom_interface/local/lib/python3.10/dist-packages/custom_interface/custom_interface_s__rosidl_typesupport_c.cpython-310-x86_64-linux-gnu.so
[3.080s] -- Up-to-date: /home/user/ros2_ws/install/custom_interface/local/lib/python3.10/dist-packages/custom_interface/_custom_interface_s.ep.rosidl_typesupport_fastrtps_c.c
[3.080s] -- Up-to-date: /home/user/ros2_ws/install/custom_interface/local/lib/python3.10/dist-packages/custom_interface/custom_interface_s__rosidl_typesupport_fastrtps_c.cpython-310-x86_64-linux-gnu.so
[3.080s] -- Up-to-date: /home/user/ros2_ws/install/custom_interface/local/lib/python3.10/dist-packages/custom_interface/custom_interface_s__rosidl_typesupport_introspection_c.cpython-310-x86_64-linux-gnu.so
[3.139s] Listing '/home/user/ros2_ws/install/custom_interface/local/lib/python3.10/dist-packages/custom_interface'...
[3.140s] Listing '/home/user/ros2_ws/install/custom_interface/local/lib/python3.10/dist-packages/custom_interface/srv'...
[3.145s] -- Up-to-date: /home/user/ros2_ws/install/custom_interface/local/lib/python3.10/dist-packages/custom_interface/custom_interface_s__rosidl_typesupport_fastrtps_c.cpython-310-x86_64-linux-gnu.so
[3.146s] -- Up-to-date: /home/user/ros2_ws/install/custom_interface/local/lib/python3.10/dist-packages/custom_interface/custom_interface_s__rosidl_typesupport_introspection_c.cpython-310-x86_64-linux-gnu.so
[3.146s] -- Up-to-date: /home/user/ros2_ws/install/custom_interface/local/lib/python3.10/dist-packages/custom_interface/custom_interface_s__rosidl_typesupport_c.cpython-310-x86_64-linux-gnu.so
[3.147s] -- Up-to-date: /home/user/ros2_ws/install/custom_interface/lib/libcustom_interface__rosidl_generator_py.so
[3.147s] -- Up-to-date: /home/user/ros2_ws/install/custom_interface/share/custom_interface/srv/MyServiceMessage.idl
[3.147s] -- Up-to-date: /home/user/ros2_ws/install/custom_interface/share/custom_interface/srv/MyServiceMessage.srv
[3.147s] -- Up-to-date: /home/user/ros2_ws/install/custom_interface/share/custom_interface/srv/MyServiceMessage_Request.msg
[3.147s] -- Up-to-date: /home/user/ros2_ws/install/custom_interface/share/custom_interface/srv/MyServiceMessage_Response.msg
[3.148s] -- Up-to-date: /home/user/ros2_ws/install/custom_interface/share/ament_index/resource_index/package_run_dependencies/custom_interface
[3.148s] -- Up-to-date: /home/user/ros2_ws/install/custom_interface/share/ament_index/resource_index/parent_prefix_path/custom_interface
[3.148s] -- Up-to-date: /home/user/ros2_ws/install/custom_interface/share/custom_interface/environment/ament_prefix_path.sh
[3.148s] -- Up-to-date: /home/user/ros2_ws/install/custom_interface/share/custom_interface/environment/ament_prefix_path.dsv
[3.148s] -- Up-to-date: /home/user/ros2_ws/install/custom_interface/share/custom_interface/environment/path.sh
[3.149s] -- Up-to-date: /home/user/ros2_ws/install/custom_interface/share/custom_interface/environment/path.dsv
[3.149s] -- Up-to-date: /home/user/ros2_ws/install/custom_interface/share/custom_interface/local_setup.bash
[3.149s] -- Up-to-date: /home/user/ros2_ws/install/custom_interface/share/custom_interface/local_setup.sh
[3.149s] -- Up-to-date: /home/user/ros2_ws/install/custom_interface/share/custom_interface/local_setup.zsh
[3.150s] -- Up-to-date: /home/user/ros2_ws/install/custom_interface/share/custom_interface/local_setup.dsv
[3.150s] -- Installing: /home/user/ros2_ws/install/custom_interface/share/custom_interface/package.dsv
[3.150s] -- Up-to-date: /home/user/ros2_ws/install/custom_interface/share/ament_index/resource_index/packages/custom_interface
[3.151s] -- Up-to-date: /home/user/ros2_ws/install/custom_interface/share/custom_interface/cmake/export_custom_interface__rosidl_generator_cExport.cmake
[3.151s] -- Up-to-date: /home/user/ros2_ws/install/custom_interface/share/custom_interface/cmake/export_custom_interface__rosidl_generator_cExport-noconfig.cmake
[3.151s] -- Up-to-date: /home/user/ros2_ws/install/custom_interface/share/custom_interface/cmake/export_custom_interface__rosidl_typesupport_fastrtps_cExport.cmake
[3.151s] -- Up-to-date: /home/user/ros2_ws/install/custom_interface/share/custom_interface/cmake/export_custom_interface__rosidl_typesupport_fastrtps_cExport-noconfig.cmake
[3.151s] -- Up-to-date: /home/user/ros2_ws/install/custom_interface/share/custom_interface/cmake/export_custom_interface__rosidl_generator_cppExport.cmake
[3.152s] -- Up-to-date: /home/user/ros2_ws/install/custom_interface/share/custom_interface/cmake/export_custom_interface__rosidl_typesupport_fastrtps_cppExport.cmake
[3.152s] -- Up-to-date: /home/user/ros2_ws/install/custom_interface/share/custom_interface/cmake/export_custom_interface__rosidl_typesupport_fastrtps_cppExport-noconfig.cmake
[3.152s] -- Up-to-date: /home/user/ros2_ws/install/custom_interface/share/custom_interface/cmake/custom_interface__rosidl_typesupport_introspection_cExport.cmake
[3.152s] -- Up-to-date: /home/user/ros2_ws/install/custom_interface/share/custom_interface/cmake/custom_interface__rosidl_typesupport_introspection_cExport-noconfig.cmake
[3.152s] -- Up-to-date: /home/user/ros2_ws/install/custom_interface/share/custom_interface/cmake/custom_interface__rosidl_typesupport_cExport.cmake
[3.152s] -- Up-to-date: /home/user/ros2_ws/install/custom_interface/share/custom_interface/cmake/custom_interface__rosidl_typesupport_cExport-noconfig.cmake
[3.153s] -- Up-to-date: /home/user/ros2_ws/install/custom_interface/share/custom_interface/cmake/custom_interface__rosidl_typesupport_introspection_cppExport.cmake
[3.153s] -- Up-to-date: /home/user/ros2_ws/install/custom_interface/share/custom_interface/cmake/custom_interface__rosidl_typesupport_introspection_cppExport-noconfig.cmake
[3.153s] -- Up-to-date: /home/user/ros2_ws/install/custom_interface/share/custom_interface/cmake/custom_interface__rosidl_typesupport_cppExport.cmake
[3.153s] -- Up-to-date: /home/user/ros2_ws/install/custom_interface/share/custom_interface/cmake/custom_interface__rosidl_typesupport_cppExport-noconfig.cmake
[3.153s] -- Up-to-date: /home/user/ros2_ws/install/custom_interface/share/custom_interface/cmake/export_custom_interface__rosidl_generator_pyExport.cmake
[3.153s] -- Up-to-date: /home/user/ros2_ws/install/custom_interface/share/custom_interface/cmake/export_custom_interface__rosidl_generator_pyExport-noconfig.cmake
[3.155s] -- Up-to-date: /home/user/ros2_ws/install/custom_interface/share/custom_interface/cmake/rosidl_cmake-extras.cmake
[3.156s] -- Up-to-date: /home/user/ros2_ws/install/custom_interface/share/custom_interface/cmake/ament_cmake_export_include_directories-extras.cmake
[3.156s] -- Up-to-date: /home/user/ros2_ws/install/custom_interface/share/custom_interface/cmake/ament_cmake_export_libraries-extras.cmake
[3.156s] -- Up-to-date: /home/user/ros2_ws/install/custom_interface/share/custom_interface/cmake/ament_cmake_export_targets-extras.cmake
[3.157s] -- Up-to-date: /home/user/ros2_ws/install/custom_interface/share/custom_interface/cmake/rosidl_cmake_export_typesupport_targets-extras.cmake
[3.157s] -- Up-to-date: /home/user/ros2_ws/install/custom_interface/share/custom_interface/cmake/ament_cmake_export_dependencies-extras.cmake
[3.158s] -- Up-to-date: /home/user/ros2_ws/install/custom_interface/share/custom_interface/cmake/rosidl_cmake_export_typesupport_libraries-extras.cmake
[3.158s] -- Up-to-date: /home/user/ros2_ws/install/custom_interface/share/custom_interface/cmake/custom_interfaceConfig.cmake
[3.158s] -- Up-to-date: /home/user/ros2_ws/install/custom_interface/share/custom_interface/cmake/custom_interfaceConfig-version.cmake
[3.158s] -- Up-to-date: /home/user/ros2_ws/install/custom_interface/share/custom_interface/package.xml
[3.158s] Invoked command in '/home/user/ros2_ws/build/custom_interface' returned '0': CMAKE_PREFIX_PATH=${CMAKE_PREFIX_PATH}:/home/simulations/ros2_sims_ws/install/rclrs_tests:/home/simulations/ros2_sims_ws/install/examples_rclrs_minimal_client_service:/home/simulations/ros2_sims_ws/install/sensor_msgs_py:/home/simulations/ros2_sims_ws/install/examples_rclrs_minimal_pub_sub:/home/simulations/ros2_sims_ws/install/examples_rclrs_message_demo:/home/simulations/ros2_sims_ws/install/rclrs:/home/simulations/ros2_sims_ws/install/rosidl_runtime_rs:/home/user/ros2_ws/install/project_path_planning:/home/user/ros2_ws/install/project_mapping:/home/user/ros2_ws/install/project_localization:/opt/ros/humble _=/usr/bin/env /usr/bin/cmake --install /home/user/ros2_ws/build/custom_interface
