[1.249s] DEBUG:colcon:Command line arguments: ['/usr/bin/colcon', 'build', '--packages-select', 'project_path_planning']
[1.249s] DEBUG:colcon:Parsed command line arguments: Namespace(log_base=None, log_level=None, verb_name='build', build_base='build', install_base='install', merge_install=False, symlink_install=False, test_result_base=None, continue_on_error=False, executor='parallel', parallel_workers=8, event_handlers=None, ignore_user_meta=False, metas=['./colcon.meta'], base_paths=['.'], packages_ignore=None, packages_ignore_regex=None, paths=None, packages_up_to=None, packages_up_to_regex=None, packages_above=None, packages_above_and_dependencies=None, packages_above_depth=None, packages_select_by_dep=None, packages_skip_by_dep=None, packages_skip_up_to=None, packages_select_build_failed=False, packages_skip_build_finished=False, packages_select_test_failures=False, packages_skip_test_passed=False, packages_select=['project_path_planning'], packages_skip=None, packages_select_regex=None, packages_skip_regex=None, packages_start=None, packages_end=None, lookup_in_workspace=False, cargo_args=None, clean_build=False, cmake_args=None, cmake_target=None, cmake_target_skip_unavailable=False, cmake_clean_cache=False, cmake_clean_first=False, cmake_force_configure=False, ament_cmake_args=None, catkin_cmake_args=None, catkin_skip_building_tests=False, mixin_files=None, mixin=None, verb_parser=<colcon_mixin.mixin.mixin_argument.MixinArgumentDecorator object at 0x7f500cebc6a0>, verb_extension=<colcon_core.verb.build.BuildVerb object at 0x7f500d6286a0>, main=<bound method BuildVerb.main of <colcon_core.verb.build.BuildVerb object at 0x7f500d6286a0>>, mixin_verb=('build',))
[1.352s] Level 1:colcon.colcon_core.package_discovery:discover_packages(colcon_meta) check parameters
[1.353s] Level 1:colcon.colcon_core.package_discovery:discover_packages(recursive) check parameters
[1.353s] Level 1:colcon.colcon_core.package_discovery:discover_packages(ignore) check parameters
[1.353s] Level 1:colcon.colcon_core.package_discovery:discover_packages(path) check parameters
[1.353s] Level 1:colcon.colcon_core.package_discovery:discover_packages(colcon_meta) discover
[1.353s] Level 1:colcon.colcon_core.package_discovery:discover_packages(recursive) discover
[1.353s] INFO:colcon.colcon_core.package_discovery:Crawling recursively for packages in '/home/user/ros2_ws'
[1.353s] Level 1:colcon.colcon_core.package_identification:_identify(.) by extensions ['ignore', 'ignore_ament_install']
[1.353s] Level 1:colcon.colcon_core.package_identification:_identify(.) by extension 'ignore'
[1.354s] Level 1:colcon.colcon_core.package_identification:_identify(.) by extension 'ignore_ament_install'
[1.354s] Level 1:colcon.colcon_core.package_identification:_identify(.) by extensions ['colcon_pkg']
[1.354s] Level 1:colcon.colcon_core.package_identification:_identify(.) by extension 'colcon_pkg'
[1.354s] Level 1:colcon.colcon_core.package_identification:_identify(.) by extensions ['colcon_meta']
[1.354s] Level 1:colcon.colcon_core.package_identification:_identify(.) by extension 'colcon_meta'
[1.354s] Level 1:colcon.colcon_core.package_identification:_identify(.) by extensions ['ament_cargo']
[1.354s] Level 1:colcon.colcon_core.package_identification:_identify(.) by extension 'ament_cargo'
[1.354s] Level 1:colcon.colcon_core.package_identification:_identify(.) by extensions ['ros']
[1.354s] Level 1:colcon.colcon_core.package_identification:_identify(.) by extension 'ros'
[1.376s] Level 1:colcon.colcon_core.package_identification:_identify(.) by extensions ['cargo', 'cmake', 'python']
[1.377s] Level 1:colcon.colcon_core.package_identification:_identify(.) by extension 'cargo'
[1.377s] Level 1:colcon.colcon_core.package_identification:_identify(.) by extension 'cmake'
[1.377s] Level 1:colcon.colcon_core.package_identification:_identify(.) by extension 'python'
[1.377s] Level 1:colcon.colcon_core.package_identification:_identify(.) by extensions ['python_setup_py']
[1.377s] Level 1:colcon.colcon_core.package_identification:_identify(.) by extension 'python_setup_py'
[1.377s] Level 1:colcon.colcon_core.package_identification:_identify(build) by extensions ['ignore', 'ignore_ament_install']
[1.377s] Level 1:colcon.colcon_core.package_identification:_identify(build) by extension 'ignore'
[1.377s] Level 1:colcon.colcon_core.package_identification:_identify(build) ignored
[1.378s] Level 1:colcon.colcon_core.package_identification:_identify(install) by extensions ['ignore', 'ignore_ament_install']
[1.378s] Level 1:colcon.colcon_core.package_identification:_identify(install) by extension 'ignore'
[1.378s] Level 1:colcon.colcon_core.package_identification:_identify(install) ignored
[1.378s] Level 1:colcon.colcon_core.package_identification:_identify(log) by extensions ['ignore', 'ignore_ament_install']
[1.378s] Level 1:colcon.colcon_core.package_identification:_identify(log) by extension 'ignore'
[1.378s] Level 1:colcon.colcon_core.package_identification:_identify(log) ignored
[1.378s] Level 1:colcon.colcon_core.package_identification:_identify(src) by extensions ['ignore', 'ignore_ament_install']
[1.378s] Level 1:colcon.colcon_core.package_identification:_identify(src) by extension 'ignore'
[1.378s] Level 1:colcon.colcon_core.package_identification:_identify(src) by extension 'ignore_ament_install'
[1.379s] Level 1:colcon.colcon_core.package_identification:_identify(src) by extensions ['colcon_pkg']
[1.379s] Level 1:colcon.colcon_core.package_identification:_identify(src) by extension 'colcon_pkg'
[1.379s] Level 1:colcon.colcon_core.package_identification:_identify(src) by extensions ['colcon_meta']
[1.379s] Level 1:colcon.colcon_core.package_identification:_identify(src) by extension 'colcon_meta'
[1.379s] Level 1:colcon.colcon_core.package_identification:_identify(src) by extensions ['ament_cargo']
[1.379s] Level 1:colcon.colcon_core.package_identification:_identify(src) by extension 'ament_cargo'
[1.379s] Level 1:colcon.colcon_core.package_identification:_identify(src) by extensions ['ros']
[1.379s] Level 1:colcon.colcon_core.package_identification:_identify(src) by extension 'ros'
[1.379s] Level 1:colcon.colcon_core.package_identification:_identify(src) by extensions ['cargo', 'cmake', 'python']
[1.379s] Level 1:colcon.colcon_core.package_identification:_identify(src) by extension 'cargo'
[1.379s] Level 1:colcon.colcon_core.package_identification:_identify(src) by extension 'cmake'
[1.379s] Level 1:colcon.colcon_core.package_identification:_identify(src) by extension 'python'
[1.379s] Level 1:colcon.colcon_core.package_identification:_identify(src) by extensions ['python_setup_py']
[1.380s] Level 1:colcon.colcon_core.package_identification:_identify(src) by extension 'python_setup_py'
[1.380s] Level 1:colcon.colcon_core.package_identification:_identify(src/custom_interface) by extensions ['ignore', 'ignore_ament_install']
[1.380s] Level 1:colcon.colcon_core.package_identification:_identify(src/custom_interface) by extension 'ignore'
[1.380s] Level 1:colcon.colcon_core.package_identification:_identify(src/custom_interface) by extension 'ignore_ament_install'
[1.380s] Level 1:colcon.colcon_core.package_identification:_identify(src/custom_interface) by extensions ['colcon_pkg']
[1.380s] Level 1:colcon.colcon_core.package_identification:_identify(src/custom_interface) by extension 'colcon_pkg'
[1.380s] Level 1:colcon.colcon_core.package_identification:_identify(src/custom_interface) by extensions ['colcon_meta']
[1.380s] Level 1:colcon.colcon_core.package_identification:_identify(src/custom_interface) by extension 'colcon_meta'
[1.380s] Level 1:colcon.colcon_core.package_identification:_identify(src/custom_interface) by extensions ['ament_cargo']
[1.380s] Level 1:colcon.colcon_core.package_identification:_identify(src/custom_interface) by extension 'ament_cargo'
[1.380s] Level 1:colcon.colcon_core.package_identification:_identify(src/custom_interface) by extensions ['ros']
[1.381s] Level 1:colcon.colcon_core.package_identification:_identify(src/custom_interface) by extension 'ros'
[1.386s] DEBUG:colcon.colcon_core.package_identification:Package 'src/custom_interface' with type 'ros.ament_cmake' and name 'custom_interface'
[1.386s] Level 1:colcon.colcon_core.package_identification:_identify(src/project_localization) by extensions ['ignore', 'ignore_ament_install']
[1.386s] Level 1:colcon.colcon_core.package_identification:_identify(src/project_localization) by extension 'ignore'
[1.386s] Level 1:colcon.colcon_core.package_identification:_identify(src/project_localization) by extension 'ignore_ament_install'
[1.386s] Level 1:colcon.colcon_core.package_identification:_identify(src/project_localization) by extensions ['colcon_pkg']
[1.387s] Level 1:colcon.colcon_core.package_identification:_identify(src/project_localization) by extension 'colcon_pkg'
[1.387s] Level 1:colcon.colcon_core.package_identification:_identify(src/project_localization) by extensions ['colcon_meta']
[1.387s] Level 1:colcon.colcon_core.package_identification:_identify(src/project_localization) by extension 'colcon_meta'
[1.387s] Level 1:colcon.colcon_core.package_identification:_identify(src/project_localization) by extensions ['ament_cargo']
[1.387s] Level 1:colcon.colcon_core.package_identification:_identify(src/project_localization) by extension 'ament_cargo'
[1.387s] Level 1:colcon.colcon_core.package_identification:_identify(src/project_localization) by extensions ['ros']
[1.387s] Level 1:colcon.colcon_core.package_identification:_identify(src/project_localization) by extension 'ros'
[1.389s] DEBUG:colcon.colcon_core.package_identification:Package 'src/project_localization' with type 'ros.ament_python' and name 'project_localization'
[1.389s] Level 1:colcon.colcon_core.package_identification:_identify(src/project_mapping) by extensions ['ignore', 'ignore_ament_install']
[1.389s] Level 1:colcon.colcon_core.package_identification:_identify(src/project_mapping) by extension 'ignore'
[1.389s] Level 1:colcon.colcon_core.package_identification:_identify(src/project_mapping) by extension 'ignore_ament_install'
[1.389s] Level 1:colcon.colcon_core.package_identification:_identify(src/project_mapping) by extensions ['colcon_pkg']
[1.389s] Level 1:colcon.colcon_core.package_identification:_identify(src/project_mapping) by extension 'colcon_pkg'
[1.389s] Level 1:colcon.colcon_core.package_identification:_identify(src/project_mapping) by extensions ['colcon_meta']
[1.389s] Level 1:colcon.colcon_core.package_identification:_identify(src/project_mapping) by extension 'colcon_meta'
[1.389s] Level 1:colcon.colcon_core.package_identification:_identify(src/project_mapping) by extensions ['ament_cargo']
[1.390s] Level 1:colcon.colcon_core.package_identification:_identify(src/project_mapping) by extension 'ament_cargo'
[1.390s] Level 1:colcon.colcon_core.package_identification:_identify(src/project_mapping) by extensions ['ros']
[1.390s] Level 1:colcon.colcon_core.package_identification:_identify(src/project_mapping) by extension 'ros'
[1.391s] DEBUG:colcon.colcon_core.package_identification:Package 'src/project_mapping' with type 'ros.ament_python' and name 'project_mapping'
[1.391s] Level 1:colcon.colcon_core.package_identification:_identify(src/project_path_planning) by extensions ['ignore', 'ignore_ament_install']
[1.391s] Level 1:colcon.colcon_core.package_identification:_identify(src/project_path_planning) by extension 'ignore'
[1.391s] Level 1:colcon.colcon_core.package_identification:_identify(src/project_path_planning) by extension 'ignore_ament_install'
[1.391s] Level 1:colcon.colcon_core.package_identification:_identify(src/project_path_planning) by extensions ['colcon_pkg']
[1.392s] Level 1:colcon.colcon_core.package_identification:_identify(src/project_path_planning) by extension 'colcon_pkg'
[1.392s] Level 1:colcon.colcon_core.package_identification:_identify(src/project_path_planning) by extensions ['colcon_meta']
[1.392s] Level 1:colcon.colcon_core.package_identification:_identify(src/project_path_planning) by extension 'colcon_meta'
[1.392s] Level 1:colcon.colcon_core.package_identification:_identify(src/project_path_planning) by extensions ['ament_cargo']
[1.392s] Level 1:colcon.colcon_core.package_identification:_identify(src/project_path_planning) by extension 'ament_cargo'
[1.392s] Level 1:colcon.colcon_core.package_identification:_identify(src/project_path_planning) by extensions ['ros']
[1.392s] Level 1:colcon.colcon_core.package_identification:_identify(src/project_path_planning) by extension 'ros'
[1.393s] DEBUG:colcon.colcon_core.package_identification:Package 'src/project_path_planning' with type 'ros.ament_python' and name 'project_path_planning'
[1.394s] Level 1:colcon.colcon_core.package_discovery:discover_packages(recursive) using defaults
[1.394s] Level 1:colcon.colcon_core.package_discovery:discover_packages(ignore) discover
[1.394s] Level 1:colcon.colcon_core.package_discovery:discover_packages(ignore) using defaults
[1.394s] Level 1:colcon.colcon_core.package_discovery:discover_packages(path) discover
[1.394s] Level 1:colcon.colcon_core.package_discovery:discover_packages(path) using defaults
[1.456s] INFO:colcon.colcon_core.package_selection:Skipping not selected package 'custom_interface' in 'src/custom_interface'
[1.456s] INFO:colcon.colcon_core.package_selection:Skipping not selected package 'project_mapping' in 'src/project_mapping'
[1.456s] INFO:colcon.colcon_core.package_selection:Skipping not selected package 'project_localization' in 'src/project_localization'
[1.462s] Level 5:colcon.colcon_core.verb:set package 'project_path_planning' build argument 'lookup_in_workspace' from command line to 'False'
[1.462s] Level 5:colcon.colcon_core.verb:set package 'project_path_planning' build argument 'cargo_args' from command line to 'None'
[1.463s] Level 5:colcon.colcon_core.verb:set package 'project_path_planning' build argument 'clean_build' from command line to 'False'
[1.463s] Level 5:colcon.colcon_core.verb:set package 'project_path_planning' build argument 'cmake_args' from command line to 'None'
[1.463s] Level 5:colcon.colcon_core.verb:set package 'project_path_planning' build argument 'cmake_target' from command line to 'None'
[1.463s] Level 5:colcon.colcon_core.verb:set package 'project_path_planning' build argument 'cmake_target_skip_unavailable' from command line to 'False'
[1.463s] Level 5:colcon.colcon_core.verb:set package 'project_path_planning' build argument 'cmake_clean_cache' from command line to 'False'
[1.463s] Level 5:colcon.colcon_core.verb:set package 'project_path_planning' build argument 'cmake_clean_first' from command line to 'False'
[1.463s] Level 5:colcon.colcon_core.verb:set package 'project_path_planning' build argument 'cmake_force_configure' from command line to 'False'
[1.463s] Level 5:colcon.colcon_core.verb:set package 'project_path_planning' build argument 'ament_cmake_args' from command line to 'None'
[1.463s] Level 5:colcon.colcon_core.verb:set package 'project_path_planning' build argument 'catkin_cmake_args' from command line to 'None'
[1.463s] Level 5:colcon.colcon_core.verb:set package 'project_path_planning' build argument 'catkin_skip_building_tests' from command line to 'False'
[1.463s] DEBUG:colcon.colcon_core.verb:Building package 'project_path_planning' with the following arguments: {'ament_cmake_args': None, 'build_base': '/home/user/ros2_ws/build/project_path_planning', 'cargo_args': None, 'catkin_cmake_args': None, 'catkin_skip_building_tests': False, 'clean_build': False, 'cmake_args': None, 'cmake_clean_cache': False, 'cmake_clean_first': False, 'cmake_force_configure': False, 'cmake_target': None, 'cmake_target_skip_unavailable': False, 'install_base': '/home/user/ros2_ws/install/project_path_planning', 'lookup_in_workspace': False, 'merge_install': False, 'path': '/home/user/ros2_ws/src/project_path_planning', 'symlink_install': False, 'test_result_base': None}
[1.465s] INFO:colcon.colcon_core.executor:Executing jobs using 'parallel' executor
[1.471s] DEBUG:colcon.colcon_parallel_executor.executor.parallel:run_until_complete
[1.472s] INFO:colcon.colcon_ros.task.ament_python.build:Building ROS package in '/home/user/ros2_ws/src/project_path_planning' with build type 'ament_python'
[1.472s] Level 1:colcon.colcon_core.shell:create_environment_hook('project_path_planning', 'ament_prefix_path')
[1.491s] INFO:colcon.colcon_core.plugin_system:Skipping extension 'colcon_core.shell.bat': Not used on non-Windows systems
[1.491s] INFO:colcon.colcon_core.shell:Creating environment hook '/home/user/ros2_ws/install/project_path_planning/share/project_path_planning/hook/ament_prefix_path.ps1'
[1.493s] INFO:colcon.colcon_core.shell:Creating environment descriptor '/home/user/ros2_ws/install/project_path_planning/share/project_path_planning/hook/ament_prefix_path.dsv'
[1.494s] INFO:colcon.colcon_core.shell:Creating environment hook '/home/user/ros2_ws/install/project_path_planning/share/project_path_planning/hook/ament_prefix_path.sh'
[1.497s] INFO:colcon.colcon_core.shell:Skip shell extension 'powershell' for command environment: Not usable outside of PowerShell
[1.497s] DEBUG:colcon.colcon_core.shell:Skip shell extension 'dsv' for command environment
[2.038s] INFO:colcon.colcon_core.task.python.build:Building Python package in '/home/user/ros2_ws/src/project_path_planning'
[2.040s] INFO:colcon.colcon_core.shell:Skip shell extension 'powershell' for command environment: Not usable outside of PowerShell
[2.040s] DEBUG:colcon.colcon_core.shell:Skip shell extension 'dsv' for command environment
[3.112s] DEBUG:colcon.colcon_core.event_handler.log_command:Invoking command in '/home/user/ros2_ws/src/project_path_planning': PYTHONPATH=/home/user/ros2_ws/build/project_path_planning/prefix_override:/home/user/ros2_ws/install/project_path_planning/lib/python3.10/site-packages:${PYTHONPATH} _=/usr/bin/env /usr/bin/python3 setup.py egg_info --egg-base ../../build/project_path_planning build --build-base /home/user/ros2_ws/build/project_path_planning/build install --record /home/user/ros2_ws/build/project_path_planning/install.log --single-version-externally-managed
[3.663s] DEBUG:colcon.colcon_core.event_handler.log_command:Invoked command in '/home/user/ros2_ws/src/project_path_planning' returned '0': PYTHONPATH=/home/user/ros2_ws/build/project_path_planning/prefix_override:/home/user/ros2_ws/install/project_path_planning/lib/python3.10/site-packages:${PYTHONPATH} _=/usr/bin/env /usr/bin/python3 setup.py egg_info --egg-base ../../build/project_path_planning build --build-base /home/user/ros2_ws/build/project_path_planning/build install --record /home/user/ros2_ws/build/project_path_planning/install.log --single-version-externally-managed
[3.683s] Level 1:colcon.colcon_core.environment:checking '/home/user/ros2_ws/install/project_path_planning' for CMake module files
[3.684s] Level 1:colcon.colcon_core.environment:checking '/home/user/ros2_ws/install/project_path_planning' for CMake config files
[3.685s] Level 1:colcon.colcon_core.environment:checking '/home/user/ros2_ws/install/project_path_planning/lib'
[3.685s] Level 1:colcon.colcon_core.environment:checking '/home/user/ros2_ws/install/project_path_planning/bin'
[3.685s] Level 1:colcon.colcon_core.environment:checking '/home/user/ros2_ws/install/project_path_planning/lib/pkgconfig/project_path_planning.pc'
[3.685s] Level 1:colcon.colcon_core.environment:checking '/home/user/ros2_ws/install/project_path_planning/lib/python3.10/site-packages'
[3.686s] Level 1:colcon.colcon_core.shell:create_environment_hook('project_path_planning', 'pythonpath')
[3.687s] INFO:colcon.colcon_core.shell:Creating environment hook '/home/user/ros2_ws/install/project_path_planning/share/project_path_planning/hook/pythonpath.ps1'
[3.688s] INFO:colcon.colcon_core.shell:Creating environment descriptor '/home/user/ros2_ws/install/project_path_planning/share/project_path_planning/hook/pythonpath.dsv'
[3.688s] INFO:colcon.colcon_core.shell:Creating environment hook '/home/user/ros2_ws/install/project_path_planning/share/project_path_planning/hook/pythonpath.sh'
[3.689s] Level 1:colcon.colcon_core.environment:checking '/home/user/ros2_ws/install/project_path_planning/bin'
[3.689s] Level 1:colcon.colcon_core.environment:create_environment_scripts_only(project_path_planning)
[3.692s] INFO:colcon.colcon_core.shell:Creating package script '/home/user/ros2_ws/install/project_path_planning/share/project_path_planning/package.ps1'
[3.694s] INFO:colcon.colcon_core.shell:Creating package descriptor '/home/user/ros2_ws/install/project_path_planning/share/project_path_planning/package.dsv'
[3.695s] INFO:colcon.colcon_core.shell:Creating package script '/home/user/ros2_ws/install/project_path_planning/share/project_path_planning/package.sh'
[3.697s] INFO:colcon.colcon_core.shell:Creating package script '/home/user/ros2_ws/install/project_path_planning/share/project_path_planning/package.bash'
[3.704s] INFO:colcon.colcon_core.shell:Creating package script '/home/user/ros2_ws/install/project_path_planning/share/project_path_planning/package.zsh'
[3.707s] Level 1:colcon.colcon_core.environment:create_file_with_runtime_dependencies(/home/user/ros2_ws/install/project_path_planning/share/colcon-core/packages/project_path_planning)
[3.707s] DEBUG:colcon.colcon_parallel_executor.executor.parallel:closing loop
[3.708s] DEBUG:colcon.colcon_parallel_executor.executor.parallel:loop closed
[3.708s] DEBUG:colcon.colcon_parallel_executor.executor.parallel:run_until_complete finished with '0'
[3.708s] DEBUG:colcon.colcon_core.event_reactor:joining thread
[3.734s] INFO:colcon.colcon_core.plugin_system:Skipping extension 'colcon_notification.desktop_notification.notify_send': Could not find 'notify-send'
[3.734s] INFO:colcon.colcon_core.plugin_system:Skipping extension 'colcon_notification.desktop_notification.terminal_notifier': Not used on non-Darwin systems
[3.734s] INFO:colcon.colcon_core.plugin_system:Skipping extension 'colcon_notification.desktop_notification.win32': Not used on non-Windows systems
[3.734s] INFO:colcon.colcon_notification.desktop_notification:Sending desktop notification using 'notify2'
[3.737s] DEBUG:colcon.colcon_notification.desktop_notification.notify2:Failed to initialize notify2: org.freedesktop.DBus.Error.Spawn.ExecFailed: /usr/bin/dbus-launch terminated abnormally without any error message
[3.738s] DEBUG:colcon.colcon_core.event_reactor:joined thread
[3.740s] INFO:colcon.colcon_core.shell:Creating prefix script '/home/user/ros2_ws/install/local_setup.ps1'
[3.743s] INFO:colcon.colcon_core.shell:Creating prefix util module '/home/user/ros2_ws/install/_local_setup_util_ps1.py'
[3.746s] INFO:colcon.colcon_core.shell:Creating prefix chain script '/home/user/ros2_ws/install/setup.ps1'
[3.752s] INFO:colcon.colcon_core.shell:Creating prefix script '/home/user/ros2_ws/install/local_setup.sh'
[3.753s] INFO:colcon.colcon_core.shell:Creating prefix util module '/home/user/ros2_ws/install/_local_setup_util_sh.py'
[3.754s] INFO:colcon.colcon_core.shell:Creating prefix chain script '/home/user/ros2_ws/install/setup.sh'
[3.760s] INFO:colcon.colcon_core.shell:Creating prefix script '/home/user/ros2_ws/install/local_setup.bash'
[3.761s] INFO:colcon.colcon_core.shell:Creating prefix chain script '/home/user/ros2_ws/install/setup.bash'
[3.766s] INFO:colcon.colcon_core.shell:Creating prefix script '/home/user/ros2_ws/install/local_setup.zsh'
[3.767s] INFO:colcon.colcon_core.shell:Creating prefix chain script '/home/user/ros2_ws/install/setup.zsh'
