[4.892s] Invoking command in '/home/user/ros2_ws/src/project_path_planning': PYTHONPATH=/home/user/ros2_ws/build/project_path_planning/prefix_override:/home/user/ros2_ws/install/project_path_planning/lib/python3.10/site-packages:${PYTHONPATH} _=/usr/bin/env /usr/bin/python3 setup.py egg_info --egg-base ../../build/project_path_planning build --build-base /home/user/ros2_ws/build/project_path_planning/build install --record /home/user/ros2_ws/build/project_path_planning/install.log --single-version-externally-managed
[6.707s] running egg_info
[6.708s] writing ../../build/project_path_planning/project_path_planning.egg-info/PKG-INFO
[6.708s] writing dependency_links to ../../build/project_path_planning/project_path_planning.egg-info/dependency_links.txt
[6.709s] writing entry points to ../../build/project_path_planning/project_path_planning.egg-info/entry_points.txt
[6.709s] writing requirements to ../../build/project_path_planning/project_path_planning.egg-info/requires.txt
[6.713s] writing top-level names to ../../build/project_path_planning/project_path_planning.egg-info/top_level.txt
[6.715s] reading manifest file '../../build/project_path_planning/project_path_planning.egg-info/SOURCES.txt'
[6.716s] writing manifest file '../../build/project_path_planning/project_path_planning.egg-info/SOURCES.txt'
[6.716s] running build
[6.716s] running build_py
[6.717s] running install
[6.717s] /usr/lib/python3/dist-packages/setuptools/command/install.py:34: SetuptoolsDeprecationWarning: setup.py install is deprecated. Use build and pip and other standards-based tools.
[6.717s]   warnings.warn(
[6.717s] running install_lib
[6.792s] running install_data
[6.793s] copying launch/pathplanner.launch.py -> /home/user/ros2_ws/install/project_path_planning/share/project_path_planning/launch
[6.796s] running install_egg_info
[6.799s] removing '/home/user/ros2_ws/install/project_path_planning/lib/python3.10/site-packages/project_path_planning-0.0.0-py3.10.egg-info' (and everything under it)
[6.799s] Copying ../../build/project_path_planning/project_path_planning.egg-info to /home/user/ros2_ws/install/project_path_planning/lib/python3.10/site-packages/project_path_planning-0.0.0-py3.10.egg-info
[6.801s] running install_scripts
[6.905s] Installing go_to_pose script to /home/user/ros2_ws/install/project_path_planning/lib/project_path_planning
[6.906s] writing list of installed files to '/home/user/ros2_ws/build/project_path_planning/install.log'
[7.014s] Invoked command in '/home/user/ros2_ws/src/project_path_planning' returned '0': PYTHONPATH=/home/user/ros2_ws/build/project_path_planning/prefix_override:/home/user/ros2_ws/install/project_path_planning/lib/python3.10/site-packages:${PYTHONPATH} _=/usr/bin/env /usr/bin/python3 setup.py egg_info --egg-base ../../build/project_path_planning build --build-base /home/user/ros2_ws/build/project_path_planning/build install --record /home/user/ros2_ws/build/project_path_planning/install.log --single-version-externally-managed
