[8.730s] Invoking command in '/home/user/ros2_ws/src/project_path_planning': PYTHONPATH=/home/user/ros2_ws/build/project_path_planning/prefix_override:/home/user/ros2_ws/install/project_path_planning/lib/python3.10/site-packages:${PYTHONPATH} _=/usr/bin/env /usr/bin/python3 setup.py egg_info --egg-base ../../build/project_path_planning build --build-base /home/user/ros2_ws/build/project_path_planning/build install --record /home/user/ros2_ws/build/project_path_planning/install.log --single-version-externally-managed
[10.700s] running egg_info
[10.701s] writing ../../build/project_path_planning/project_path_planning.egg-info/PKG-INFO
[10.702s] writing dependency_links to ../../build/project_path_planning/project_path_planning.egg-info/dependency_links.txt
[10.703s] writing entry points to ../../build/project_path_planning/project_path_planning.egg-info/entry_points.txt
[10.703s] writing requirements to ../../build/project_path_planning/project_path_planning.egg-info/requires.txt
[10.704s] writing top-level names to ../../build/project_path_planning/project_path_planning.egg-info/top_level.txt
[10.706s] reading manifest file '../../build/project_path_planning/project_path_planning.egg-info/SOURCES.txt'
[10.708s] writing manifest file '../../build/project_path_planning/project_path_planning.egg-info/SOURCES.txt'
[10.709s] running build
[10.709s] running build_py
[10.709s] running install
[10.710s] /usr/lib/python3/dist-packages/setuptools/command/install.py:34: SetuptoolsDeprecationWarning: setup.py install is deprecated. Use build and pip and other standards-based tools.
[10.710s]   warnings.warn(
[10.710s] running install_lib
[10.713s] running install_data
[10.715s] copying config/planner_server.yaml -> /home/user/ros2_ws/install/project_path_planning/share/project_path_planning/config
[10.715s] running install_egg_info
[10.783s] removing '/home/user/ros2_ws/install/project_path_planning/lib/python3.10/site-packages/project_path_planning-0.0.0-py3.10.egg-info' (and everything under it)
[10.783s] Copying ../../build/project_path_planning/project_path_planning.egg-info to /home/user/ros2_ws/install/project_path_planning/lib/python3.10/site-packages/project_path_planning-0.0.0-py3.10.egg-info
[10.786s] running install_scripts
[10.892s] Installing go_to_pose script to /home/user/ros2_ws/install/project_path_planning/lib/project_path_planning
[10.893s] writing list of installed files to '/home/user/ros2_ws/build/project_path_planning/install.log'
[11.185s] Invoked command in '/home/user/ros2_ws/src/project_path_planning' returned '0': PYTHONPATH=/home/user/ros2_ws/build/project_path_planning/prefix_override:/home/user/ros2_ws/install/project_path_planning/lib/python3.10/site-packages:${PYTHONPATH} _=/usr/bin/env /usr/bin/python3 setup.py egg_info --egg-base ../../build/project_path_planning build --build-base /home/user/ros2_ws/build/project_path_planning/build install --record /home/user/ros2_ws/build/project_path_planning/install.log --single-version-externally-managed
