[4.383s] DEBUG:colcon:Command line arguments: ['/usr/bin/colcon', 'build', '--packages-select', 'project_path_planning']
[4.383s] DEBUG:colcon:Parsed command line arguments: Namespace(log_base=None, log_level=None, verb_name='build', build_base='build', install_base='install', merge_install=False, symlink_install=False, test_result_base=None, continue_on_error=False, executor='parallel', parallel_workers=8, event_handlers=None, ignore_user_meta=False, metas=['./colcon.meta'], base_paths=['.'], packages_ignore=None, packages_ignore_regex=None, paths=None, packages_up_to=None, packages_up_to_regex=None, packages_above=None, packages_above_and_dependencies=None, packages_above_depth=None, packages_select_by_dep=None, packages_skip_by_dep=None, packages_skip_up_to=None, packages_select_build_failed=False, packages_skip_build_finished=False, packages_select_test_failures=False, packages_skip_test_passed=False, packages_select=['project_path_planning'], packages_skip=None, packages_select_regex=None, packages_skip_regex=None, packages_start=None, packages_end=None, lookup_in_workspace=False, cargo_args=None, clean_build=False, cmake_args=None, cmake_target=None, cmake_target_skip_unavailable=False, cmake_clean_cache=False, cmake_clean_first=False, cmake_force_configure=False, ament_cmake_args=None, catkin_cmake_args=None, catkin_skip_building_tests=False, mixin_files=None, mixin=None, verb_parser=<colcon_mixin.mixin.mixin_argument.MixinArgumentDecorator object at 0x7fbe0e3a0c10>, verb_extension=<colcon_core.verb.build.BuildVerb object at 0x7fbe0ee977c0>, main=<bound method BuildVerb.main of <colcon_core.verb.build.BuildVerb object at 0x7fbe0ee977c0>>, mixin_verb=('build',))
[4.567s] Level 1:colcon.colcon_core.package_discovery:discover_packages(colcon_meta) check parameters
[4.567s] Level 1:colcon.colcon_core.package_discovery:discover_packages(recursive) check parameters
[4.568s] Level 1:colcon.colcon_core.package_discovery:discover_packages(ignore) check parameters
[4.568s] Level 1:colcon.colcon_core.package_discovery:discover_packages(path) check parameters
[4.568s] Level 1:colcon.colcon_core.package_discovery:discover_packages(colcon_meta) discover
[4.568s] Level 1:colcon.colcon_core.package_discovery:discover_packages(recursive) discover
[4.568s] INFO:colcon.colcon_core.package_discovery:Crawling recursively for packages in '/home/user/ros2_ws'
[4.568s] Level 1:colcon.colcon_core.package_identification:_identify(.) by extensions ['ignore', 'ignore_ament_install']
[4.568s] Level 1:colcon.colcon_core.package_identification:_identify(.) by extension 'ignore'
[4.568s] Level 1:colcon.colcon_core.package_identification:_identify(.) by extension 'ignore_ament_install'
[4.568s] Level 1:colcon.colcon_core.package_identification:_identify(.) by extensions ['colcon_pkg']
[4.569s] Level 1:colcon.colcon_core.package_identification:_identify(.) by extension 'colcon_pkg'
[4.569s] Level 1:colcon.colcon_core.package_identification:_identify(.) by extensions ['colcon_meta']
[4.569s] Level 1:colcon.colcon_core.package_identification:_identify(.) by extension 'colcon_meta'
[4.569s] Level 1:colcon.colcon_core.package_identification:_identify(.) by extensions ['ament_cargo']
[4.569s] Level 1:colcon.colcon_core.package_identification:_identify(.) by extension 'ament_cargo'
[4.569s] Level 1:colcon.colcon_core.package_identification:_identify(.) by extensions ['ros']
[4.569s] Level 1:colcon.colcon_core.package_identification:_identify(.) by extension 'ros'
[4.606s] Level 1:colcon.colcon_core.package_identification:_identify(.) by extensions ['cargo', 'cmake', 'python']
[4.606s] Level 1:colcon.colcon_core.package_identification:_identify(.) by extension 'cargo'
[4.606s] Level 1:colcon.colcon_core.package_identification:_identify(.) by extension 'cmake'
[4.606s] Level 1:colcon.colcon_core.package_identification:_identify(.) by extension 'python'
[4.606s] Level 1:colcon.colcon_core.package_identification:_identify(.) by extensions ['python_setup_py']
[4.606s] Level 1:colcon.colcon_core.package_identification:_identify(.) by extension 'python_setup_py'
[4.607s] Level 1:colcon.colcon_core.package_identification:_identify(build) by extensions ['ignore', 'ignore_ament_install']
[4.607s] Level 1:colcon.colcon_core.package_identification:_identify(build) by extension 'ignore'
[4.607s] Level 1:colcon.colcon_core.package_identification:_identify(build) ignored
[4.607s] Level 1:colcon.colcon_core.package_identification:_identify(install) by extensions ['ignore', 'ignore_ament_install']
[4.607s] Level 1:colcon.colcon_core.package_identification:_identify(install) by extension 'ignore'
[4.607s] Level 1:colcon.colcon_core.package_identification:_identify(install) ignored
[4.607s] Level 1:colcon.colcon_core.package_identification:_identify(log) by extensions ['ignore', 'ignore_ament_install']
[4.607s] Level 1:colcon.colcon_core.package_identification:_identify(log) by extension 'ignore'
[4.608s] Level 1:colcon.colcon_core.package_identification:_identify(log) ignored
[4.608s] Level 1:colcon.colcon_core.package_identification:_identify(src) by extensions ['ignore', 'ignore_ament_install']
[4.608s] Level 1:colcon.colcon_core.package_identification:_identify(src) by extension 'ignore'
[4.608s] Level 1:colcon.colcon_core.package_identification:_identify(src) by extension 'ignore_ament_install'
[4.608s] Level 1:colcon.colcon_core.package_identification:_identify(src) by extensions ['colcon_pkg']
[4.608s] Level 1:colcon.colcon_core.package_identification:_identify(src) by extension 'colcon_pkg'
[4.608s] Level 1:colcon.colcon_core.package_identification:_identify(src) by extensions ['colcon_meta']
[4.608s] Level 1:colcon.colcon_core.package_identification:_identify(src) by extension 'colcon_meta'
[4.608s] Level 1:colcon.colcon_core.package_identification:_identify(src) by extensions ['ament_cargo']
[4.608s] Level 1:colcon.colcon_core.package_identification:_identify(src) by extension 'ament_cargo'
[4.608s] Level 1:colcon.colcon_core.package_identification:_identify(src) by extensions ['ros']
[4.608s] Level 1:colcon.colcon_core.package_identification:_identify(src) by extension 'ros'
[4.608s] Level 1:colcon.colcon_core.package_identification:_identify(src) by extensions ['cargo', 'cmake', 'python']
[4.608s] Level 1:colcon.colcon_core.package_identification:_identify(src) by extension 'cargo'
[4.608s] Level 1:colcon.colcon_core.package_identification:_identify(src) by extension 'cmake'
[4.609s] Level 1:colcon.colcon_core.package_identification:_identify(src) by extension 'python'
[4.609s] Level 1:colcon.colcon_core.package_identification:_identify(src) by extensions ['python_setup_py']
[4.609s] Level 1:colcon.colcon_core.package_identification:_identify(src) by extension 'python_setup_py'
[4.609s] Level 1:colcon.colcon_core.package_identification:_identify(src/custom_interface) by extensions ['ignore', 'ignore_ament_install']
[4.609s] Level 1:colcon.colcon_core.package_identification:_identify(src/custom_interface) by extension 'ignore'
[4.609s] Level 1:colcon.colcon_core.package_identification:_identify(src/custom_interface) by extension 'ignore_ament_install'
[4.609s] Level 1:colcon.colcon_core.package_identification:_identify(src/custom_interface) by extensions ['colcon_pkg']
[4.609s] Level 1:colcon.colcon_core.package_identification:_identify(src/custom_interface) by extension 'colcon_pkg'
[4.609s] Level 1:colcon.colcon_core.package_identification:_identify(src/custom_interface) by extensions ['colcon_meta']
[4.609s] Level 1:colcon.colcon_core.package_identification:_identify(src/custom_interface) by extension 'colcon_meta'
[4.609s] Level 1:colcon.colcon_core.package_identification:_identify(src/custom_interface) by extensions ['ament_cargo']
[4.609s] Level 1:colcon.colcon_core.package_identification:_identify(src/custom_interface) by extension 'ament_cargo'
[4.609s] Level 1:colcon.colcon_core.package_identification:_identify(src/custom_interface) by extensions ['ros']
[4.609s] Level 1:colcon.colcon_core.package_identification:_identify(src/custom_interface) by extension 'ros'
[4.681s] DEBUG:colcon.colcon_core.package_identification:Package 'src/custom_interface' with type 'ros.ament_cmake' and name 'custom_interface'
[4.681s] Level 1:colcon.colcon_core.package_identification:_identify(src/project_localization) by extensions ['ignore', 'ignore_ament_install']
[4.681s] Level 1:colcon.colcon_core.package_identification:_identify(src/project_localization) by extension 'ignore'
[4.681s] Level 1:colcon.colcon_core.package_identification:_identify(src/project_localization) by extension 'ignore_ament_install'
[4.681s] Level 1:colcon.colcon_core.package_identification:_identify(src/project_localization) by extensions ['colcon_pkg']
[4.681s] Level 1:colcon.colcon_core.package_identification:_identify(src/project_localization) by extension 'colcon_pkg'
[4.681s] Level 1:colcon.colcon_core.package_identification:_identify(src/project_localization) by extensions ['colcon_meta']
[4.681s] Level 1:colcon.colcon_core.package_identification:_identify(src/project_localization) by extension 'colcon_meta'
[4.682s] Level 1:colcon.colcon_core.package_identification:_identify(src/project_localization) by extensions ['ament_cargo']
[4.682s] Level 1:colcon.colcon_core.package_identification:_identify(src/project_localization) by extension 'ament_cargo'
[4.682s] Level 1:colcon.colcon_core.package_identification:_identify(src/project_localization) by extensions ['ros']
[4.682s] Level 1:colcon.colcon_core.package_identification:_identify(src/project_localization) by extension 'ros'
[4.685s] DEBUG:colcon.colcon_core.package_identification:Package 'src/project_localization' with type 'ros.ament_python' and name 'project_localization'
[4.685s] Level 1:colcon.colcon_core.package_identification:_identify(src/project_mapping) by extensions ['ignore', 'ignore_ament_install']
[4.685s] Level 1:colcon.colcon_core.package_identification:_identify(src/project_mapping) by extension 'ignore'
[4.685s] Level 1:colcon.colcon_core.package_identification:_identify(src/project_mapping) by extension 'ignore_ament_install'
[4.686s] Level 1:colcon.colcon_core.package_identification:_identify(src/project_mapping) by extensions ['colcon_pkg']
[4.686s] Level 1:colcon.colcon_core.package_identification:_identify(src/project_mapping) by extension 'colcon_pkg'
[4.686s] Level 1:colcon.colcon_core.package_identification:_identify(src/project_mapping) by extensions ['colcon_meta']
[4.686s] Level 1:colcon.colcon_core.package_identification:_identify(src/project_mapping) by extension 'colcon_meta'
[4.686s] Level 1:colcon.colcon_core.package_identification:_identify(src/project_mapping) by extensions ['ament_cargo']
[4.686s] Level 1:colcon.colcon_core.package_identification:_identify(src/project_mapping) by extension 'ament_cargo'
[4.686s] Level 1:colcon.colcon_core.package_identification:_identify(src/project_mapping) by extensions ['ros']
[4.686s] Level 1:colcon.colcon_core.package_identification:_identify(src/project_mapping) by extension 'ros'
[4.691s] DEBUG:colcon.colcon_core.package_identification:Package 'src/project_mapping' with type 'ros.ament_python' and name 'project_mapping'
[4.691s] Level 1:colcon.colcon_core.package_identification:_identify(src/project_path_planning) by extensions ['ignore', 'ignore_ament_install']
[4.691s] Level 1:colcon.colcon_core.package_identification:_identify(src/project_path_planning) by extension 'ignore'
[4.691s] Level 1:colcon.colcon_core.package_identification:_identify(src/project_path_planning) by extension 'ignore_ament_install'
[4.692s] Level 1:colcon.colcon_core.package_identification:_identify(src/project_path_planning) by extensions ['colcon_pkg']
[4.692s] Level 1:colcon.colcon_core.package_identification:_identify(src/project_path_planning) by extension 'colcon_pkg'
[4.692s] Level 1:colcon.colcon_core.package_identification:_identify(src/project_path_planning) by extensions ['colcon_meta']
[4.692s] Level 1:colcon.colcon_core.package_identification:_identify(src/project_path_planning) by extension 'colcon_meta'
[4.692s] Level 1:colcon.colcon_core.package_identification:_identify(src/project_path_planning) by extensions ['ament_cargo']
[4.692s] Level 1:colcon.colcon_core.package_identification:_identify(src/project_path_planning) by extension 'ament_cargo'
[4.692s] Level 1:colcon.colcon_core.package_identification:_identify(src/project_path_planning) by extensions ['ros']
[4.693s] Level 1:colcon.colcon_core.package_identification:_identify(src/project_path_planning) by extension 'ros'
[4.693s] DEBUG:colcon.colcon_core.package_identification:Package 'src/project_path_planning' with type 'ros.ament_python' and name 'project_path_planning'
[4.693s] Level 1:colcon.colcon_core.package_discovery:discover_packages(recursive) using defaults
[4.694s] Level 1:colcon.colcon_core.package_discovery:discover_packages(ignore) discover
[4.694s] Level 1:colcon.colcon_core.package_discovery:discover_packages(ignore) using defaults
[4.694s] Level 1:colcon.colcon_core.package_discovery:discover_packages(path) discover
[4.694s] Level 1:colcon.colcon_core.package_discovery:discover_packages(path) using defaults
[4.878s] INFO:colcon.colcon_core.package_selection:Skipping not selected package 'custom_interface' in 'src/custom_interface'
[4.878s] INFO:colcon.colcon_core.package_selection:Skipping not selected package 'project_mapping' in 'src/project_mapping'
[4.878s] INFO:colcon.colcon_core.package_selection:Skipping not selected package 'project_localization' in 'src/project_localization'
[4.882s] Level 5:colcon.colcon_core.verb:set package 'project_path_planning' build argument 'lookup_in_workspace' from command line to 'False'
[4.882s] Level 5:colcon.colcon_core.verb:set package 'project_path_planning' build argument 'cargo_args' from command line to 'None'
[4.882s] Level 5:colcon.colcon_core.verb:set package 'project_path_planning' build argument 'clean_build' from command line to 'False'
[4.882s] Level 5:colcon.colcon_core.verb:set package 'project_path_planning' build argument 'cmake_args' from command line to 'None'
[4.882s] Level 5:colcon.colcon_core.verb:set package 'project_path_planning' build argument 'cmake_target' from command line to 'None'
[4.882s] Level 5:colcon.colcon_core.verb:set package 'project_path_planning' build argument 'cmake_target_skip_unavailable' from command line to 'False'
[4.883s] Level 5:colcon.colcon_core.verb:set package 'project_path_planning' build argument 'cmake_clean_cache' from command line to 'False'
[4.883s] Level 5:colcon.colcon_core.verb:set package 'project_path_planning' build argument 'cmake_clean_first' from command line to 'False'
[4.883s] Level 5:colcon.colcon_core.verb:set package 'project_path_planning' build argument 'cmake_force_configure' from command line to 'False'
[4.883s] Level 5:colcon.colcon_core.verb:set package 'project_path_planning' build argument 'ament_cmake_args' from command line to 'None'
[4.883s] Level 5:colcon.colcon_core.verb:set package 'project_path_planning' build argument 'catkin_cmake_args' from command line to 'None'
[4.883s] Level 5:colcon.colcon_core.verb:set package 'project_path_planning' build argument 'catkin_skip_building_tests' from command line to 'False'
[4.883s] DEBUG:colcon.colcon_core.verb:Building package 'project_path_planning' with the following arguments: {'ament_cmake_args': None, 'build_base': '/home/user/ros2_ws/build/project_path_planning', 'cargo_args': None, 'catkin_cmake_args': None, 'catkin_skip_building_tests': False, 'clean_build': False, 'cmake_args': None, 'cmake_clean_cache': False, 'cmake_clean_first': False, 'cmake_force_configure': False, 'cmake_target': None, 'cmake_target_skip_unavailable': False, 'install_base': '/home/user/ros2_ws/install/project_path_planning', 'lookup_in_workspace': False, 'merge_install': False, 'path': '/home/user/ros2_ws/src/project_path_planning', 'symlink_install': False, 'test_result_base': None}
[4.884s] INFO:colcon.colcon_core.executor:Executing jobs using 'parallel' executor
[4.891s] DEBUG:colcon.colcon_parallel_executor.executor.parallel:run_until_complete
[4.892s] INFO:colcon.colcon_ros.task.ament_python.build:Building ROS package in '/home/user/ros2_ws/src/project_path_planning' with build type 'ament_python'
[4.892s] Level 1:colcon.colcon_core.shell:create_environment_hook('project_path_planning', 'ament_prefix_path')
[4.974s] INFO:colcon.colcon_core.plugin_system:Skipping extension 'colcon_core.shell.bat': Not used on non-Windows systems
[4.974s] INFO:colcon.colcon_core.shell:Creating environment hook '/home/user/ros2_ws/install/project_path_planning/share/project_path_planning/hook/ament_prefix_path.ps1'
[4.975s] INFO:colcon.colcon_core.shell:Creating environment descriptor '/home/user/ros2_ws/install/project_path_planning/share/project_path_planning/hook/ament_prefix_path.dsv'
[4.976s] INFO:colcon.colcon_core.shell:Creating environment hook '/home/user/ros2_ws/install/project_path_planning/share/project_path_planning/hook/ament_prefix_path.sh'
[4.980s] INFO:colcon.colcon_core.shell:Skip shell extension 'powershell' for command environment: Not usable outside of PowerShell
[4.980s] DEBUG:colcon.colcon_core.shell:Skip shell extension 'dsv' for command environment
[7.593s] INFO:colcon.colcon_core.task.python.build:Building Python package in '/home/user/ros2_ws/src/project_path_planning'
[7.669s] INFO:colcon.colcon_core.shell:Skip shell extension 'powershell' for command environment: Not usable outside of PowerShell
[7.669s] DEBUG:colcon.colcon_core.shell:Skip shell extension 'dsv' for command environment
[10.486s] DEBUG:colcon.colcon_core.event_handler.log_command:Invoking command in '/home/user/ros2_ws/src/project_path_planning': PYTHONPATH=/home/user/ros2_ws/build/project_path_planning/prefix_override:/home/user/ros2_ws/install/project_path_planning/lib/python3.10/site-packages:${PYTHONPATH} _=/usr/bin/env /usr/bin/python3 setup.py egg_info --egg-base ../../build/project_path_planning build --build-base /home/user/ros2_ws/build/project_path_planning/build install --record /home/user/ros2_ws/build/project_path_planning/install.log --single-version-externally-managed
[12.772s] DEBUG:colcon.colcon_core.event_handler.log_command:Invoked command in '/home/user/ros2_ws/src/project_path_planning' returned '0': PYTHONPATH=/home/user/ros2_ws/build/project_path_planning/prefix_override:/home/user/ros2_ws/install/project_path_planning/lib/python3.10/site-packages:${PYTHONPATH} _=/usr/bin/env /usr/bin/python3 setup.py egg_info --egg-base ../../build/project_path_planning build --build-base /home/user/ros2_ws/build/project_path_planning/build install --record /home/user/ros2_ws/build/project_path_planning/install.log --single-version-externally-managed
[12.780s] Level 1:colcon.colcon_core.environment:checking '/home/user/ros2_ws/install/project_path_planning' for CMake module files
[12.781s] Level 1:colcon.colcon_core.environment:checking '/home/user/ros2_ws/install/project_path_planning' for CMake config files
[12.782s] Level 1:colcon.colcon_core.environment:checking '/home/user/ros2_ws/install/project_path_planning/lib'
[12.782s] Level 1:colcon.colcon_core.environment:checking '/home/user/ros2_ws/install/project_path_planning/bin'
[12.782s] Level 1:colcon.colcon_core.environment:checking '/home/user/ros2_ws/install/project_path_planning/lib/pkgconfig/project_path_planning.pc'
[12.783s] Level 1:colcon.colcon_core.environment:checking '/home/user/ros2_ws/install/project_path_planning/lib/python3.10/site-packages'
[12.783s] Level 1:colcon.colcon_core.shell:create_environment_hook('project_path_planning', 'pythonpath')
[12.786s] INFO:colcon.colcon_core.shell:Creating environment hook '/home/user/ros2_ws/install/project_path_planning/share/project_path_planning/hook/pythonpath.ps1'
[12.786s] INFO:colcon.colcon_core.shell:Creating environment descriptor '/home/user/ros2_ws/install/project_path_planning/share/project_path_planning/hook/pythonpath.dsv'
[12.787s] INFO:colcon.colcon_core.shell:Creating environment hook '/home/user/ros2_ws/install/project_path_planning/share/project_path_planning/hook/pythonpath.sh'
[12.788s] Level 1:colcon.colcon_core.environment:checking '/home/user/ros2_ws/install/project_path_planning/bin'
[12.788s] Level 1:colcon.colcon_core.environment:create_environment_scripts_only(project_path_planning)
[12.791s] INFO:colcon.colcon_core.shell:Creating package script '/home/user/ros2_ws/install/project_path_planning/share/project_path_planning/package.ps1'
[12.794s] INFO:colcon.colcon_core.shell:Creating package descriptor '/home/user/ros2_ws/install/project_path_planning/share/project_path_planning/package.dsv'
[12.796s] INFO:colcon.colcon_core.shell:Creating package script '/home/user/ros2_ws/install/project_path_planning/share/project_path_planning/package.sh'
[12.798s] INFO:colcon.colcon_core.shell:Creating package script '/home/user/ros2_ws/install/project_path_planning/share/project_path_planning/package.bash'
[12.800s] INFO:colcon.colcon_core.shell:Creating package script '/home/user/ros2_ws/install/project_path_planning/share/project_path_planning/package.zsh'
[12.801s] Level 1:colcon.colcon_core.environment:create_file_with_runtime_dependencies(/home/user/ros2_ws/install/project_path_planning/share/colcon-core/packages/project_path_planning)
[12.803s] DEBUG:colcon.colcon_parallel_executor.executor.parallel:closing loop
[12.803s] DEBUG:colcon.colcon_parallel_executor.executor.parallel:loop closed
[12.803s] DEBUG:colcon.colcon_parallel_executor.executor.parallel:run_until_complete finished with '0'
[12.803s] DEBUG:colcon.colcon_core.event_reactor:joining thread
[12.881s] INFO:colcon.colcon_core.plugin_system:Skipping extension 'colcon_notification.desktop_notification.notify_send': Could not find 'notify-send'
[12.881s] INFO:colcon.colcon_core.plugin_system:Skipping extension 'colcon_notification.desktop_notification.terminal_notifier': Not used on non-Darwin systems
[12.881s] INFO:colcon.colcon_core.plugin_system:Skipping extension 'colcon_notification.desktop_notification.win32': Not used on non-Windows systems
[12.881s] INFO:colcon.colcon_notification.desktop_notification:Sending desktop notification using 'notify2'
[12.885s] DEBUG:colcon.colcon_notification.desktop_notification.notify2:Failed to initialize notify2: org.freedesktop.DBus.Error.Spawn.ExecFailed: /usr/bin/dbus-launch terminated abnormally without any error message
[12.887s] DEBUG:colcon.colcon_core.event_reactor:joined thread
[12.892s] INFO:colcon.colcon_core.shell:Creating prefix script '/home/user/ros2_ws/install/local_setup.ps1'
[12.894s] INFO:colcon.colcon_core.shell:Creating prefix util module '/home/user/ros2_ws/install/_local_setup_util_ps1.py'
[12.897s] INFO:colcon.colcon_core.shell:Creating prefix chain script '/home/user/ros2_ws/install/setup.ps1'
[12.901s] INFO:colcon.colcon_core.shell:Creating prefix script '/home/user/ros2_ws/install/local_setup.sh'
[12.901s] INFO:colcon.colcon_core.shell:Creating prefix util module '/home/user/ros2_ws/install/_local_setup_util_sh.py'
[12.902s] INFO:colcon.colcon_core.shell:Creating prefix chain script '/home/user/ros2_ws/install/setup.sh'
[12.971s] INFO:colcon.colcon_core.shell:Creating prefix script '/home/user/ros2_ws/install/local_setup.bash'
[12.972s] INFO:colcon.colcon_core.shell:Creating prefix chain script '/home/user/ros2_ws/install/setup.bash'
[12.978s] INFO:colcon.colcon_core.shell:Creating prefix script '/home/user/ros2_ws/install/local_setup.zsh'
[12.979s] INFO:colcon.colcon_core.shell:Creating prefix chain script '/home/user/ros2_ws/install/setup.zsh'
