[9.492s] Invoking command in '/home/user/ros2_ws/src/project_mapping': PYTHONPATH=/home/user/ros2_ws/build/project_mapping/prefix_override:/home/user/ros2_ws/install/project_mapping/lib/python3.10/site-packages:${PYTHONPATH} _=/usr/bin/env /usr/bin/python3 setup.py egg_info --egg-base ../../build/project_mapping build --build-base /home/user/ros2_ws/build/project_mapping/build install --record /home/user/ros2_ws/build/project_mapping/install.log --single-version-externally-managed
[11.794s] running egg_info
[11.795s] writing ../../build/project_mapping/project_mapping.egg-info/PKG-INFO
[11.796s] writing dependency_links to ../../build/project_mapping/project_mapping.egg-info/dependency_links.txt
[11.796s] writing entry points to ../../build/project_mapping/project_mapping.egg-info/entry_points.txt
[11.796s] writing requirements to ../../build/project_mapping/project_mapping.egg-info/requires.txt
[11.797s] writing top-level names to ../../build/project_mapping/project_mapping.egg-info/top_level.txt
[11.801s] reading manifest file '../../build/project_mapping/project_mapping.egg-info/SOURCES.txt'
[11.804s] writing manifest file '../../build/project_mapping/project_mapping.egg-info/SOURCES.txt'
[11.805s] running build
[11.805s] running build_py
[11.805s] running install
[11.807s] /usr/lib/python3/dist-packages/setuptools/command/install.py:34: SetuptoolsDeprecationWarning: setup.py install is deprecated. Use build and pip and other standards-based tools.
[11.807s]   warnings.warn(
[11.807s] running install_lib
[11.810s] running install_data
[11.814s] running install_egg_info
[11.882s] removing '/home/user/ros2_ws/install/project_mapping/lib/python3.10/site-packages/project_mapping-0.0.0-py3.10.egg-info' (and everything under it)
[11.882s] Copying ../../build/project_mapping/project_mapping.egg-info to /home/user/ros2_ws/install/project_mapping/lib/python3.10/site-packages/project_mapping-0.0.0-py3.10.egg-info
[11.890s] running install_scripts
[12.019s] writing list of installed files to '/home/user/ros2_ws/build/project_mapping/install.log'
[12.282s] Invoked command in '/home/user/ros2_ws/src/project_mapping' returned '0': PYTHONPATH=/home/user/ros2_ws/build/project_mapping/prefix_override:/home/user/ros2_ws/install/project_mapping/lib/python3.10/site-packages:${PYTHONPATH} _=/usr/bin/env /usr/bin/python3 setup.py egg_info --egg-base ../../build/project_mapping build --build-base /home/user/ros2_ws/build/project_mapping/build install --record /home/user/ros2_ws/build/project_mapping/install.log --single-version-externally-managed
