[5.593s] Invoking command in '/home/user/ros2_ws/src/project_path_planning': PYTHONPATH=/home/user/ros2_ws/build/project_path_planning/prefix_override:/home/user/ros2_ws/install/project_path_planning/lib/python3.10/site-packages:${PYTHONPATH} _=/usr/bin/env /usr/bin/python3 setup.py egg_info --egg-base ../../build/project_path_planning build --build-base /home/user/ros2_ws/build/project_path_planning/build install --record /home/user/ros2_ws/build/project_path_planning/install.log --single-version-externally-managed
[7.191s] running egg_info
[7.244s] writing ../../build/project_path_planning/project_path_planning.egg-info/PKG-INFO
[7.245s] writing dependency_links to ../../build/project_path_planning/project_path_planning.egg-info/dependency_links.txt
[7.245s] writing entry points to ../../build/project_path_planning/project_path_planning.egg-info/entry_points.txt
[7.245s] writing requirements to ../../build/project_path_planning/project_path_planning.egg-info/requires.txt
[7.245s] writing top-level names to ../../build/project_path_planning/project_path_planning.egg-info/top_level.txt
[7.249s] reading manifest file '../../build/project_path_planning/project_path_planning.egg-info/SOURCES.txt'
[7.258s] writing manifest file '../../build/project_path_planning/project_path_planning.egg-info/SOURCES.txt'
[7.259s] running build
[7.260s] running build_py
[7.260s] running install
[7.262s] /usr/lib/python3/dist-packages/setuptools/command/install.py:34: SetuptoolsDeprecationWarning: setup.py install is deprecated. Use build and pip and other standards-based tools.
[7.262s]   warnings.warn(
[7.263s] running install_lib
[7.266s] running install_data
[7.268s] copying config/planner_server.yaml -> /home/user/ros2_ws/install/project_path_planning/share/project_path_planning/config
[7.277s] running install_egg_info
[7.296s] removing '/home/user/ros2_ws/install/project_path_planning/lib/python3.10/site-packages/project_path_planning-0.0.0-py3.10.egg-info' (and everything under it)
[7.297s] Copying ../../build/project_path_planning/project_path_planning.egg-info to /home/user/ros2_ws/install/project_path_planning/lib/python3.10/site-packages/project_path_planning-0.0.0-py3.10.egg-info
[7.346s] running install_scripts
[7.394s] Installing go_to_pose script to /home/user/ros2_ws/install/project_path_planning/lib/project_path_planning
[7.395s] writing list of installed files to '/home/user/ros2_ws/build/project_path_planning/install.log'
[7.560s] Invoked command in '/home/user/ros2_ws/src/project_path_planning' returned '0': PYTHONPATH=/home/user/ros2_ws/build/project_path_planning/prefix_override:/home/user/ros2_ws/install/project_path_planning/lib/python3.10/site-packages:${PYTHONPATH} _=/usr/bin/env /usr/bin/python3 setup.py egg_info --egg-base ../../build/project_path_planning build --build-base /home/user/ros2_ws/build/project_path_planning/build install --record /home/user/ros2_ws/build/project_path_planning/install.log --single-version-externally-managed
