[1.503s] Invoking command in '/home/user/ros2_ws/src/project_mapping': PYTHONPATH=/home/user/ros2_ws/build/project_mapping/prefix_override:/home/user/ros2_ws/install/project_mapping/lib/python3.10/site-packages:${PYTHONPATH} _=/usr/bin/env /usr/bin/python3 setup.py egg_info --egg-base ../../build/project_mapping build --build-base /home/user/ros2_ws/build/project_mapping/build install --record /home/user/ros2_ws/build/project_mapping/install.log --single-version-externally-managed
[1.876s] running egg_info
[1.877s] writing ../../build/project_mapping/project_mapping.egg-info/PKG-INFO
[1.878s] writing dependency_links to ../../build/project_mapping/project_mapping.egg-info/dependency_links.txt
[1.879s] writing entry points to ../../build/project_mapping/project_mapping.egg-info/entry_points.txt
[1.879s] writing requirements to ../../build/project_mapping/project_mapping.egg-info/requires.txt
[1.879s] writing top-level names to ../../build/project_mapping/project_mapping.egg-info/top_level.txt
[1.881s] reading manifest file '../../build/project_mapping/project_mapping.egg-info/SOURCES.txt'
[1.883s] writing manifest file '../../build/project_mapping/project_mapping.egg-info/SOURCES.txt'
[1.883s] running build
[1.883s] running build_py
[1.883s] running install
[1.884s] running install_lib
[1.886s] running install_data
[1.887s] running install_egg_info
[1.889s] /usr/lib/python3/dist-packages/setuptools/command/install.py:34: SetuptoolsDeprecationWarning: setup.py install is deprecated. Use build and pip and other standards-based tools.
[1.890s]   warnings.warn(
[1.890s] removing '/home/user/ros2_ws/install/project_mapping/lib/python3.10/site-packages/project_mapping-0.0.0-py3.10.egg-info' (and everything under it)
[1.890s] Copying ../../build/project_mapping/project_mapping.egg-info to /home/user/ros2_ws/install/project_mapping/lib/python3.10/site-packages/project_mapping-0.0.0-py3.10.egg-info
[1.891s] running install_scripts
[1.918s] writing list of installed files to '/home/user/ros2_ws/build/project_mapping/install.log'
[1.950s] Invoked command in '/home/user/ros2_ws/src/project_mapping' returned '0': PYTHONPATH=/home/user/ros2_ws/build/project_mapping/prefix_override:/home/user/ros2_ws/install/project_mapping/lib/python3.10/site-packages:${PYTHONPATH} _=/usr/bin/env /usr/bin/python3 setup.py egg_info --egg-base ../../build/project_mapping build --build-base /home/user/ros2_ws/build/project_mapping/build install --record /home/user/ros2_ws/build/project_mapping/install.log --single-version-externally-managed
