running egg_info
creating ../../build/project_localization/project_localization.egg-info
writing ../../build/project_localization/project_localization.egg-info/PKG-INFO
writing dependency_links to ../../build/project_localization/project_localization.egg-info/dependency_links.txt
writing entry points to ../../build/project_localization/project_localization.egg-info/entry_points.txt
writing requirements to ../../build/project_localization/project_localization.egg-info/requires.txt
writing top-level names to ../../build/project_localization/project_localization.egg-info/top_level.txt
writing manifest file '../../build/project_localization/project_localization.egg-info/SOURCES.txt'
reading manifest file '../../build/project_localization/project_localization.egg-info/SOURCES.txt'
writing manifest file '../../build/project_localization/project_localization.egg-info/SOURCES.txt'
running build
running build_py
creating /home/user/ros2_ws/build/project_localization/build
creating /home/user/ros2_ws/build/project_localization/build/lib
creating /home/user/ros2_ws/build/project_localization/build/lib/project_localization
copying project_localization/__init__.py -> /home/user/ros2_ws/build/project_localization/build/lib/project_localization
copying project_localization/spots_to_file.py -> /home/user/ros2_ws/build/project_localization/build/lib/project_localization
running install
/usr/lib/python3/dist-packages/setuptools/command/install.py:34: SetuptoolsDeprecationWarning: setup.py install is deprecated. Use build and pip and other standards-based tools.
  warnings.warn(
running install_lib
creating /home/user/ros2_ws/install/project_localization/lib/python3.10/site-packages/project_localization
copying /home/user/ros2_ws/build/project_localization/build/lib/project_localization/__init__.py -> /home/user/ros2_ws/install/project_localization/lib/python3.10/site-packages/project_localization
copying /home/user/ros2_ws/build/project_localization/build/lib/project_localization/spots_to_file.py -> /home/user/ros2_ws/install/project_localization/lib/python3.10/site-packages/project_localization
byte-compiling /home/user/ros2_ws/install/project_localization/lib/python3.10/site-packages/project_localization/__init__.py to __init__.cpython-310.pyc
byte-compiling /home/user/ros2_ws/install/project_localization/lib/python3.10/site-packages/project_localization/spots_to_file.py to spots_to_file.cpython-310.pyc
running install_data
creating /home/user/ros2_ws/install/project_localization/share/ament_index
creating /home/user/ros2_ws/install/project_localization/share/ament_index/resource_index
creating /home/user/ros2_ws/install/project_localization/share/ament_index/resource_index/packages
copying resource/project_localization -> /home/user/ros2_ws/install/project_localization/share/ament_index/resource_index/packages
copying package.xml -> /home/user/ros2_ws/install/project_localization/share/project_localization
creating /home/user/ros2_ws/install/project_localization/share/project_localization/launch
copying launch/localization.launch.py -> /home/user/ros2_ws/install/project_localization/share/project_localization/launch
copying launch/spot_recorder.launch.py -> /home/user/ros2_ws/install/project_localization/share/project_localization/launch
creating /home/user/ros2_ws/install/project_localization/share/project_localization/config
copying config/spots.yaml -> /home/user/ros2_ws/install/project_localization/share/project_localization/config
copying config/amcl_config.yaml -> /home/user/ros2_ws/install/project_localization/share/project_localization/config
running install_egg_info
Copying ../../build/project_localization/project_localization.egg-info to /home/user/ros2_ws/install/project_localization/lib/python3.10/site-packages/project_localization-0.0.0-py3.10.egg-info
running install_scripts
Installing spots_to_file script to /home/user/ros2_ws/install/project_localization/lib/project_localization
writing list of installed files to '/home/user/ros2_ws/build/project_localization/install.log'
