[1.997s] Invoking command in '/home/user/ros2_ws/src/project_localization': CMAKE_PREFIX_PATH=/home/user/ros2_ws/install/custom_interface:/home/simulations/ros2_sims_ws/install/common_interfaces:/home/simulations/ros2_sims_ws/install/visualization_msgs:/home/simulations/ros2_sims_ws/install/test_msgs:/home/simulations/ros2_sims_ws/install/example_interfaces:/home/simulations/ros2_sims_ws/install/action_msgs:/home/simulations/ros2_sims_ws/install/unique_identifier_msgs:/home/simulations/ros2_sims_ws/install/trajectory_msgs:/home/simulations/ros2_sims_ws/install/test_interface_files:/home/simulations/ros2_sims_ws/install/stereo_msgs:/home/simulations/ros2_sims_ws/install/std_srvs:/home/simulations/ros2_sims_ws/install/shape_msgs:/home/simulations/ros2_sims_ws/install/sensor_msgs:/home/simulations/ros2_sims_ws/install/nav_msgs:/home/simulations/ros2_sims_ws/install/diagnostic_msgs:/home/simulations/ros2_sims_ws/install/geometry_msgs:/home/simulations/ros2_sims_ws/install/actionlib_msgs:/home/simulations/ros2_sims_ws/install/std_msgs:/home/simulations/ros2_sims_ws/install/statistics_msgs:/home/simulations/ros2_sims_ws/install/rosgraph_msgs:/home/simulations/ros2_sims_ws/install/rclrs_example_msgs:/home/simulations/ros2_sims_ws/install/composition_interfaces:/home/simulations/ros2_sims_ws/install/rcl_interfaces:/home/simulations/ros2_sims_ws/install/lifecycle_msgs:/home/simulations/ros2_sims_ws/install/builtin_interfaces:/home/simulations/ros2_sims_ws/install/rosidl_default_runtime:/home/simulations/ros2_sims_ws/install/rosidl_default_generators:/home/simulations/ros2_sims_ws/install/rosidl_generator_rs LD_LIBRARY_PATH=/home/user/ros2_ws/install/custom_interface/lib:/usr/local/cuda-10.2/lib64:/home/user/.catkin_ws_python3/src/TensorRT-7.0.0.11/lib:/home/simulations/ros2_sims_ws/install/visualization_msgs/lib:/home/simulations/ros2_sims_ws/install/test_msgs/lib:/home/simulations/ros2_sims_ws/install/example_interfaces/lib:/home/simulations/ros2_sims_ws/install/action_msgs/lib:/home/simulations/ros2_sims_ws/install/unique_identifier_msgs/lib:/home/simulations/ros2_sims_ws/install/trajectory_msgs/lib:/home/simulations/ros2_sims_ws/install/stereo_msgs/lib:/home/simulations/ros2_sims_ws/install/std_srvs/lib:/home/simulations/ros2_sims_ws/install/shape_msgs/lib:/home/simulations/ros2_sims_ws/install/sensor_msgs/lib:/home/simulations/ros2_sims_ws/install/nav_msgs/lib:/home/simulations/ros2_sims_ws/install/diagnostic_msgs/lib:/home/simulations/ros2_sims_ws/install/geometry_msgs/lib:/home/simulations/ros2_sims_ws/install/actionlib_msgs/lib:/home/simulations/ros2_sims_ws/install/std_msgs/lib:/home/simulations/ros2_sims_ws/install/statistics_msgs/lib:/home/simulations/ros2_sims_ws/install/rosgraph_msgs/lib:/home/simulations/ros2_sims_ws/install/rclrs_example_msgs/lib:/home/simulations/ros2_sims_ws/install/composition_interfaces/lib:/home/simulations/ros2_sims_ws/install/rcl_interfaces/lib:/home/simulations/ros2_sims_ws/install/lifecycle_msgs/lib:/home/simulations/ros2_sims_ws/install/builtin_interfaces/lib:/opt/ros/humble/opt/rviz_ogre_vendor/lib:/opt/ros/humble/lib/x86_64-linux-gnu:/opt/ros/humble/lib:/usr/local/cuda-10.2/lib64:/home/user/.catkin_ws_python3/src/TensorRT-7.0.0.11/lib:/usr/lib/x86_64-linux-gnu/gazebo-11/plugins:/usr/lib/x86_64-linux-gnu/gazebo-11/plugins:/usr/lib/x86_64-linux-gnu/gazebo-11/plugins PYTHONPATH=/home/user/ros2_ws/build/project_localization/prefix_override:/home/user/ros2_ws/install/project_localization/lib/python3.10/site-packages:${PYTHONPATH} _=/usr/bin/env /usr/bin/python3 setup.py egg_info --egg-base ../../build/project_localization build --build-base /home/user/ros2_ws/build/project_localization/build install --record /home/user/ros2_ws/build/project_localization/install.log --single-version-externally-managed
[2.847s] running egg_info
[2.848s] creating ../../build/project_localization/project_localization.egg-info
[2.848s] writing ../../build/project_localization/project_localization.egg-info/PKG-INFO
[2.849s] writing dependency_links to ../../build/project_localization/project_localization.egg-info/dependency_links.txt
[2.849s] writing entry points to ../../build/project_localization/project_localization.egg-info/entry_points.txt
[2.849s] writing requirements to ../../build/project_localization/project_localization.egg-info/requires.txt
[2.849s] writing top-level names to ../../build/project_localization/project_localization.egg-info/top_level.txt
[2.849s] writing manifest file '../../build/project_localization/project_localization.egg-info/SOURCES.txt'
[2.851s] reading manifest file '../../build/project_localization/project_localization.egg-info/SOURCES.txt'
[2.853s] writing manifest file '../../build/project_localization/project_localization.egg-info/SOURCES.txt'
[2.853s] running build
[2.854s] running build_py
[2.854s] creating /home/user/ros2_ws/build/project_localization/build
[2.854s] creating /home/user/ros2_ws/build/project_localization/build/lib
[2.854s] creating /home/user/ros2_ws/build/project_localization/build/lib/project_localization
[2.854s] copying project_localization/__init__.py -> /home/user/ros2_ws/build/project_localization/build/lib/project_localization
[2.855s] copying project_localization/spots_to_file.py -> /home/user/ros2_ws/build/project_localization/build/lib/project_localization
[2.855s] running install
[2.855s] /usr/lib/python3/dist-packages/setuptools/command/install.py:34: SetuptoolsDeprecationWarning: setup.py install is deprecated. Use build and pip and other standards-based tools.
[2.855s]   warnings.warn(
[2.855s] running install_lib
[2.895s] creating /home/user/ros2_ws/install/project_localization/lib/python3.10/site-packages/project_localization
[2.895s] copying /home/user/ros2_ws/build/project_localization/build/lib/project_localization/__init__.py -> /home/user/ros2_ws/install/project_localization/lib/python3.10/site-packages/project_localization
[2.895s] copying /home/user/ros2_ws/build/project_localization/build/lib/project_localization/spots_to_file.py -> /home/user/ros2_ws/install/project_localization/lib/python3.10/site-packages/project_localization
[2.895s] byte-compiling /home/user/ros2_ws/install/project_localization/lib/python3.10/site-packages/project_localization/__init__.py to __init__.cpython-310.pyc
[2.895s] byte-compiling /home/user/ros2_ws/install/project_localization/lib/python3.10/site-packages/project_localization/spots_to_file.py to spots_to_file.cpython-310.pyc
[2.895s] running install_data
[2.895s] creating /home/user/ros2_ws/install/project_localization/share/ament_index
[2.895s] creating /home/user/ros2_ws/install/project_localization/share/ament_index/resource_index
[2.895s] creating /home/user/ros2_ws/install/project_localization/share/ament_index/resource_index/packages
[2.896s] copying resource/project_localization -> /home/user/ros2_ws/install/project_localization/share/ament_index/resource_index/packages
[2.896s] copying package.xml -> /home/user/ros2_ws/install/project_localization/share/project_localization
[2.896s] creating /home/user/ros2_ws/install/project_localization/share/project_localization/launch
[2.896s] copying launch/localization.launch.py -> /home/user/ros2_ws/install/project_localization/share/project_localization/launch
[2.896s] copying launch/spot_recorder.launch.py -> /home/user/ros2_ws/install/project_localization/share/project_localization/launch
[2.896s] creating /home/user/ros2_ws/install/project_localization/share/project_localization/config
[2.896s] copying config/spots.yaml -> /home/user/ros2_ws/install/project_localization/share/project_localization/config
[2.896s] copying config/amcl_config.yaml -> /home/user/ros2_ws/install/project_localization/share/project_localization/config
[2.897s] running install_egg_info
[2.897s] Copying ../../build/project_localization/project_localization.egg-info to /home/user/ros2_ws/install/project_localization/lib/python3.10/site-packages/project_localization-0.0.0-py3.10.egg-info
[2.898s] running install_scripts
[2.943s] Installing spots_to_file script to /home/user/ros2_ws/install/project_localization/lib/project_localization
[2.943s] writing list of installed files to '/home/user/ros2_ws/build/project_localization/install.log'
[3.030s] Invoked command in '/home/user/ros2_ws/src/project_localization' returned '0': CMAKE_PREFIX_PATH=/home/user/ros2_ws/install/custom_interface:/home/simulations/ros2_sims_ws/install/common_interfaces:/home/simulations/ros2_sims_ws/install/visualization_msgs:/home/simulations/ros2_sims_ws/install/test_msgs:/home/simulations/ros2_sims_ws/install/example_interfaces:/home/simulations/ros2_sims_ws/install/action_msgs:/home/simulations/ros2_sims_ws/install/unique_identifier_msgs:/home/simulations/ros2_sims_ws/install/trajectory_msgs:/home/simulations/ros2_sims_ws/install/test_interface_files:/home/simulations/ros2_sims_ws/install/stereo_msgs:/home/simulations/ros2_sims_ws/install/std_srvs:/home/simulations/ros2_sims_ws/install/shape_msgs:/home/simulations/ros2_sims_ws/install/sensor_msgs:/home/simulations/ros2_sims_ws/install/nav_msgs:/home/simulations/ros2_sims_ws/install/diagnostic_msgs:/home/simulations/ros2_sims_ws/install/geometry_msgs:/home/simulations/ros2_sims_ws/install/actionlib_msgs:/home/simulations/ros2_sims_ws/install/std_msgs:/home/simulations/ros2_sims_ws/install/statistics_msgs:/home/simulations/ros2_sims_ws/install/rosgraph_msgs:/home/simulations/ros2_sims_ws/install/rclrs_example_msgs:/home/simulations/ros2_sims_ws/install/composition_interfaces:/home/simulations/ros2_sims_ws/install/rcl_interfaces:/home/simulations/ros2_sims_ws/install/lifecycle_msgs:/home/simulations/ros2_sims_ws/install/builtin_interfaces:/home/simulations/ros2_sims_ws/install/rosidl_default_runtime:/home/simulations/ros2_sims_ws/install/rosidl_default_generators:/home/simulations/ros2_sims_ws/install/rosidl_generator_rs LD_LIBRARY_PATH=/home/user/ros2_ws/install/custom_interface/lib:/usr/local/cuda-10.2/lib64:/home/user/.catkin_ws_python3/src/TensorRT-7.0.0.11/lib:/home/simulations/ros2_sims_ws/install/visualization_msgs/lib:/home/simulations/ros2_sims_ws/install/test_msgs/lib:/home/simulations/ros2_sims_ws/install/example_interfaces/lib:/home/simulations/ros2_sims_ws/install/action_msgs/lib:/home/simulations/ros2_sims_ws/install/unique_identifier_msgs/lib:/home/simulations/ros2_sims_ws/install/trajectory_msgs/lib:/home/simulations/ros2_sims_ws/install/stereo_msgs/lib:/home/simulations/ros2_sims_ws/install/std_srvs/lib:/home/simulations/ros2_sims_ws/install/shape_msgs/lib:/home/simulations/ros2_sims_ws/install/sensor_msgs/lib:/home/simulations/ros2_sims_ws/install/nav_msgs/lib:/home/simulations/ros2_sims_ws/install/diagnostic_msgs/lib:/home/simulations/ros2_sims_ws/install/geometry_msgs/lib:/home/simulations/ros2_sims_ws/install/actionlib_msgs/lib:/home/simulations/ros2_sims_ws/install/std_msgs/lib:/home/simulations/ros2_sims_ws/install/statistics_msgs/lib:/home/simulations/ros2_sims_ws/install/rosgraph_msgs/lib:/home/simulations/ros2_sims_ws/install/rclrs_example_msgs/lib:/home/simulations/ros2_sims_ws/install/composition_interfaces/lib:/home/simulations/ros2_sims_ws/install/rcl_interfaces/lib:/home/simulations/ros2_sims_ws/install/lifecycle_msgs/lib:/home/simulations/ros2_sims_ws/install/builtin_interfaces/lib:/opt/ros/humble/opt/rviz_ogre_vendor/lib:/opt/ros/humble/lib/x86_64-linux-gnu:/opt/ros/humble/lib:/usr/local/cuda-10.2/lib64:/home/user/.catkin_ws_python3/src/TensorRT-7.0.0.11/lib:/usr/lib/x86_64-linux-gnu/gazebo-11/plugins:/usr/lib/x86_64-linux-gnu/gazebo-11/plugins:/usr/lib/x86_64-linux-gnu/gazebo-11/plugins PYTHONPATH=/home/user/ros2_ws/build/project_localization/prefix_override:/home/user/ros2_ws/install/project_localization/lib/python3.10/site-packages:${PYTHONPATH} _=/usr/bin/env /usr/bin/python3 setup.py egg_info --egg-base ../../build/project_localization build --build-base /home/user/ros2_ws/build/project_localization/build install --record /home/user/ros2_ws/build/project_localization/install.log --single-version-externally-managed
