/home/user/ros2_ws/install/project_path_planning/lib/python3.10/site-packages/project_path_planning/__init__.py
/home/user/ros2_ws/install/project_path_planning/lib/python3.10/site-packages/project_path_planning/go_to_pose.py
/home/user/ros2_ws/install/project_path_planning/lib/python3.10/site-packages/project_path_planning/__pycache__/__init__.cpython-310.pyc
/home/user/ros2_ws/install/project_path_planning/lib/python3.10/site-packages/project_path_planning/__pycache__/go_to_pose.cpython-310.pyc
/home/user/ros2_ws/install/project_path_planning/share/ament_index/resource_index/packages/project_path_planning
/home/user/ros2_ws/install/project_path_planning/share/project_path_planning/package.xml
/home/user/ros2_ws/install/project_path_planning/share/project_path_planning/launch/pathplanner.launch.py
/home/user/ros2_ws/install/project_path_planning/share/project_path_planning/config/controller.yaml
/home/user/ros2_ws/install/project_path_planning/share/project_path_planning/config/recovery.yaml
/home/user/ros2_ws/install/project_path_planning/share/project_path_planning/config/planner_server.yaml
/home/user/ros2_ws/install/project_path_planning/share/project_path_planning/config/spots.yaml
/home/user/ros2_ws/install/project_path_planning/share/project_path_planning/config/bt_navigator.yaml
/home/user/ros2_ws/install/project_path_planning/share/project_path_planning/config/behavior.xml
/home/user/ros2_ws/install/project_path_planning/lib/python3.10/site-packages/project_path_planning-0.0.0-py3.10.egg-info/PKG-INFO
/home/user/ros2_ws/install/project_path_planning/lib/python3.10/site-packages/project_path_planning-0.0.0-py3.10.egg-info/zip-safe
/home/user/ros2_ws/install/project_path_planning/lib/python3.10/site-packages/project_path_planning-0.0.0-py3.10.egg-info/top_level.txt
/home/user/ros2_ws/install/project_path_planning/lib/python3.10/site-packages/project_path_planning-0.0.0-py3.10.egg-info/requires.txt
/home/user/ros2_ws/install/project_path_planning/lib/python3.10/site-packages/project_path_planning-0.0.0-py3.10.egg-info/entry_points.txt
/home/user/ros2_ws/install/project_path_planning/lib/python3.10/site-packages/project_path_planning-0.0.0-py3.10.egg-info/SOURCES.txt
/home/user/ros2_ws/install/project_path_planning/lib/python3.10/site-packages/project_path_planning-0.0.0-py3.10.egg-info/dependency_links.txt
/home/user/ros2_ws/install/project_path_planning/lib/project_path_planning/go_to_pose
