[0.065s] Invoking command in '/home/user/ros2_ws/build/custom_interface': CMAKE_PREFIX_PATH=${CMAKE_PREFIX_PATH}:/home/user/ros2_ws/install/project_path_planning:/home/user/ros2_ws/install/project_mapping:/home/user/ros2_ws/install/project_localization:/home/simulations/ros2_sims_ws/install/rclrs_tests:/home/simulations/ros2_sims_ws/install/examples_rclrs_minimal_client_service:/home/simulations/ros2_sims_ws/install/sensor_msgs_py:/home/simulations/ros2_sims_ws/install/examples_rclrs_minimal_pub_sub:/home/simulations/ros2_sims_ws/install/examples_rclrs_message_demo:/home/simulations/ros2_sims_ws/install/rclrs:/home/simulations/ros2_sims_ws/install/rosidl_runtime_rs:/opt/ros/humble _=/usr/bin/env /usr/bin/cmake --build /home/user/ros2_ws/build/custom_interface -- -j8 -l8
[4.255s] [  3%] [34m[1mGenerating Rust code for ROS interfaces[0m
[4.267s] [  6%] Built target custom_interface__cpp
[4.282s] [  6%] Built target ament_cmake_python_copy_custom_interface
[4.564s] [ 15%] Built target custom_interface__rosidl_typesupport_introspection_cpp
[4.565s] [ 25%] Built target custom_interface__rosidl_typesupport_cpp
[4.623s] [ 34%] Built target custom_interface__rosidl_generator_c
[4.634s] [ 43%] Built target custom_interface__rosidl_typesupport_fastrtps_cpp
[4.732s] [ 53%] Built target custom_interface__rosidl_typesupport_introspection_c
[4.738s] [ 62%] Built target custom_interface__rosidl_typesupport_fastrtps_c
[4.757s] [ 71%] Built target custom_interface__rosidl_typesupport_c
[4.834s] [ 71%] Built target custom_interface__rs
[4.872s] [ 71%] Built target custom_interface
[4.902s] running egg_info
[4.903s] writing custom_interface.egg-info/PKG-INFO
[4.903s] writing dependency_links to custom_interface.egg-info/dependency_links.txt
[4.903s] writing top-level names to custom_interface.egg-info/top_level.txt
[4.906s] reading manifest file 'custom_interface.egg-info/SOURCES.txt'
[4.907s] writing manifest file 'custom_interface.egg-info/SOURCES.txt'
[4.909s] [ 75%] Built target custom_interface__py
[4.943s] [ 75%] Built target ament_cmake_python_build_custom_interface_egg
[5.112s] [ 81%] Built target custom_interface__rosidl_generator_py
[5.167s] [ 90%] Built target custom_interface__rosidl_typesupport_introspection_c__pyext
[5.168s] [ 93%] Built target custom_interface__rosidl_typesupport_c__pyext
[5.168s] [100%] Built target custom_interface__rosidl_typesupport_fastrtps_c__pyext
[5.184s] Invoked command in '/home/user/ros2_ws/build/custom_interface' returned '0': CMAKE_PREFIX_PATH=${CMAKE_PREFIX_PATH}:/home/user/ros2_ws/install/project_path_planning:/home/user/ros2_ws/install/project_mapping:/home/user/ros2_ws/install/project_localization:/home/simulations/ros2_sims_ws/install/rclrs_tests:/home/simulations/ros2_sims_ws/install/examples_rclrs_minimal_client_service:/home/simulations/ros2_sims_ws/install/sensor_msgs_py:/home/simulations/ros2_sims_ws/install/examples_rclrs_minimal_pub_sub:/home/simulations/ros2_sims_ws/install/examples_rclrs_message_demo:/home/simulations/ros2_sims_ws/install/rclrs:/home/simulations/ros2_sims_ws/install/rosidl_runtime_rs:/opt/ros/humble _=/usr/bin/env /usr/bin/cmake --build /home/user/ros2_ws/build/custom_interface -- -j8 -l8
[5.415s] Invoking command in '/home/user/ros2_ws/build/custom_interface': CMAKE_PREFIX_PATH=${CMAKE_PREFIX_PATH}:/home/user/ros2_ws/install/project_path_planning:/home/user/ros2_ws/install/project_mapping:/home/user/ros2_ws/install/project_localization:/home/simulations/ros2_sims_ws/install/rclrs_tests:/home/simulations/ros2_sims_ws/install/examples_rclrs_minimal_client_service:/home/simulations/ros2_sims_ws/install/sensor_msgs_py:/home/simulations/ros2_sims_ws/install/examples_rclrs_minimal_pub_sub:/home/simulations/ros2_sims_ws/install/examples_rclrs_message_demo:/home/simulations/ros2_sims_ws/install/rclrs:/home/simulations/ros2_sims_ws/install/rosidl_runtime_rs:/opt/ros/humble _=/usr/bin/env /usr/bin/cmake --install /home/user/ros2_ws/build/custom_interface
[5.433s] -- Install configuration: ""
[5.434s] -- Up-to-date: /home/user/ros2_ws/install/custom_interface/share/ament_index/resource_index/rosidl_interfaces/custom_interface
[5.434s] -- Up-to-date: /home/user/ros2_ws/install/custom_interface/include/custom_interface/custom_interface
[5.434s] -- Up-to-date: /home/user/ros2_ws/install/custom_interface/include/custom_interface/custom_interface/srv
[5.434s] -- Up-to-date: /home/user/ros2_ws/install/custom_interface/include/custom_interface/custom_interface/srv/detail
[5.434s] -- Up-to-date: /home/user/ros2_ws/install/custom_interface/include/custom_interface/custom_interface/srv/detail/my_service_message__struct.h
[5.435s] -- Up-to-date: /home/user/ros2_ws/install/custom_interface/include/custom_interface/custom_interface/srv/detail/my_service_message__functions.c
[5.435s] -- Up-to-date: /home/user/ros2_ws/install/custom_interface/include/custom_interface/custom_interface/srv/detail/my_service_message__functions.h
[5.435s] -- Up-to-date: /home/user/ros2_ws/install/custom_interface/include/custom_interface/custom_interface/srv/detail/my_service_message__type_support.h
[5.435s] -- Up-to-date: /home/user/ros2_ws/install/custom_interface/include/custom_interface/custom_interface/srv/my_service_message.h
[5.435s] -- Up-to-date: /home/user/ros2_ws/install/custom_interface/include/custom_interface/custom_interface/msg
[5.435s] -- Up-to-date: /home/user/ros2_ws/install/custom_interface/include/custom_interface/custom_interface/msg/rosidl_generator_c__visibility_control.h
[5.435s] -- Up-to-date: /home/user/ros2_ws/install/custom_interface/share/custom_interface/environment/library_path.sh
[5.435s] -- Up-to-date: /home/user/ros2_ws/install/custom_interface/share/custom_interface/environment/library_path.dsv
[5.435s] -- Up-to-date: /home/user/ros2_ws/install/custom_interface/lib/libcustom_interface__rosidl_generator_c.so
[5.435s] -- Up-to-date: /home/user/ros2_ws/install/custom_interface/include/custom_interface/custom_interface
[5.436s] -- Up-to-date: /home/user/ros2_ws/install/custom_interface/include/custom_interface/custom_interface/srv
[5.436s] -- Up-to-date: /home/user/ros2_ws/install/custom_interface/include/custom_interface/custom_interface/srv/detail
[5.436s] -- Up-to-date: /home/user/ros2_ws/install/custom_interface/include/custom_interface/custom_interface/srv/detail/my_service_message__rosidl_typesupport_fastrtps_c.h
[5.436s] -- Up-to-date: /home/user/ros2_ws/install/custom_interface/include/custom_interface/custom_interface/msg
[5.436s] -- Up-to-date: /home/user/ros2_ws/install/custom_interface/include/custom_interface/custom_interface/msg/rosidl_typesupport_fastrtps_c__visibility_control.h
[5.436s] -- Up-to-date: /home/user/ros2_ws/install/custom_interface/lib/libcustom_interface__rosidl_typesupport_fastrtps_c.so
[5.436s] -- Up-to-date: /home/user/ros2_ws/install/custom_interface/include/custom_interface/custom_interface
[5.436s] -- Up-to-date: /home/user/ros2_ws/install/custom_interface/include/custom_interface/custom_interface/srv
[5.436s] -- Up-to-date: /home/user/ros2_ws/install/custom_interface/include/custom_interface/custom_interface/srv/detail
[5.437s] -- Up-to-date: /home/user/ros2_ws/install/custom_interface/include/custom_interface/custom_interface/srv/detail/my_service_message__traits.hpp
[5.437s] -- Up-to-date: /home/user/ros2_ws/install/custom_interface/include/custom_interface/custom_interface/srv/detail/my_service_message__builder.hpp
[5.437s] -- Up-to-date: /home/user/ros2_ws/install/custom_interface/include/custom_interface/custom_interface/srv/detail/my_service_message__struct.hpp
[5.437s] -- Up-to-date: /home/user/ros2_ws/install/custom_interface/include/custom_interface/custom_interface/srv/my_service_message.hpp
[5.437s] -- Up-to-date: /home/user/ros2_ws/install/custom_interface/include/custom_interface/custom_interface
[5.437s] -- Up-to-date: /home/user/ros2_ws/install/custom_interface/include/custom_interface/custom_interface/srv
[5.437s] -- Up-to-date: /home/user/ros2_ws/install/custom_interface/include/custom_interface/custom_interface/srv/detail
[5.437s] -- Up-to-date: /home/user/ros2_ws/install/custom_interface/include/custom_interface/custom_interface/srv/detail/my_service_message__rosidl_typesupport_fastrtps_cpp.hpp
[5.437s] -- Up-to-date: /home/user/ros2_ws/install/custom_interface/include/custom_interface/custom_interface/srv/detail/dds_fastrtps
[5.438s] -- Up-to-date: /home/user/ros2_ws/install/custom_interface/include/custom_interface/custom_interface/msg
[5.438s] -- Up-to-date: /home/user/ros2_ws/install/custom_interface/include/custom_interface/custom_interface/msg/rosidl_typesupport_fastrtps_cpp__visibility_control.h
[5.438s] -- Up-to-date: /home/user/ros2_ws/install/custom_interface/lib/libcustom_interface__rosidl_typesupport_fastrtps_cpp.so
[5.438s] -- Up-to-date: /home/user/ros2_ws/install/custom_interface/include/custom_interface/custom_interface
[5.438s] -- Up-to-date: /home/user/ros2_ws/install/custom_interface/include/custom_interface/custom_interface/srv
[5.438s] -- Up-to-date: /home/user/ros2_ws/install/custom_interface/include/custom_interface/custom_interface/srv/detail
[5.438s] -- Up-to-date: /home/user/ros2_ws/install/custom_interface/include/custom_interface/custom_interface/srv/detail/my_service_message__rosidl_typesupport_introspection_c.h
[5.438s] -- Up-to-date: /home/user/ros2_ws/install/custom_interface/include/custom_interface/custom_interface/srv/detail/my_service_message__type_support.c
[5.438s] -- Up-to-date: /home/user/ros2_ws/install/custom_interface/include/custom_interface/custom_interface/msg
[5.438s] -- Up-to-date: /home/user/ros2_ws/install/custom_interface/include/custom_interface/custom_interface/msg/rosidl_typesupport_introspection_c__visibility_control.h
[5.438s] -- Up-to-date: /home/user/ros2_ws/install/custom_interface/lib/libcustom_interface__rosidl_typesupport_introspection_c.so
[5.438s] -- Up-to-date: /home/user/ros2_ws/install/custom_interface/lib/libcustom_interface__rosidl_typesupport_c.so
[5.439s] -- Up-to-date: /home/user/ros2_ws/install/custom_interface/include/custom_interface/custom_interface
[5.439s] -- Up-to-date: /home/user/ros2_ws/install/custom_interface/include/custom_interface/custom_interface/srv
[5.439s] -- Up-to-date: /home/user/ros2_ws/install/custom_interface/include/custom_interface/custom_interface/srv/detail
[5.439s] -- Up-to-date: /home/user/ros2_ws/install/custom_interface/include/custom_interface/custom_interface/srv/detail/my_service_message__type_support.cpp
[5.439s] -- Up-to-date: /home/user/ros2_ws/install/custom_interface/include/custom_interface/custom_interface/srv/detail/my_service_message__rosidl_typesupport_introspection_cpp.hpp
[5.439s] -- Up-to-date: /home/user/ros2_ws/install/custom_interface/lib/libcustom_interface__rosidl_typesupport_introspection_cpp.so
[5.440s] -- Up-to-date: /home/user/ros2_ws/install/custom_interface/lib/libcustom_interface__rosidl_typesupport_cpp.so
[5.440s] -- Up-to-date: /home/user/ros2_ws/install/custom_interface/share/ament_index/resource_index/rust_packages/custom_interface
[5.440s] -- Up-to-date: /home/user/ros2_ws/install/custom_interface/share/custom_interface/rust
[5.440s] -- Installing: /home/user/ros2_ws/install/custom_interface/share/custom_interface/rust/Cargo.toml
[5.441s] -- Up-to-date: /home/user/ros2_ws/install/custom_interface/share/custom_interface/rust/src
[5.441s] -- Installing: /home/user/ros2_ws/install/custom_interface/share/custom_interface/rust/src/srv.rs
[5.441s] -- Installing: /home/user/ros2_ws/install/custom_interface/share/custom_interface/rust/src/lib.rs
[5.441s] -- Installing: /home/user/ros2_ws/install/custom_interface/share/custom_interface/rust/build.rs
[5.441s] -- Up-to-date: /home/user/ros2_ws/install/custom_interface/share/custom_interface/rust
[5.441s] -- Up-to-date: /home/user/ros2_ws/install/custom_interface/share/custom_interface/rust/Cargo.toml
[5.442s] -- Up-to-date: /home/user/ros2_ws/install/custom_interface/share/custom_interface/rust/src
[5.442s] -- Up-to-date: /home/user/ros2_ws/install/custom_interface/share/custom_interface/rust/src/srv.rs
[5.442s] -- Up-to-date: /home/user/ros2_ws/install/custom_interface/share/custom_interface/rust/src/lib.rs
[5.442s] -- Up-to-date: /home/user/ros2_ws/install/custom_interface/share/custom_interface/rust/build.rs
[5.442s] -- Up-to-date: /home/user/ros2_ws/install/custom_interface/share/custom_interface/rust
[5.442s] -- Up-to-date: /home/user/ros2_ws/install/custom_interface/share/custom_interface/rust/Cargo.toml
[5.442s] -- Up-to-date: /home/user/ros2_ws/install/custom_interface/share/custom_interface/rust/src
[5.443s] -- Up-to-date: /home/user/ros2_ws/install/custom_interface/share/custom_interface/rust/src/srv.rs
[5.443s] -- Up-to-date: /home/user/ros2_ws/install/custom_interface/share/custom_interface/rust/src/lib.rs
[5.443s] -- Up-to-date: /home/user/ros2_ws/install/custom_interface/share/custom_interface/rust/build.rs
[5.443s] -- Up-to-date: /home/user/ros2_ws/install/custom_interface/share/custom_interface/environment/pythonpath.sh
[5.443s] -- Up-to-date: /home/user/ros2_ws/install/custom_interface/share/custom_interface/environment/pythonpath.dsv
[5.443s] -- Up-to-date: /home/user/ros2_ws/install/custom_interface/local/lib/python3.10/dist-packages/custom_interface-0.0.0-py3.10.egg-info
[5.443s] -- Installing: /home/user/ros2_ws/install/custom_interface/local/lib/python3.10/dist-packages/custom_interface-0.0.0-py3.10.egg-info/PKG-INFO
[5.443s] -- Installing: /home/user/ros2_ws/install/custom_interface/local/lib/python3.10/dist-packages/custom_interface-0.0.0-py3.10.egg-info/top_level.txt
[5.443s] -- Installing: /home/user/ros2_ws/install/custom_interface/local/lib/python3.10/dist-packages/custom_interface-0.0.0-py3.10.egg-info/SOURCES.txt
[5.444s] -- Installing: /home/user/ros2_ws/install/custom_interface/local/lib/python3.10/dist-packages/custom_interface-0.0.0-py3.10.egg-info/dependency_links.txt
[5.444s] -- Up-to-date: /home/user/ros2_ws/install/custom_interface/local/lib/python3.10/dist-packages/custom_interface
[5.444s] -- Up-to-date: /home/user/ros2_ws/install/custom_interface/local/lib/python3.10/dist-packages/custom_interface/_custom_interface_s.ep.rosidl_typesupport_c.c
[5.444s] -- Up-to-date: /home/user/ros2_ws/install/custom_interface/local/lib/python3.10/dist-packages/custom_interface/libcustom_interface__rosidl_generator_py.so
[5.444s] -- Up-to-date: /home/user/ros2_ws/install/custom_interface/local/lib/python3.10/dist-packages/custom_interface/_custom_interface_s.ep.rosidl_typesupport_introspection_c.c
[5.444s] -- Up-to-date: /home/user/ros2_ws/install/custom_interface/local/lib/python3.10/dist-packages/custom_interface/srv
[5.444s] -- Up-to-date: /home/user/ros2_ws/install/custom_interface/local/lib/python3.10/dist-packages/custom_interface/srv/_my_service_message_s.c
[5.444s] -- Up-to-date: /home/user/ros2_ws/install/custom_interface/local/lib/python3.10/dist-packages/custom_interface/srv/__init__.py
[5.444s] -- Up-to-date: /home/user/ros2_ws/install/custom_interface/local/lib/python3.10/dist-packages/custom_interface/srv/_my_service_message.py
[5.444s] -- Up-to-date: /home/user/ros2_ws/install/custom_interface/local/lib/python3.10/dist-packages/custom_interface/__init__.py
[5.444s] -- Up-to-date: /home/user/ros2_ws/install/custom_interface/local/lib/python3.10/dist-packages/custom_interface/custom_interface_s__rosidl_typesupport_c.cpython-310-x86_64-linux-gnu.so
[5.444s] -- Up-to-date: /home/user/ros2_ws/install/custom_interface/local/lib/python3.10/dist-packages/custom_interface/_custom_interface_s.ep.rosidl_typesupport_fastrtps_c.c
[5.445s] -- Up-to-date: /home/user/ros2_ws/install/custom_interface/local/lib/python3.10/dist-packages/custom_interface/custom_interface_s__rosidl_typesupport_fastrtps_c.cpython-310-x86_64-linux-gnu.so
[5.445s] -- Up-to-date: /home/user/ros2_ws/install/custom_interface/local/lib/python3.10/dist-packages/custom_interface/custom_interface_s__rosidl_typesupport_introspection_c.cpython-310-x86_64-linux-gnu.so
[5.512s] Listing '/home/user/ros2_ws/install/custom_interface/local/lib/python3.10/dist-packages/custom_interface'...
[5.512s] Listing '/home/user/ros2_ws/install/custom_interface/local/lib/python3.10/dist-packages/custom_interface/srv'...
[5.519s] -- Up-to-date: /home/user/ros2_ws/install/custom_interface/local/lib/python3.10/dist-packages/custom_interface/custom_interface_s__rosidl_typesupport_fastrtps_c.cpython-310-x86_64-linux-gnu.so
[5.519s] -- Up-to-date: /home/user/ros2_ws/install/custom_interface/local/lib/python3.10/dist-packages/custom_interface/custom_interface_s__rosidl_typesupport_introspection_c.cpython-310-x86_64-linux-gnu.so
[5.519s] -- Up-to-date: /home/user/ros2_ws/install/custom_interface/local/lib/python3.10/dist-packages/custom_interface/custom_interface_s__rosidl_typesupport_c.cpython-310-x86_64-linux-gnu.so
[5.520s] -- Up-to-date: /home/user/ros2_ws/install/custom_interface/lib/libcustom_interface__rosidl_generator_py.so
[5.520s] -- Up-to-date: /home/user/ros2_ws/install/custom_interface/share/custom_interface/srv/MyServiceMessage.idl
[5.520s] -- Up-to-date: /home/user/ros2_ws/install/custom_interface/share/custom_interface/srv/MyServiceMessage.srv
[5.521s] -- Up-to-date: /home/user/ros2_ws/install/custom_interface/share/custom_interface/srv/MyServiceMessage_Request.msg
[5.521s] -- Up-to-date: /home/user/ros2_ws/install/custom_interface/share/custom_interface/srv/MyServiceMessage_Response.msg
[5.521s] -- Up-to-date: /home/user/ros2_ws/install/custom_interface/share/ament_index/resource_index/package_run_dependencies/custom_interface
[5.521s] -- Up-to-date: /home/user/ros2_ws/install/custom_interface/share/ament_index/resource_index/parent_prefix_path/custom_interface
[5.521s] -- Up-to-date: /home/user/ros2_ws/install/custom_interface/share/custom_interface/environment/ament_prefix_path.sh
[5.522s] -- Up-to-date: /home/user/ros2_ws/install/custom_interface/share/custom_interface/environment/ament_prefix_path.dsv
[5.522s] -- Up-to-date: /home/user/ros2_ws/install/custom_interface/share/custom_interface/environment/path.sh
[5.522s] -- Up-to-date: /home/user/ros2_ws/install/custom_interface/share/custom_interface/environment/path.dsv
[5.522s] -- Up-to-date: /home/user/ros2_ws/install/custom_interface/share/custom_interface/local_setup.bash
[5.522s] -- Up-to-date: /home/user/ros2_ws/install/custom_interface/share/custom_interface/local_setup.sh
[5.522s] -- Up-to-date: /home/user/ros2_ws/install/custom_interface/share/custom_interface/local_setup.zsh
[5.522s] -- Up-to-date: /home/user/ros2_ws/install/custom_interface/share/custom_interface/local_setup.dsv
[5.522s] -- Installing: /home/user/ros2_ws/install/custom_interface/share/custom_interface/package.dsv
[5.523s] -- Up-to-date: /home/user/ros2_ws/install/custom_interface/share/ament_index/resource_index/packages/custom_interface
[5.523s] -- Up-to-date: /home/user/ros2_ws/install/custom_interface/share/custom_interface/cmake/export_custom_interface__rosidl_generator_cExport.cmake
[5.523s] -- Up-to-date: /home/user/ros2_ws/install/custom_interface/share/custom_interface/cmake/export_custom_interface__rosidl_generator_cExport-noconfig.cmake
[5.523s] -- Up-to-date: /home/user/ros2_ws/install/custom_interface/share/custom_interface/cmake/export_custom_interface__rosidl_typesupport_fastrtps_cExport.cmake
[5.523s] -- Up-to-date: /home/user/ros2_ws/install/custom_interface/share/custom_interface/cmake/export_custom_interface__rosidl_typesupport_fastrtps_cExport-noconfig.cmake
[5.523s] -- Up-to-date: /home/user/ros2_ws/install/custom_interface/share/custom_interface/cmake/export_custom_interface__rosidl_generator_cppExport.cmake
[5.523s] -- Up-to-date: /home/user/ros2_ws/install/custom_interface/share/custom_interface/cmake/export_custom_interface__rosidl_typesupport_fastrtps_cppExport.cmake
[5.524s] -- Up-to-date: /home/user/ros2_ws/install/custom_interface/share/custom_interface/cmake/export_custom_interface__rosidl_typesupport_fastrtps_cppExport-noconfig.cmake
[5.524s] -- Up-to-date: /home/user/ros2_ws/install/custom_interface/share/custom_interface/cmake/custom_interface__rosidl_typesupport_introspection_cExport.cmake
[5.524s] -- Up-to-date: /home/user/ros2_ws/install/custom_interface/share/custom_interface/cmake/custom_interface__rosidl_typesupport_introspection_cExport-noconfig.cmake
[5.524s] -- Up-to-date: /home/user/ros2_ws/install/custom_interface/share/custom_interface/cmake/custom_interface__rosidl_typesupport_cExport.cmake
[5.524s] -- Up-to-date: /home/user/ros2_ws/install/custom_interface/share/custom_interface/cmake/custom_interface__rosidl_typesupport_cExport-noconfig.cmake
[5.524s] -- Up-to-date: /home/user/ros2_ws/install/custom_interface/share/custom_interface/cmake/custom_interface__rosidl_typesupport_introspection_cppExport.cmake
[5.525s] -- Up-to-date: /home/user/ros2_ws/install/custom_interface/share/custom_interface/cmake/custom_interface__rosidl_typesupport_introspection_cppExport-noconfig.cmake
[5.525s] -- Up-to-date: /home/user/ros2_ws/install/custom_interface/share/custom_interface/cmake/custom_interface__rosidl_typesupport_cppExport.cmake
[5.525s] -- Up-to-date: /home/user/ros2_ws/install/custom_interface/share/custom_interface/cmake/custom_interface__rosidl_typesupport_cppExport-noconfig.cmake
[5.525s] -- Up-to-date: /home/user/ros2_ws/install/custom_interface/share/custom_interface/cmake/export_custom_interface__rosidl_generator_pyExport.cmake
[5.525s] -- Up-to-date: /home/user/ros2_ws/install/custom_interface/share/custom_interface/cmake/export_custom_interface__rosidl_generator_pyExport-noconfig.cmake
[5.525s] -- Up-to-date: /home/user/ros2_ws/install/custom_interface/share/custom_interface/cmake/rosidl_cmake-extras.cmake
[5.525s] -- Up-to-date: /home/user/ros2_ws/install/custom_interface/share/custom_interface/cmake/ament_cmake_export_include_directories-extras.cmake
[5.525s] -- Up-to-date: /home/user/ros2_ws/install/custom_interface/share/custom_interface/cmake/ament_cmake_export_libraries-extras.cmake
[5.525s] -- Up-to-date: /home/user/ros2_ws/install/custom_interface/share/custom_interface/cmake/ament_cmake_export_targets-extras.cmake
[5.525s] -- Up-to-date: /home/user/ros2_ws/install/custom_interface/share/custom_interface/cmake/rosidl_cmake_export_typesupport_targets-extras.cmake
[5.526s] -- Up-to-date: /home/user/ros2_ws/install/custom_interface/share/custom_interface/cmake/ament_cmake_export_dependencies-extras.cmake
[5.526s] -- Up-to-date: /home/user/ros2_ws/install/custom_interface/share/custom_interface/cmake/rosidl_cmake_export_typesupport_libraries-extras.cmake
[5.526s] -- Up-to-date: /home/user/ros2_ws/install/custom_interface/share/custom_interface/cmake/custom_interfaceConfig.cmake
[5.526s] -- Up-to-date: /home/user/ros2_ws/install/custom_interface/share/custom_interface/cmake/custom_interfaceConfig-version.cmake
[5.526s] -- Up-to-date: /home/user/ros2_ws/install/custom_interface/share/custom_interface/package.xml
[5.531s] Invoked command in '/home/user/ros2_ws/build/custom_interface' returned '0': CMAKE_PREFIX_PATH=${CMAKE_PREFIX_PATH}:/home/user/ros2_ws/install/project_path_planning:/home/user/ros2_ws/install/project_mapping:/home/user/ros2_ws/install/project_localization:/home/simulations/ros2_sims_ws/install/rclrs_tests:/home/simulations/ros2_sims_ws/install/examples_rclrs_minimal_client_service:/home/simulations/ros2_sims_ws/install/sensor_msgs_py:/home/simulations/ros2_sims_ws/install/examples_rclrs_minimal_pub_sub:/home/simulations/ros2_sims_ws/install/examples_rclrs_message_demo:/home/simulations/ros2_sims_ws/install/rclrs:/home/simulations/ros2_sims_ws/install/rosidl_runtime_rs:/opt/ros/humble _=/usr/bin/env /usr/bin/cmake --install /home/user/ros2_ws/build/custom_interface
