[1.639s] Invoking command in '/home/user/ros2_ws/src/project_path_planning': PYTHONPATH=/home/user/ros2_ws/build/project_path_planning/prefix_override:/home/user/ros2_ws/install/project_path_planning/lib/python3.10/site-packages:${PYTHONPATH} _=/usr/bin/env /usr/bin/python3 setup.py egg_info --egg-base ../../build/project_path_planning build --build-base /home/user/ros2_ws/build/project_path_planning/build install --record /home/user/ros2_ws/build/project_path_planning/install.log --single-version-externally-managed
[2.097s] running egg_info
[2.098s] writing ../../build/project_path_planning/project_path_planning.egg-info/PKG-INFO
[2.099s] writing dependency_links to ../../build/project_path_planning/project_path_planning.egg-info/dependency_links.txt
[2.099s] writing entry points to ../../build/project_path_planning/project_path_planning.egg-info/entry_points.txt
[2.099s] writing requirements to ../../build/project_path_planning/project_path_planning.egg-info/requires.txt
[2.099s] writing top-level names to ../../build/project_path_planning/project_path_planning.egg-info/top_level.txt
[2.102s] reading manifest file '../../build/project_path_planning/project_path_planning.egg-info/SOURCES.txt'
[2.104s] writing manifest file '../../build/project_path_planning/project_path_planning.egg-info/SOURCES.txt'
[2.104s] running build
[2.104s] running build_py
[2.104s] copying project_path_planning/go_to_pose.py -> /home/user/ros2_ws/build/project_path_planning/build/lib/project_path_planning
[2.104s] running install
[2.105s] /usr/lib/python3/dist-packages/setuptools/command/install.py:34: SetuptoolsDeprecationWarning: setup.py install is deprecated. Use build and pip and other standards-based tools.
[2.105s]   warnings.warn(
[2.106s] running install_lib
[2.106s] copying /home/user/ros2_ws/build/project_path_planning/build/lib/project_path_planning/go_to_pose.py -> /home/user/ros2_ws/install/project_path_planning/lib/python3.10/site-packages/project_path_planning
[2.108s] byte-compiling /home/user/ros2_ws/install/project_path_planning/lib/python3.10/site-packages/project_path_planning/go_to_pose.py to go_to_pose.cpython-310.pyc
[2.109s] running install_data
[2.110s] running install_egg_info
[2.113s] removing '/home/user/ros2_ws/install/project_path_planning/lib/python3.10/site-packages/project_path_planning-0.0.0-py3.10.egg-info' (and everything under it)
[2.113s] Copying ../../build/project_path_planning/project_path_planning.egg-info to /home/user/ros2_ws/install/project_path_planning/lib/python3.10/site-packages/project_path_planning-0.0.0-py3.10.egg-info
[2.115s] running install_scripts
[2.155s] Installing go_to_pose script to /home/user/ros2_ws/install/project_path_planning/lib/project_path_planning
[2.155s] writing list of installed files to '/home/user/ros2_ws/build/project_path_planning/install.log'
[2.191s] Invoked command in '/home/user/ros2_ws/src/project_path_planning' returned '0': PYTHONPATH=/home/user/ros2_ws/build/project_path_planning/prefix_override:/home/user/ros2_ws/install/project_path_planning/lib/python3.10/site-packages:${PYTHONPATH} _=/usr/bin/env /usr/bin/python3 setup.py egg_info --egg-base ../../build/project_path_planning build --build-base /home/user/ros2_ws/build/project_path_planning/build install --record /home/user/ros2_ws/build/project_path_planning/install.log --single-version-externally-managed
