[1.495s] Invoking command in '/home/user/ros2_ws/src/project_path_planning': PYTHONPATH=/home/user/ros2_ws/build/project_path_planning/prefix_override:/home/user/ros2_ws/install/project_path_planning/lib/python3.10/site-packages:${PYTHONPATH} _=/usr/bin/env /usr/bin/python3 setup.py egg_info --egg-base ../../build/project_path_planning build --build-base /home/user/ros2_ws/build/project_path_planning/build install --record /home/user/ros2_ws/build/project_path_planning/install.log --single-version-externally-managed
[1.873s] running egg_info
[1.878s] writing ../../build/project_path_planning/project_path_planning.egg-info/PKG-INFO
[1.880s] writing dependency_links to ../../build/project_path_planning/project_path_planning.egg-info/dependency_links.txt
[1.880s] writing entry points to ../../build/project_path_planning/project_path_planning.egg-info/entry_points.txt
[1.881s] writing requirements to ../../build/project_path_planning/project_path_planning.egg-info/requires.txt
[1.881s] writing top-level names to ../../build/project_path_planning/project_path_planning.egg-info/top_level.txt
[1.883s] reading manifest file '../../build/project_path_planning/project_path_planning.egg-info/SOURCES.txt'
[1.884s] writing manifest file '../../build/project_path_planning/project_path_planning.egg-info/SOURCES.txt'
[1.885s] running build
[1.885s] running build_py
[1.885s] running install
[1.885s] /usr/lib/python3/dist-packages/setuptools/command/install.py:34: SetuptoolsDeprecationWarning: setup.py install is deprecated. Use build and pip and other standards-based tools.
[1.885s]   warnings.warn(
[1.886s] running install_lib
[1.888s] running install_data
[1.889s] copying config/planner_server.yaml -> /home/user/ros2_ws/install/project_path_planning/share/project_path_planning/config
[1.889s] running install_egg_info
[1.892s] removing '/home/user/ros2_ws/install/project_path_planning/lib/python3.10/site-packages/project_path_planning-0.0.0-py3.10.egg-info' (and everything under it)
[1.893s] Copying ../../build/project_path_planning/project_path_planning.egg-info to /home/user/ros2_ws/install/project_path_planning/lib/python3.10/site-packages/project_path_planning-0.0.0-py3.10.egg-info
[1.894s] running install_scripts
[1.922s] Installing go_to_pose script to /home/user/ros2_ws/install/project_path_planning/lib/project_path_planning
[1.922s] writing list of installed files to '/home/user/ros2_ws/build/project_path_planning/install.log'
[1.960s] Invoked command in '/home/user/ros2_ws/src/project_path_planning' returned '0': PYTHONPATH=/home/user/ros2_ws/build/project_path_planning/prefix_override:/home/user/ros2_ws/install/project_path_planning/lib/python3.10/site-packages:${PYTHONPATH} _=/usr/bin/env /usr/bin/python3 setup.py egg_info --egg-base ../../build/project_path_planning build --build-base /home/user/ros2_ws/build/project_path_planning/build install --record /home/user/ros2_ws/build/project_path_planning/install.log --single-version-externally-managed
