[5.275s] Invoking command in '/home/user/ros2_ws/src/project_path_planning': PYTHONPATH=/home/user/ros2_ws/build/project_path_planning/prefix_override:/home/user/ros2_ws/install/project_path_planning/lib/python3.10/site-packages:${PYTHONPATH} _=/usr/bin/env /usr/bin/python3 setup.py egg_info --egg-base ../../build/project_path_planning build --build-base /home/user/ros2_ws/build/project_path_planning/build install --record /home/user/ros2_ws/build/project_path_planning/install.log --single-version-externally-managed
[7.185s] running egg_info
[7.195s] writing ../../build/project_path_planning/project_path_planning.egg-info/PKG-INFO
[7.195s] writing dependency_links to ../../build/project_path_planning/project_path_planning.egg-info/dependency_links.txt
[7.195s] writing entry points to ../../build/project_path_planning/project_path_planning.egg-info/entry_points.txt
[7.196s] writing requirements to ../../build/project_path_planning/project_path_planning.egg-info/requires.txt
[7.196s] writing top-level names to ../../build/project_path_planning/project_path_planning.egg-info/top_level.txt
[7.200s] reading manifest file '../../build/project_path_planning/project_path_planning.egg-info/SOURCES.txt'
[7.206s] writing manifest file '../../build/project_path_planning/project_path_planning.egg-info/SOURCES.txt'
[7.206s] running build
[7.206s] running build_py
[7.206s] copying project_path_planning/go_to_pose.py -> /home/user/ros2_ws/build/project_path_planning/build/lib/project_path_planning
[7.210s] running install
[7.211s] /usr/lib/python3/dist-packages/setuptools/command/install.py:34: SetuptoolsDeprecationWarning: setup.py install is deprecated. Use build and pip and other standards-based tools.
[7.211s]   warnings.warn(
[7.211s] running install_lib
[7.213s] copying /home/user/ros2_ws/build/project_path_planning/build/lib/project_path_planning/go_to_pose.py -> /home/user/ros2_ws/install/project_path_planning/lib/python3.10/site-packages/project_path_planning
[7.216s] byte-compiling /home/user/ros2_ws/install/project_path_planning/lib/python3.10/site-packages/project_path_planning/go_to_pose.py to go_to_pose.cpython-310.pyc
[7.217s] running install_data
[7.266s] running install_egg_info
[7.266s] removing '/home/user/ros2_ws/install/project_path_planning/lib/python3.10/site-packages/project_path_planning-0.0.0-py3.10.egg-info' (and everything under it)
[7.266s] Copying ../../build/project_path_planning/project_path_planning.egg-info to /home/user/ros2_ws/install/project_path_planning/lib/python3.10/site-packages/project_path_planning-0.0.0-py3.10.egg-info
[7.287s] running install_scripts
[7.566s] Installing go_to_pose script to /home/user/ros2_ws/install/project_path_planning/lib/project_path_planning
[7.567s] writing list of installed files to '/home/user/ros2_ws/build/project_path_planning/install.log'
[7.691s] Invoked command in '/home/user/ros2_ws/src/project_path_planning' returned '0': PYTHONPATH=/home/user/ros2_ws/build/project_path_planning/prefix_override:/home/user/ros2_ws/install/project_path_planning/lib/python3.10/site-packages:${PYTHONPATH} _=/usr/bin/env /usr/bin/python3 setup.py egg_info --egg-base ../../build/project_path_planning build --build-base /home/user/ros2_ws/build/project_path_planning/build install --record /home/user/ros2_ws/build/project_path_planning/install.log --single-version-externally-managed
