[3.640s] Invoking command in '/home/user/ros2_ws/src/project_path_planning': PYTHONPATH=/home/user/ros2_ws/build/project_path_planning/prefix_override:/home/user/ros2_ws/install/project_path_planning/lib/python3.10/site-packages:${PYTHONPATH} _=/usr/bin/env /usr/bin/python3 setup.py egg_info --egg-base ../../build/project_path_planning build --build-base /home/user/ros2_ws/build/project_path_planning/build install --record /home/user/ros2_ws/build/project_path_planning/install.log --single-version-externally-managed
[5.023s] running egg_info
[5.026s] writing ../../build/project_path_planning/project_path_planning.egg-info/PKG-INFO
[5.027s] writing dependency_links to ../../build/project_path_planning/project_path_planning.egg-info/dependency_links.txt
[5.028s] writing entry points to ../../build/project_path_planning/project_path_planning.egg-info/entry_points.txt
[5.029s] writing requirements to ../../build/project_path_planning/project_path_planning.egg-info/requires.txt
[5.029s] writing top-level names to ../../build/project_path_planning/project_path_planning.egg-info/top_level.txt
[5.032s] reading manifest file '../../build/project_path_planning/project_path_planning.egg-info/SOURCES.txt'
[5.034s] writing manifest file '../../build/project_path_planning/project_path_planning.egg-info/SOURCES.txt'
[5.034s] running build
[5.034s] running build_py
[5.037s] copying project_path_planning/go_to_pose.py -> /home/user/ros2_ws/build/project_path_planning/build/lib/project_path_planning
[5.037s] /usr/lib/python3/dist-packages/setuptools/command/install.py:34: SetuptoolsDeprecationWarning: setup.py install is deprecated. Use build and pip and other standards-based tools.
[5.037s]   warnings.warn(
[5.037s] running install
[5.038s] running install_lib
[5.045s] copying /home/user/ros2_ws/build/project_path_planning/build/lib/project_path_planning/go_to_pose.py -> /home/user/ros2_ws/install/project_path_planning/lib/python3.10/site-packages/project_path_planning
[5.045s] byte-compiling /home/user/ros2_ws/install/project_path_planning/lib/python3.10/site-packages/project_path_planning/go_to_pose.py to go_to_pose.cpython-310.pyc
[5.045s] running install_data
[5.045s] running install_egg_info
[5.046s] removing '/home/user/ros2_ws/install/project_path_planning/lib/python3.10/site-packages/project_path_planning-0.0.0-py3.10.egg-info' (and everything under it)
[5.046s] Copying ../../build/project_path_planning/project_path_planning.egg-info to /home/user/ros2_ws/install/project_path_planning/lib/python3.10/site-packages/project_path_planning-0.0.0-py3.10.egg-info
[5.047s] running install_scripts
[5.139s] Installing go_to_pose script to /home/user/ros2_ws/install/project_path_planning/lib/project_path_planning
[5.139s] writing list of installed files to '/home/user/ros2_ws/build/project_path_planning/install.log'
[5.305s] Invoked command in '/home/user/ros2_ws/src/project_path_planning' returned '0': PYTHONPATH=/home/user/ros2_ws/build/project_path_planning/prefix_override:/home/user/ros2_ws/install/project_path_planning/lib/python3.10/site-packages:${PYTHONPATH} _=/usr/bin/env /usr/bin/python3 setup.py egg_info --egg-base ../../build/project_path_planning build --build-base /home/user/ros2_ws/build/project_path_planning/build install --record /home/user/ros2_ws/build/project_path_planning/install.log --single-version-externally-managed
